#
# A fatal error has been detected by the Java Runtime Environment:
#
#  EXCEPTION_ACCESS_VIOLATION (0xc0000005) at pc=0x00000000665cb0f0, pid=5588, tid=0x0000000000001460
#
# JRE version: OpenJDK Runtime Environment (8.0_112-b06) (build 1.8.0_112-release-b06)
# Java VM: OpenJDK 64-Bit Server VM (25.112-b06 mixed mode windows-amd64 compressed oops)
# Problematic frame:
# V  [jvm.dll+0x46b0f0]
#
# Failed to write core dump. Minidumps are not enabled by default on client versions of Windows
#
# If you would like to submit a bug report, please visit:
#   http://bugreport.java.com/bugreport/crash.jsp
#

---------------  T H R E A D  ---------------

Current thread (0x0000000055f85800):  JavaThread "C2 CompilerThread0" daemon [_thread_in_native, id=5216, stack(0x0000000057320000,0x0000000057420000)]

siginfo: ExceptionCode=0xc0000005, reading address 0x0000000062922010

Registers:
RAX=0x0000000000000000, RBX=0x0000000000000000, RCX=0x0000000062922010, RDX=0x0000000000000000
RSP=0x000000005741c4d0, RBP=0x000000000000000c, RSI=0x0000000000000060, RDI=0x000000005741c520
R8 =0x0000000000000000, R9 =0x0000000000002b39, R10=0x0000000066160000, R11=0x000000005741c3f0
R12=0x000000000004d230, R13=0x0000000000000b05, R14=0x0000000066160000, R15=0x00000000000003d8
RIP=0x00000000665cb0f0, EFLAGS=0x0000000000010246

Top of Stack: (sp=0x000000005741c4d0)
0x000000005741c4d0:   000000005741ecb0 000000005e391930
0x000000005741c4e0:   fffffffffffffff8 0000000055f187a0
0x000000005741c4f0:   0000000000000001 00000000665c69c5
0x000000005741c500:   000000005e10c9d0 0000000000000000
0x000000005741c510:   000000005741c600 0000000000000000
0x000000005741c520:   0000000000000000 0000000000000008
0x000000005741c530:   0000000062922010 0000000000000000
0x000000005741c540:   000000005d404060 0000000000000045
0x000000005741c550:   000000005e15e370 000000005741c8f0
0x000000005741c560:   0000000057a27808 0000000057a27430
0x000000005741c570:   000000005741c680 0000000066592caa
0x000000005741c580:   0000000000000000 0000000057a27420
0x000000005741c590:   000000005741c8f0 0000000000000000
0x000000005741c5a0:   0000000000000002 0000000057a27420
0x000000005741c5b0:   000000005ef24440 000000005ef25770
0x000000005741c5c0:   000000005ef2c428 00000000014cb170 

Instructions: (pc=0x00000000665cb0f0)
0x00000000665cb0d0:   48 8b 4f 20 48 39 04 0e 0f 84 9d 00 00 00 48 8b
0x00000000665cb0e0:   0c 0e 33 d2 33 c0 48 89 4f 10 66 0f 1f 44 00 00
0x00000000665cb0f0:   83 3c 08 00 0f 85 36 01 00 00 ff c2 48 83 c0 04
0x00000000665cb100:   83 fa 08 72 eb 48 8b 47 30 48 89 44 24 30 48 85 


Register to memory mapping:

RAX=0x0000000000000000 is an unknown value
RBX=0x0000000000000000 is an unknown value
RCX=0x0000000062922010 is an unknown value
RDX=0x0000000000000000 is an unknown value
RSP=0x000000005741c4d0 is pointing into the stack for thread: 0x0000000055f85800
RBP=0x000000000000000c is an unknown value
RSI=0x0000000000000060 is an unknown value
RDI=0x000000005741c520 is pointing into the stack for thread: 0x0000000055f85800
R8 =0x0000000000000000 is an unknown value
R9 =0x0000000000002b39 is an unknown value
R10=0x0000000066160000 is an unknown value
R11=0x000000005741c3f0 is pointing into the stack for thread: 0x0000000055f85800
R12=0x000000000004d230 is an unknown value
R13=0x0000000000000b05 is an unknown value
R14=0x0000000066160000 is an unknown value
R15=0x00000000000003d8 is an unknown value


Stack: [0x0000000057320000,0x0000000057420000],  sp=0x000000005741c4d0,  free space=1009k
Native frames: (J=compiled Java code, j=interpreted, Vv=VM code, C=native code)
V  [jvm.dll+0x46b0f0]
V  [jvm.dll+0x4669c5]
V  [jvm.dll+0x432caa]
V  [jvm.dll+0x43d6bb]
V  [jvm.dll+0x43ff8e]
V  [jvm.dll+0x423242]
V  [jvm.dll+0x80b29]
V  [jvm.dll+0x8145f]
V  [jvm.dll+0x21be7f]
V  [jvm.dll+0x26c13a]
C  [msvcr100.dll+0x21d9f]
C  [msvcr100.dll+0x21e3b]
C  [kernel32.dll+0x159cd]
C  [ntdll.dll+0x2a561]


Current CompileTask:
C2:   1788 1288       4       java.net.URLClassLoader$1::run (5 bytes)


---------------  P R O C E S S  ---------------

Java Threads: ( => current thread )
  0x000000005996d800 JavaThread "Stdin handler" [_thread_blocked, id=6516, stack(0x000000005bc50000,0x000000005bd50000)]
  0x0000000059321000 JavaThread "Asynchronous log dispatcher for DefaultDaemonConnection: socket connection from /127.0.0.1:6534 to /127.0.0.1:6535" [_thread_blocked, id=6676, stack(0x000000005ba80000,0x000000005bb80000)]
  0x0000000059970800 JavaThread "Unknown thread" [_thread_blocked, id=6460, stack(0x000000005b930000,0x000000005ba30000)]
  0x0000000058de8000 JavaThread "Cancel handler" [_thread_blocked, id=4552, stack(0x000000005b7a0000,0x000000005b8a0000)]
  0x0000000059326800 JavaThread "pool-1-thread-1" [_thread_blocked, id=7056, stack(0x000000005b5b0000,0x000000005b6b0000)]
  0x0000000058da5000 JavaThread "Handler for socket connection from /127.0.0.1:6534 to /127.0.0.1:6535" [_thread_in_native, id=4820, stack(0x000000005b330000,0x000000005b430000)]
  0x0000000059940000 JavaThread "Daemon" [_thread_blocked, id=5668, stack(0x000000005b200000,0x000000005b300000)]
  0x0000000058f76000 JavaThread "Incoming local TCP Connector on port 6534" [_thread_in_native, id=5604, stack(0x000000005ae90000,0x000000005af90000)]
  0x0000000057a85000 JavaThread "Service Thread" daemon [_thread_blocked, id=5900, stack(0x0000000057810000,0x0000000057910000)]
  0x0000000057a10800 JavaThread "C1 CompilerThread2" daemon [_thread_blocked, id=5068, stack(0x0000000057e40000,0x0000000057f40000)]
  0x0000000055f8d000 JavaThread "C2 CompilerThread1" daemon [_thread_in_native, id=4000, stack(0x0000000057910000,0x0000000057a10000)]
=>0x0000000055f85800 JavaThread "C2 CompilerThread0" daemon [_thread_in_native, id=5216, stack(0x0000000057320000,0x0000000057420000)]
  0x0000000055f82000 JavaThread "Attach Listener" daemon [_thread_blocked, id=6868, stack(0x00000000576a0000,0x00000000577a0000)]
  0x0000000055f80000 JavaThread "Signal Dispatcher" daemon [_thread_blocked, id=6820, stack(0x00000000574b0000,0x00000000575b0000)]
  0x0000000055f67800 JavaThread "Finalizer" daemon [_thread_blocked, id=6788, stack(0x00000000571f0000,0x00000000572f0000)]
  0x0000000055f20800 JavaThread "Reference Handler" daemon [_thread_blocked, id=7132, stack(0x0000000056f10000,0x0000000057010000)]
  0x000000000036e000 JavaThread "main" [_thread_blocked, id=6556, stack(0x0000000002000000,0x0000000002100000)]

Other Threads:
  0x0000000055f19000 VMThread [stack: 0x0000000057010000,0x0000000057110000] [id=6960]
  0x0000000057a85800 WatcherThread [stack: 0x0000000058130000,0x0000000058230000] [id=1496]

VM state:at safepoint (normal execution)

VM Mutex/Monitor currently owned by a thread:  ([mutex/lock_event])
[0x000000000036c9a0] Threads_lock - owner thread: 0x0000000055f19000
[0x000000000036cea0] Heap_lock - owner thread: 0x0000000059970800

Heap:
 PSYoungGen      total 71680K, used 5104K [0x00000000e0000000, 0x00000000e4b00000, 0x0000000100000000)
  eden space 66560K, 0% used [0x00000000e0000000,0x00000000e0000000,0x00000000e4100000)
  from space 5120K, 99% used [0x00000000e4600000,0x00000000e4afc010,0x00000000e4b00000)
  to   space 5120K, 0% used [0x00000000e4100000,0x00000000e4100000,0x00000000e4600000)
 ParOldGen       total 87552K, used 7487K [0x00000000a0000000, 0x00000000a5580000, 0x00000000e0000000)
  object space 87552K, 8% used [0x00000000a0000000,0x00000000a074fda8,0x00000000a5580000)
 Metaspace       used 20800K, capacity 21112K, committed 21296K, reserved 1067008K
  class space    used 2757K, capacity 2869K, committed 2944K, reserved 1048576K

Card table byte_map: [0x0000000011790000,0x0000000011aa0000] byte_map_base: 0x0000000011290000

Marking Bits: (ParMarkBitMap*) 0x00000000669218f0
 Begin Bits: [0x0000000012290000, 0x0000000013a90000)
 End Bits:   [0x0000000013a90000, 0x0000000015290000)

Polling page: 0x0000000000340000

CodeCache: size=245760Kb used=5431Kb max_used=5431Kb free=240328Kb
 bounds [0x00000000023d0000, 0x0000000002920000, 0x00000000113d0000]
 total_blobs=2067 nmethods=1663 adapters=317
 compilation: enabled

Compilation events (10 events):
Event: 1.688 Thread 0x0000000057a10800 1675       1       groovy.lang.MetaBeanProperty::getSetter (5 bytes)
Event: 1.688 Thread 0x0000000057a10800 nmethod 1675 0x000000000291da10 code [0x000000000291db60, 0x000000000291dc70]
Event: 1.688 Thread 0x0000000057a10800 1673       1       sun.reflect.generics.repository.AbstractRepository::getFactory (5 bytes)
Event: 1.688 Thread 0x0000000057a10800 nmethod 1673 0x000000000291dcd0 code [0x000000000291de20, 0x000000000291df30]
Event: 1.690 Thread 0x0000000057a10800 1680       2       org.codehaus.groovy.reflection.CachedMethod::compareToMethod (125 bytes)
Event: 1.690 Thread 0x0000000057a10800 nmethod 1680 0x000000000291e190 code [0x000000000291e380, 0x000000000291e928]
Event: 1.691 Thread 0x0000000057a10800 1679       2       org.codehaus.groovy.reflection.CachedMethod$MyComparator::compare (43 bytes)
Event: 1.691 Thread 0x0000000057a10800 nmethod 1679 0x000000000291ef90 code [0x000000000291f160, 0x000000000291f608]
Event: 1.691 Thread 0x0000000057a10800 1681       1       groovy.lang.MetaProperty::getType (5 bytes)
Event: 1.691 Thread 0x0000000057a10800 nmethod 1681 0x000000000291f8d0 code [0x000000000291fa20, 0x000000000291fb30]

GC Heap History (9 events):
Event: 0.520 GC heap before
{Heap before GC invocations=1 (full 0):
 PSYoungGen      total 38400K, used 33280K [0x00000000e0000000, 0x00000000e2a80000, 0x0000000100000000)
  eden space 33280K, 100% used [0x00000000e0000000,0x00000000e2080000,0x00000000e2080000)
  from space 5120K, 0% used [0x00000000e2580000,0x00000000e2580000,0x00000000e2a80000)
  to   space 5120K, 0% used [0x00000000e2080000,0x00000000e2080000,0x00000000e2580000)
 ParOldGen       total 87552K, used 0K [0x00000000a0000000, 0x00000000a5580000, 0x00000000e0000000)
  object space 87552K, 0% used [0x00000000a0000000,0x00000000a0000000,0x00000000a5580000)
 Metaspace       used 6801K, capacity 6964K, committed 7040K, reserved 1056768K
  class space    used 832K, capacity 892K, committed 896K, reserved 1048576K
Event: 0.525 GC heap after
Heap after GC invocations=1 (full 0):
 PSYoungGen      total 38400K, used 4370K [0x00000000e0000000, 0x00000000e2a80000, 0x0000000100000000)
  eden space 33280K, 0% used [0x00000000e0000000,0x00000000e0000000,0x00000000e2080000)
  from space 5120K, 85% used [0x00000000e2080000,0x00000000e24c49d0,0x00000000e2580000)
  to   space 5120K, 0% used [0x00000000e2580000,0x00000000e2580000,0x00000000e2a80000)
 ParOldGen       total 87552K, used 8K [0x00000000a0000000, 0x00000000a5580000, 0x00000000e0000000)
  object space 87552K, 0% used [0x00000000a0000000,0x00000000a0002000,0x00000000a5580000)
 Metaspace       used 6801K, capacity 6964K, committed 7040K, reserved 1056768K
  class space    used 832K, capacity 892K, committed 896K, reserved 1048576K
}
Event: 0.998 GC heap before
{Heap before GC invocations=2 (full 0):
 PSYoungGen      total 38400K, used 37650K [0x00000000e0000000, 0x00000000e2a80000, 0x0000000100000000)
  eden space 33280K, 100% used [0x00000000e0000000,0x00000000e2080000,0x00000000e2080000)
  from space 5120K, 85% used [0x00000000e2080000,0x00000000e24c49d0,0x00000000e2580000)
  to   space 5120K, 0% used [0x00000000e2580000,0x00000000e2580000,0x00000000e2a80000)
 ParOldGen       total 87552K, used 8K [0x00000000a0000000, 0x00000000a5580000, 0x00000000e0000000)
  object space 87552K, 0% used [0x00000000a0000000,0x00000000a0002000,0x00000000a5580000)
 Metaspace       used 13090K, capacity 13428K, committed 13696K, reserved 1060864K
  class space    used 1750K, capacity 1869K, committed 1920K, reserved 1048576K
Event: 1.003 GC heap after
Heap after GC invocations=2 (full 0):
 PSYoungGen      total 38400K, used 5094K [0x00000000e0000000, 0x00000000e2a80000, 0x0000000100000000)
  eden space 33280K, 0% used [0x00000000e0000000,0x00000000e0000000,0x00000000e2080000)
  from space 5120K, 99% used [0x00000000e2580000,0x00000000e2a798d0,0x00000000e2a80000)
  to   space 5120K, 0% used [0x00000000e2080000,0x00000000e2080000,0x00000000e2580000)
 ParOldGen       total 87552K, used 815K [0x00000000a0000000, 0x00000000a5580000, 0x00000000e0000000)
  object space 87552K, 0% used [0x00000000a0000000,0x00000000a00cbff8,0x00000000a5580000)
 Metaspace       used 13090K, capacity 13428K, committed 13696K, reserved 1060864K
  class space    used 1750K, capacity 1869K, committed 1920K, reserved 1048576K
}
Event: 1.422 GC heap before
{Heap before GC invocations=3 (full 0):
 PSYoungGen      total 38400K, used 38374K [0x00000000e0000000, 0x00000000e2a80000, 0x0000000100000000)
  eden space 33280K, 100% used [0x00000000e0000000,0x00000000e2080000,0x00000000e2080000)
  from space 5120K, 99% used [0x00000000e2580000,0x00000000e2a798d0,0x00000000e2a80000)
  to   space 5120K, 0% used [0x00000000e2080000,0x00000000e2080000,0x00000000e2580000)
 ParOldGen       total 87552K, used 815K [0x00000000a0000000, 0x00000000a5580000, 0x00000000e0000000)
  object space 87552K, 0% used [0x00000000a0000000,0x00000000a00cbff8,0x00000000a5580000)
 Metaspace       used 16620K, capacity 16940K, committed 17024K, reserved 1064960K
  class space    used 2313K, capacity 2417K, committed 2432K, reserved 1048576K
Event: 1.459 GC heap after
Heap after GC invocations=3 (full 0):
 PSYoungGen      total 38400K, used 5107K [0x00000000e0000000, 0x00000000e4b00000, 0x0000000100000000)
  eden space 33280K, 0% used [0x00000000e0000000,0x00000000e0000000,0x00000000e2080000)
  from space 5120K, 99% used [0x00000000e2080000,0x00000000e257cc20,0x00000000e2580000)
  to   space 5120K, 0% used [0x00000000e4600000,0x00000000e4600000,0x00000000e4b00000)
 ParOldGen       total 87552K, used 3507K [0x00000000a0000000, 0x00000000a5580000, 0x00000000e0000000)
  object space 87552K, 4% used [0x00000000a0000000,0x00000000a036cdb0,0x00000000a5580000)
 Metaspace       used 16620K, capacity 16940K, committed 17024K, reserved 1064960K
  class space    used 2313K, capacity 2417K, committed 2432K, reserved 1048576K
}
Event: 1.702 GC heap before
{Heap before GC invocations=4 (full 0):
 PSYoungGen      total 38400K, used 25276K [0x00000000e0000000, 0x00000000e4b00000, 0x0000000100000000)
  eden space 33280K, 60% used [0x00000000e0000000,0x00000000e13b2508,0x00000000e2080000)
  from space 5120K, 99% used [0x00000000e2080000,0x00000000e257cc20,0x00000000e2580000)
  to   space 5120K, 0% used [0x00000000e4600000,0x00000000e4600000,0x00000000e4b00000)
 ParOldGen       total 87552K, used 3507K [0x00000000a0000000, 0x00000000a5580000, 0x00000000e0000000)
  object space 87552K, 4% used [0x00000000a0000000,0x00000000a036cdb0,0x00000000a5580000)
 Metaspace       used 20800K, capacity 21112K, committed 21296K, reserved 1067008K
  class space    used 2757K, capacity 2869K, committed 2944K, reserved 1048576K
Event: 1.715 GC heap after
Heap after GC invocations=4 (full 0):
 PSYoungGen      total 71680K, used 5104K [0x00000000e0000000, 0x00000000e4b00000, 0x0000000100000000)
  eden space 66560K, 0% used [0x00000000e0000000,0x00000000e0000000,0x00000000e4100000)
  from space 5120K, 99% used [0x00000000e4600000,0x00000000e4afc010,0x00000000e4b00000)
  to   space 5120K, 0% used [0x00000000e4100000,0x00000000e4100000,0x00000000e4600000)
 ParOldGen       total 87552K, used 7487K [0x00000000a0000000, 0x00000000a5580000, 0x00000000e0000000)
  object space 87552K, 8% used [0x00000000a0000000,0x00000000a074fda8,0x00000000a5580000)
 Metaspace       used 20800K, capacity 21112K, committed 21296K, reserved 1067008K
  class space    used 2757K, capacity 2869K, committed 2944K, reserved 1048576K
}
Event: 1.716 GC heap before
{Heap before GC invocations=5 (full 1):
 PSYoungGen      total 71680K, used 5104K [0x00000000e0000000, 0x00000000e4b00000, 0x0000000100000000)
  eden space 66560K, 0% used [0x00000000e0000000,0x00000000e0000000,0x00000000e4100000)
  from space 5120K, 99% used [0x00000000e4600000,0x00000000e4afc010,0x00000000e4b00000)
  to   space 5120K, 0% used [0x00000000e4100000,0x00000000e4100000,0x00000000e4600000)
 ParOldGen       total 87552K, used 7487K [0x00000000a0000000, 0x00000000a5580000, 0x00000000e0000000)
  object space 87552K, 8% used [0x00000000a0000000,0x00000000a074fda8,0x00000000a5580000)
 Metaspace       used 20800K, capacity 21112K, committed 21296K, reserved 1067008K
  class space    used 2757K, capacity 2869K, committed 2944K, reserved 1048576K

Deoptimization events (10 events):
Event: 1.465 Thread 0x0000000059970800 Uncommon trap: reason=bimorphic action=maybe_recompile pc=0x000000000282e1d8 method=java.lang.ClassLoader.loadClass(Ljava/lang/String;Z)Ljava/lang/Class; @ 38
Event: 1.465 Thread 0x0000000059970800 Uncommon trap: reason=bimorphic action=maybe_recompile pc=0x000000000282e1d8 method=java.lang.ClassLoader.loadClass(Ljava/lang/String;Z)Ljava/lang/Class; @ 38
Event: 1.466 Thread 0x0000000059970800 Uncommon trap: reason=unstable_if action=reinterpret pc=0x000000000271141c method=java.io.WinNTFileSystem.normalize(Ljava/lang/String;II)Ljava/lang/String; @ 90
Event: 1.466 Thread 0x0000000059970800 Uncommon trap: reason=class_check action=maybe_recompile pc=0x00000000025b3dc8 method=sun.misc.URLClassPath.getLoader(I)Lsun/misc/URLClassPath$Loader; @ 94
Event: 1.466 Thread 0x0000000059970800 Uncommon trap: reason=class_check action=maybe_recompile pc=0x00000000026bb31c method=sun.misc.URLClassPath.getResource(Ljava/lang/String;Z)Lsun/misc/Resource; @ 62
Event: 1.467 Thread 0x0000000059970800 Uncommon trap: reason=bimorphic action=maybe_recompile pc=0x000000000282e1d8 method=java.lang.ClassLoader.loadClass(Ljava/lang/String;Z)Ljava/lang/Class; @ 38
Event: 1.467 Thread 0x0000000059970800 Uncommon trap: reason=bimorphic action=maybe_recompile pc=0x000000000282e1d8 method=java.lang.ClassLoader.loadClass(Ljava/lang/String;Z)Ljava/lang/Class; @ 38
Event: 1.651 Thread 0x0000000059970800 Uncommon trap: reason=class_check action=maybe_recompile pc=0x00000000025b3f58 method=sun.misc.URLClassPath.getLoader(I)Lsun/misc/URLClassPath$Loader; @ 193
Event: 1.659 Thread 0x0000000059970800 Uncommon trap: reason=class_check action=maybe_recompile pc=0x00000000025b3f58 method=sun.misc.URLClassPath.getLoader(I)Lsun/misc/URLClassPath$Loader; @ 193
Event: 1.680 Thread 0x0000000059970800 Uncommon trap: reason=class_check action=maybe_recompile pc=0x00000000025b3f58 method=sun.misc.URLClassPath.getLoader(I)Lsun/misc/URLClassPath$Loader; @ 193

Internal exceptions (10 events):
Event: 1.655 Thread 0x0000000059970800 Exception <a 'java/lang/ClassNotFoundException': org/gradle/groovy/scripts/BasicScriptCustomizer> (0x00000000e0e04458) thrown at [C:\src\android\AOSP-openjdk\external\jetbrains\jdk\hotspot\src\share\vm\classfile\systemDictionary.cpp, line 210]
Event: 1.656 Thread 0x0000000059970800 Exception <a 'java/lang/ClassNotFoundException': org/gradle/groovy/scripts/DefaultScriptCustomizer> (0x00000000e0e20b18) thrown at [C:\src\android\AOSP-openjdk\external\jetbrains\jdk\hotspot\src\share\vm\classfile\systemDictionary.cpp, line 210]
Event: 1.659 Thread 0x0000000059970800 Exception <a 'java/lang/ClassNotFoundException': org/gradle/initialization/InitScriptCustomizer> (0x00000000e0e67fe8) thrown at [C:\src\android\AOSP-openjdk\external\jetbrains\jdk\hotspot\src\share\vm\classfile\systemDictionary.cpp, line 210]
Event: 1.660 Thread 0x0000000059970800 Exception <a 'java/lang/ClassNotFoundException': asLocalRepo4900_96g9lacp1874j2arflt6d14obCustomizer> (0x00000000e0e7bd40) thrown at [C:\src\android\AOSP-openjdk\external\jetbrains\jdk\hotspot\src\share\vm\classfile\systemDictionary.cpp, line 210]
Event: 1.672 Thread 0x0000000059970800 Exception <a 'java/lang/ClassNotFoundException': org/gradle/api/internal/plugins/DefaultExtraPropertiesExtensionBeanInfo> (0x00000000e0f2a0f8) thrown at [C:\src\android\AOSP-openjdk\external\jetbrains\jdk\hotspot\src\share\vm\classfile\systemDictionary.cpp²] ,âÂú?
Event: 1.673 Thread 0x0000000059970800 Exception <a 'java/lang/ClassNotFoundException': org/gradle/api/internal/plugins/DefaultExtraPropertiesExtensionCustomizer> (0x00000000e0f3e528) thrown at [C:\src\android\AOSP-openjdk\external\jetbrains\jdk\hotspot\src\share\vm\classfile\systemDictionary.c
Event: 1.682 Thread 0x0000000059970800 Exception <a 'java/lang/ClassNotFoundException': groovy/lang/Closure$1BeanInfo> (0x00000000e0fd8ed0) thrown at [C:\src\android\AOSP-openjdk\external\jetbrains\jdk\hotspot\src\share\vm\classfile\systemDictionary.cpp, line 210]
Event: 1.682 Thread 0x0000000059970800 Exception <a 'java/lang/ClassNotFoundException': groovy/lang/ClosureBeanInfo> (0x00000000e0fee308) thrown at [C:\src\android\AOSP-openjdk\external\jetbrains\jdk\hotspot\src\share\vm\classfile\systemDictionary.cpp, line 210]
Event: 1.683 Thread 0x0000000059970800 Exception <a 'java/lang/ClassNotFoundException': groovy/lang/ClosureCustomizer> (0x00000000e1003fa0) thrown at [C:\src\android\AOSP-openjdk\external\jetbrains\jdk\hotspot\src\share\vm\classfile\systemDictionary.cpp, line 210]
Event: 1.685 Thread 0x0000000059970800 Exception <a 'java/lang/ClassNotFoundException': groovy/lang/Closure$1Customizer> (0x00000000e1042e40) thrown at [C:\src\android\AOSP-openjdk\external\jetbrains\jdk\hotspot\src\share\vm\classfile\systemDictionary.cpp, line 210]

Events (10 events):
Event: 1.687 loading class org/codehaus/groovy/runtime/metaclass/ClosureMetaClass done
Event: 1.688 loading class org/codehaus/groovy/runtime/metaclass/ClosureMetaClass$1
Event: 1.688 loading class org/codehaus/groovy/runtime/metaclass/ClosureMetaClass$1 done
Event: 1.689 loading class org/codehaus/groovy/runtime/metaclass/ClosureMetaClass$MethodChooser
Event: 1.689 loading class org/codehaus/groovy/runtime/metaclass/ClosureMetaClass$MethodChooser done
Event: 1.690 loading class org/codehaus/groovy/runtime/metaclass/ClosureMetaClass$StandardClosureChooser
Event: 1.690 loading class org/codehaus/groovy/runtime/metaclass/ClosureMetaClass$StandardClosureChooser done
Event: 1.691 loading class org/codehaus/groovy/runtime/ArrayUtil
Event: 1.691 loading class org/codehaus/groovy/runtime/ArrayUtil done
Event: 1.702 Executing VM operation: CollectForMetadataAllocation


Dynamic libraries:
0x000000013f8a0000 - 0x000000013f8d1000 	C:\Program Files\Android\Android Studio\jre\bin\java.exe
0x00000000774d0000 - 0x000000007767a000 	C:\Windows\SYSTEM32\ntdll.dll
0x00000000773b0000 - 0x00000000774cf000 	C:\Windows\system32\kernel32.dll
0x000007fefd420000 - 0x000007fefd48a000 	C:\Windows\system32\KERNELBASE.dll
0x000007fefe110000 - 0x000007fefe1eb000 	C:\Windows\system32\ADVAPI32.dll
0x000007fefd9f0000 - 0x000007fefda8f000 	C:\Windows\system32\msvcrt.dll
0x000007fefe380000 - 0x000007fefe39f000 	C:\Windows\SYSTEM32\sechost.dll
0x000007fefd580000 - 0x000007fefd6ad000 	C:\Windows\system32\RPCRT4.dll
0x00000000772b0000 - 0x00000000773aa000 	C:\Windows\system32\USER32.dll
0x000007fefd8e0000 - 0x000007fefd947000 	C:\Windows\system32\GDI32.dll
0x000007fefea40000 - 0x000007fefea4e000 	C:\Windows\system32\LPK.dll
0x000007fefe040000 - 0x000007fefe10b000 	C:\Windows\system32\USP10.dll
0x000007fefc840000 - 0x000007fefca34000 	C:\Windows\WinSxS\amd64_microsoft.windows.common-controls_6595b64144ccf1df_6.0.7601.18837_none_fa3b1e3d17594757\COMCTL32.dll
0x000007fefdcf0000 - 0x000007fefdd61000 	C:\Windows\system32\SHLWAPI.dll
0x000007fefdf00000 - 0x000007fefdf2e000 	C:\Windows\system32\IMM32.DLL
0x000007fefdf30000 - 0x000007fefe039000 	C:\Windows\system32\MSCTF.dll
0x00000000731d0000 - 0x00000000732a2000 	C:\Program Files\Android\Android Studio\jre\jre\bin\msvcr100.dll
0x0000000066160000 - 0x000000006699c000 	C:\Program Files\Android\Android Studio\jre\jre\bin\server\jvm.dll
0x000007fef8660000 - 0x000007fef8669000 	C:\Windows\system32\WSOCK32.dll
0x000007fefd6b0000 - 0x000007fefd6fd000 	C:\Windows\system32\WS2_32.dll
0x000007fefde10000 - 0x000007fefde18000 	C:\Windows\system32\NSI.dll
0x000007feefc40000 - 0x000007feefc7b000 	C:\Windows\system32\WINMM.dll
0x000007fefb980000 - 0x000007fefb98c000 	C:\Windows\system32\VERSION.dll
0x00000000776a0000 - 0x00000000776a7000 	C:\Windows\system32\PSAPI.DLL
0x000007fef8670000 - 0x000007fef867f000 	C:\Program Files\Android\Android Studio\jre\jre\bin\verify.dll
0x000007feeef70000 - 0x000007feeef99000 	C:\Program Files\Android\Android Studio\jre\jre\bin\java.dll
0x000007feeeef0000 - 0x000007feeef06000 	C:\Program Files\Android\Android Studio\jre\jre\bin\zip.dll
0x000007fefea50000 - 0x000007feff7da000 	C:\Windows\system32\SHELL32.dll
0x000007fefdaf0000 - 0x000007fefdcec000 	C:\Windows\system32\ole32.dll
0x000007fefd1c0000 - 0x000007fefd1cf000 	C:\Windows\system32\profapi.dll
0x000007feedb10000 - 0x000007feedb2a000 	C:\Program Files\Android\Android Studio\jre\jre\bin\net.dll
0x000007fefc6d0000 - 0x000007fefc725000 	C:\Windows\system32\mswsock.dll
0x000007fefc6c0000 - 0x000007fefc6c7000 	C:\Windows\System32\wship6.dll
0x000007feedb30000 - 0x000007feedb41000 	C:\Program Files\Android\Android Studio\jre\jre\bin\nio.dll
0x000007fede420000 - 0x000007fede43e000 	C:\Users\user\.gradle\native\23\windows-amd64\native-platform.dll
0x000007fefc730000 - 0x000007fefc748000 	C:\Windows\system32\CRYPTSP.dll
0x000007fefc430000 - 0x000007fefc477000 	C:\Windows\system32\rsaenh.dll
0x000007fefd360000 - 0x000007fefd37e000 	C:\Windows\system32\USERENV.dll
0x000007fefd060000 - 0x000007fefd06f000 	C:\Windows\system32\CRYPTBASE.dll
0x000007fefaf90000 - 0x000007fefafb7000 	C:\Windows\system32\IPHLPAPI.DLL
0x000007fefaf80000 - 0x000007fefaf8b000 	C:\Windows\system32\WINNSI.DLL
0x000007fefbe20000 - 0x000007fefbe31000 	C:\Windows\system32\dhcpcsvc6.DLL
0x000007fefbda0000 - 0x000007fefbdb8000 	C:\Windows\system32\dhcpcsvc.DLL
0x000007feeeee0000 - 0x000007feeeeed000 	C:\Program Files\Android\Android Studio\jre\jre\bin\management.dll
0x000007feef150000 - 0x000007feef275000 	C:\Windows\system32\dbghelp.dll

VM Arguments:
jvm_args: -Xmx1536m -Dfile.encoding=windows-1251 -Duser.country=RU -Duser.language=ru -Duser.variant 
java_command: org.gradle.launcher.daemon.bootstrap.GradleDaemon 3.3
java_class_path (initial): C:\Users\user\.gradle\wrapper\dists\gradle-3.3-all\55gk2rcmfc6p2dg9u9ohc3hw9\gradle-3.3\lib\gradle-launcher-3.3.jar
Launcher Type: SUN_STANDARD

Environment Variables:
PATH=C:\ProgramData\Oracle\Java\javapath;C:\Program Files (x86)\Embarcadero\Studio\17.0\bin;C:\Users\Public\Documents\Embarcadero\Studio\17.0\Bpl;C:\Program Files (x86)\Embarcadero\Studio\17.0\bin64;C:\Users\Public\Documents\Embarcadero\Studio\17.0\Bpl\Win64;C:\Program Files (x86)\Borland\Delphi7\Bin;C:\Program Files (x86)\Borland\Delphi7\Projects\Bpl\;C:\Windows\system32;C:\Windows;C:\Windows\System32\Wbem;C:\Windows\System32\WindowsPowerShell\v1.0\;C:\Program Files (x86)\NVIDIA Corporation\PhysX\Common;C:\Program Files (x86)\Windows Kits\8.1\Windows Performance Toolkit\;C:\Program Files\Microsoft SQL Server\110\Tools\Binn\;C:\Program Files (x86)\Microsoft SDKs\TypeScript\1.0\;C:\Program Files\Microsoft SQL Server\120\Tools\Binn\;C:\Users\user\.dnx\bin;C:\Program Files\Microsoft DNX\Dnvm\;C:\Program Files (x86)\Microsoft SQL Server\100\Tools\Binn\;C:\Program Files\Microsoft SQL Server\100\Tools\Binn\;C:\Program Files\Microsoft SQL Server\100\DTS\Binn\;C:\Program Files (x86)\Microsoft SQL Server\100\Tools\Binn\VSS
USERNAME=user
OS=Windows_NT
PROCESSOR_IDENTIFIER=Intel64 Family 6 Model 60 Stepping 3, GenuineIntel



---------------  S Y S T E M  ---------------

OS: Windows 7 , 64 bit Build 7601 (6.1.7601.23915)

CPU:total 4 (2 cores per cpu, 2 threads per core) family 6 model 60 stepping 3, cmov, cx8, fxsr, mmx, sse, sse2, sse3, ssse3, sse4.1, sse4.2, popcnt, avx, avx2, aes, clmul, erms, lzcnt, ht, tsc, tscinvbit, bmi1, bmi2

Memory: 4k page, physical 8325648k(2074232k free), swap 16649436k(9503160k free)

vm_info: OpenJDK 64-Bit Server VM (25.112-b06) for windows-amd64 JRE (1.8.0_112-release-b06), built on Dec  8 2016 00:54:26 by "builder" with MS VC++ 10.0 (VS2010)

time: Wed Jan 03 14:34:41 2018
elapsed time: 1 seconds (0d 0h 0m 1s)

