#
# A fatal error has been detected by the Java Runtime Environment:
#
#  EXCEPTION_ACCESS_VIOLATION (0xc0000005) at pc=0x0000000065d33df0, pid=10816, tid=0x0000000000000968
#
# JRE version: OpenJDK Runtime Environment (8.0_112-b06) (build 1.8.0_112-release-b06)
# Java VM: OpenJDK 64-Bit Server VM (25.112-b06 mixed mode windows-amd64 compressed oops)
# Problematic frame:
# V  [jvm.dll+0xc3df0]
#
# Failed to write core dump. Minidumps are not enabled by default on client versions of Windows
#
# If you would like to submit a bug report, please visit:
#   http://bugreport.java.com/bugreport/crash.jsp
#

---------------  T H R E A D  ---------------

Current thread (0x0000000059345800):  JavaThread "Daemon worker" [_thread_in_vm, id=2408, stack(0x000000005a590000,0x000000005a690000)]

siginfo: ExceptionCode=0xc0000005, reading address 0x000000001167eb00

Registers:
RAX=0x000000001167eaf8, RBX=0x0000000059345800, RCX=0x000000001167eaf8, RDX=0x0000000000000002
RSP=0x000000005a68caf8, RBP=0x000000005a68cb98, RSI=0x0000000055460480, RDI=0x0000000000000002
R8 =0x0000000059345800, R9 =0x000000000000000b, R10=0x00000000592f6b20, R11=0x000000001167eaf8
R12=0x0000000000000000, R13=0x000000005a910743, R14=0x000000005a68cbd0, R15=0x0000000059345800
RIP=0x0000000065d33df0, EFLAGS=0x0000000000010246

Top of Stack: (sp=0x000000005a68caf8)
0x000000005a68caf8:   0000000065d06246 000000005a68cb98
0x000000005a68cb08:   0000000000000002 0000000000000000
0x000000005a68cb18:   0000000059345800 000000000010c940
0x000000005a68cb28:   000000000253522d 0000000059345800
0x000000005a68cb38:   00000000000000bd 3ff0000000000000
0x000000005a68cb48:   0000000002518071 00000000025351e7
0x000000005a68cb58:   000000005a68cb58 000000005a910743
0x000000005a68cb68:   000000005a68cbd0 000000005a911588
0x000000005a68cb78:   0000000000000000 000000005a9107a8
0x000000005a68cb88:   0000000000000000 000000005a68cbb8
0x000000005a68cb98:   000000005a68cc20 0000000002518071
0x000000005a68cba8:   0000000000000000 0000000000000002
0x000000005a68cbb8:   0000000000000002 00000000e209d858
0x000000005a68cbc8:   00000000e2095e10 00000000e20a4ca8
0x000000005a68cbd8:   00000000e20a4ca8 000000005a68cbe0
0x000000005a68cbe8:   000000005a892c72 000000005a68cc38 

Instructions: (pc=0x0000000065d33df0)
0x0000000065d33dd0:   48 63 c1 4d 8b c8 48 8d 0d e3 2c 6f 00 48 8b 0c
0x0000000065d33de0:   c1 45 33 c0 e9 c7 1c 05 00 cc cc cc cc cc cc cc
0x0000000065d33df0:   83 79 08 00 4d 8b c8 44 8b c2 ba 01 00 00 00 7d
0x0000000065d33e00:   05 e9 8a b9 00 00 e9 b5 1a 02 00 cc cc cc cc cc 


Register to memory mapping:

RAX=0x000000001167eaf8 is an unknown value
RBX=0x0000000059345800 is a thread
RCX=0x000000001167eaf8 is an unknown value
RDX=0x0000000000000002 is an unknown value
RSP=0x000000005a68caf8 is pointing into the stack for thread: 0x0000000059345800
RBP=0x000000005a68cb98 is pointing into the stack for thread: 0x0000000059345800
RSI={method} {0x0000000055460488} '<init>' '()V' in 'java/lang/Object'
RDI=0x0000000000000002 is an unknown value
R8 =0x0000000059345800 is a thread
R9 =0x000000000000000b is an unknown value
R10=0x00000000592f6b20 is an unknown value
R11=0x000000001167eaf8 is an unknown value
R12=0x0000000000000000 is an unknown value
R13=0x000000005a910743 is pointing into metadata
R14=0x000000005a68cbd0 is pointing into the stack for thread: 0x0000000059345800
R15=0x0000000059345800 is a thread


Stack: [0x000000005a590000,0x000000005a690000],  sp=0x000000005a68caf8,  free space=1010k
Native frames: (J=compiled Java code, j=interpreted, Vv=VM code, C=native code)
V  [jvm.dll+0xc3df0]

Java frames: (J=compiled Java code, j=interpreted, Vv=VM code)

[error occurred during error reporting (printing Java stack), id 0xc0000005]


---------------  P R O C E S S  ---------------

Java Threads: ( => current thread )
  0x0000000059461000 JavaThread "File lock request listener" [_thread_in_native, id=9672, stack(0x000000005ba80000,0x000000005bb80000)]
  0x0000000059399000 JavaThread "Stdin handler" [_thread_blocked, id=8396, stack(0x000000005a6f0000,0x000000005a7f0000)]
  0x0000000059398000 JavaThread "Asynchronous log dispatcher for DefaultDaemonConnection: socket connection from /127.0.0.1:15238 to /127.0.0.1:15239" [_thread_blocked, id=4596, stack(0x000000005a430000,0x000000005a530000)]
=>0x0000000059345800 JavaThread "Daemon worker" [_thread_in_vm, id=2408, stack(0x000000005a590000,0x000000005a690000)]
  0x0000000059356800 JavaThread "Cancel handler" [_thread_blocked, id=9008, stack(0x0000000058b00000,0x0000000058c00000)]
  0x0000000059323000 JavaThread "Handler for socket connection from /127.0.0.1:15238 to /127.0.0.1:15239" [_thread_in_native, id=10332, stack(0x000000005a2d0000,0x000000005a3d0000)]
  0x0000000059320000 JavaThread "Daemon" [_thread_blocked, id=10612, stack(0x000000005a1b0000,0x000000005a2b0000)]
  0x000000005931c800 JavaThread "pool-1-thread-1" [_thread_blocked, id=10336, stack(0x0000000057630000,0x0000000057730000)]
  0x0000000059218800 JavaThread "Incoming local TCP Connector on port 15238" [_thread_in_native, id=10536, stack(0x0000000057e70000,0x0000000057f70000)]
  0x00000000578a1800 JavaThread "Service Thread" daemon [_thread_blocked, id=10236, stack(0x0000000057fd0000,0x00000000580d0000)]
  0x0000000055e5f000 JavaThread "C1 CompilerThread2" daemon [_thread_blocked, id=10352, stack(0x0000000057d20000,0x0000000057e20000)]
  0x0000000055e5d000 JavaThread "C2 CompilerThread1" daemon [_thread_in_native, id=10532, stack(0x0000000057730000,0x0000000057830000)]
  0x0000000055e55800 JavaThread "C2 CompilerThread0" daemon [_thread_in_native, id=10348, stack(0x0000000057350000,0x0000000057450000)]
  0x0000000055e52000 JavaThread "Attach Listener" daemon [_thread_blocked, id=10512, stack(0x0000000057530000,0x0000000057630000)]
  0x0000000055e50000 JavaThread "Signal Dispatcher" daemon [_thread_blocked, id=4584, stack(0x0000000057250000,0x0000000057350000)]
  0x0000000055e37800 JavaThread "Finalizer" daemon [_thread_blocked, id=7104, stack(0x0000000056ea0000,0x0000000056fa0000)]
  0x0000000055df0800 JavaThread "Reference Handler" daemon [_thread_blocked, id=10672, stack(0x00000000570b0000,0x00000000571b0000)]
  0x0000000001e1e000 JavaThread "main" [_thread_blocked, id=1804, stack(0x0000000002140000,0x0000000002240000)]

Other Threads:
  0x0000000055de9000 VMThread [stack: 0x0000000056fb0000,0x00000000570b0000] [id=10508]
  0x00000000578a2800 WatcherThread [stack: 0x0000000058180000,0x0000000058280000] [id=10328]

VM state:not at safepoint (normal execution)

VM Mutex/Monitor currently owned by a thread: None

Heap:
 PSYoungGen      total 71680K, used 38667K [0x00000000e0000000, 0x00000000e4b00000, 0x0000000100000000)
  eden space 66560K, 50% used [0x00000000e0000000,0x00000000e20c3888,0x00000000e4100000)
  from space 5120K, 99% used [0x00000000e4600000,0x00000000e4aff3c8,0x00000000e4b00000)
  to   space 5120K, 0% used [0x00000000e4100000,0x00000000e4100000,0x00000000e4600000)
 ParOldGen       total 87552K, used 795K [0x00000000a0000000, 0x00000000a5580000, 0x00000000e0000000)
  object space 87552K, 0% used [0x00000000a0000000,0x00000000a00c6ef0,0x00000000a5580000)
 Metaspace       used 16531K, capacity 16974K, committed 17152K, reserved 1064960K
  class space    used 2325K, capacity 2464K, committed 2560K, reserved 1048576K

Card table byte_map: [0x00000000118d0000,0x0000000011be0000] byte_map_base: 0x00000000113d0000

Marking Bits: (ParMarkBitMap*) 0x00000000664318f0
 Begin Bits: [0x0000000012160000, 0x0000000013960000)
 End Bits:   [0x0000000013960000, 0x0000000015160000)

Polling page: 0x0000000000440000

CodeCache: size=245760Kb used=4349Kb max_used=4349Kb free=241410Kb
 bounds [0x0000000002510000, 0x0000000002960000, 0x0000000011510000]
 total_blobs=1621 nmethods=1226 adapters=308
 compilation: enabled

Compilation events (10 events):
Event: 6.797 Thread 0x0000000055e5f000 1225       1       sun.reflect.generics.tree.ClassTypeSignature::getPath (5 bytes)
Event: 6.797 Thread 0x0000000055e5f000 nmethod 1225 0x000000000294f890 code [0x000000000294f9e0, 0x000000000294faf0]
Event: 6.797 Thread 0x0000000055e5f000 1226       1       sun.reflect.generics.tree.SimpleClassTypeSignature::getName (5 bytes)
Event: 6.797 Thread 0x0000000055e5f000 nmethod 1226 0x000000000294fb50 code [0x000000000294fca0, 0x000000000294fdb0]
Event: 6.797 Thread 0x0000000055e5f000 1227       1       sun.reflect.generics.tree.SimpleClassTypeSignature::getDollar (5 bytes)
Event: 6.797 Thread 0x0000000055e5f000 nmethod 1227 0x000000000294fe10 code [0x000000000294ff60, 0x0000000002950070]
Event: 6.797 Thread 0x0000000055e5f000 1228  s    3       java.io.ByteArrayOutputStream::write (66 bytes)
Event: 6.797 Thread 0x0000000055e5f000 nmethod 1228 0x00000000029500d0 code [0x0000000002950280, 0x00000000029508c8]
Event: 6.799 Thread 0x0000000055e5f000 1229       1       java.lang.reflect.Proxy$Key1::hashCode (5 bytes)
Event: 6.799 Thread 0x0000000055e5f000 nmethod 1229 0x0000000002950ed0 code [0x0000000002951020, 0x0000000002951130]

GC Heap History (4 events):
Event: 1.513 GC heap before
{Heap before GC invocations=1 (full 0):
 PSYoungGen      total 38400K, used 33280K [0x00000000e0000000, 0x00000000e2a80000, 0x0000000100000000)
  eden space 33280K, 100% used [0x00000000e0000000,0x00000000e2080000,0x00000000e2080000)
  from space 5120K, 0% used [0x00000000e2580000,0x00000000e2580000,0x00000000e2a80000)
  to   space 5120K, 0% used [0x00000000e2080000,0x00000000e2080000,0x00000000e2580000)
 ParOldGen       total 87552K, used 0K [0x00000000a0000000, 0x00000000a5580000, 0x00000000e0000000)
  object space 87552K, 0% used [0x00000000a0000000,0x00000000a0000000,0x00000000a5580000)
 Metaspace       used 6790K, capacity 6964K, committed 7040K, reserved 1056768K
  class space    used 832K, capacity 892K, committed 896K, reserved 1048576K
Event: 1.745 GC heap after
Heap after GC invocations=1 (full 0):
 PSYoungGen      total 38400K, used 4330K [0x00000000e0000000, 0x00000000e4b00000, 0x0000000100000000)
  eden space 33280K, 0% used [0x00000000e0000000,0x00000000e0000000,0x00000000e2080000)
  from space 5120K, 84% used [0x00000000e2080000,0x00000000e24ba848,0x00000000e2580000)
  to   space 5120K, 0% used [0x00000000e4600000,0x00000000e4600000,0x00000000e4b00000)
 ParOldGen       total 87552K, used 8K [0x00000000a0000000, 0x00000000a5580000, 0x00000000e0000000)
  object space 87552K, 0% used [0x00000000a0000000,0x00000000a0002000,0x00000000a5580000)
 Metaspace       used 6790K, capacity 6964K, committed 7040K, reserved 1056768K
  class space    used 832K, capacity 892K, committed 896K, reserved 1048576K
}
Event: 4.530 GC heap before
{Heap before GC invocations=2 (full 0):
 PSYoungGen      total 38400K, used 37610K [0x00000000e0000000, 0x00000000e4b00000, 0x0000000100000000)
  eden space 33280K, 100% used [0x00000000e0000000,0x00000000e2080000,0x00000000e2080000)
  from space 5120K, 84% used [0x00000000e2080000,0x00000000e24ba848,0x00000000e2580000)
  to   space 5120K, 0% used [0x00000000e4600000,0x00000000e4600000,0x00000000e4b00000)
 ParOldGen       total 87552K, used 8K [0x00000000a0000000, 0x00000000a5580000, 0x00000000e0000000)
  object space 87552K, 0% used [0x00000000a0000000,0x00000000a0002000,0x00000000a5580000)
 Metaspace       used 13073K, capacity 13394K, committed 13440K, reserved 1060864K
  class space    used 1757K, capacity 1874K, committed 1920K, reserved 1048576K
Event: 4.737 GC heap after
Heap after GC invocations=2 (full 0):
 PSYoungGen      total 71680K, used 5116K [0x00000000e0000000, 0x00000000e4b00000, 0x0000000100000000)
  eden space 66560K, 0% used [0x00000000e0000000,0x00000000e0000000,0x00000000e4100000)
  from space 5120K, 99% used [0x00000000e4600000,0x00000000e4aff3c8,0x00000000e4b00000)
  to   space 5120K, 0% used [0x00000000e4100000,0x00000000e4100000,0x00000000e4600000)
 ParOldGen       total 87552K, used 795K [0x00000000a0000000, 0x00000000a5580000, 0x00000000e0000000)
  object space 87552K, 0% used [0x00000000a0000000,0x00000000a00c6ef0,0x00000000a5580000)
 Metaspace       used 13073K, capacity 13394K, committed 13440K, reserved 1060864K
  class space    used 1757K, capacity 1874K, committed 1920K, reserved 1048576K
}

Deoptimization events (10 events):
Event: 6.199 Thread 0x0000000059345800 Uncommon trap: reason=bimorphic action=maybe_recompile pc=0x000000000290af88 method=java.lang.ClassLoader.getPackage(Ljava/lang/String;)Ljava/lang/Package; @ 47
Event: 6.200 Thread 0x0000000059345800 Uncommon trap: reason=bimorphic action=maybe_recompile pc=0x00000000028c45dc method=java.lang.ClassLoader.loadClass(Ljava/lang/String;Z)Ljava/lang/Class; @ 38
Event: 6.201 Thread 0x0000000059345800 Uncommon trap: reason=bimorphic action=maybe_recompile pc=0x00000000028c45dc method=java.lang.ClassLoader.loadClass(Ljava/lang/String;Z)Ljava/lang/Class; @ 38
Event: 6.201 Thread 0x0000000059345800 Uncommon trap: reason=bimorphic action=maybe_recompile pc=0x00000000028c45dc method=java.lang.ClassLoader.loadClass(Ljava/lang/String;Z)Ljava/lang/Class; @ 38
Event: 6.201 Thread 0x0000000059345800 Uncommon trap: reason=bimorphic action=maybe_recompile pc=0x000000000290af88 method=java.lang.ClassLoader.getPackage(Ljava/lang/String;)Ljava/lang/Package; @ 47
Event: 6.201 Thread 0x0000000059345800 Uncommon trap: reason=bimorphic action=maybe_recompile pc=0x000000000290af88 method=java.lang.ClassLoader.getPackage(Ljava/lang/String;)Ljava/lang/Package; @ 47
Event: 6.401 Thread 0x0000000059345800 Uncommon trap: reason=bimorphic action=maybe_recompile pc=0x000000000290af88 method=java.lang.ClassLoader.getPackage(Ljava/lang/String;)Ljava/lang/Package; @ 47
Event: 6.479 Thread 0x0000000059345800 Uncommon trap: reason=predicate action=maybe_recompile pc=0x00000000028ec6b8 method=sun.security.provider.DigestBase.implCompressMultiBlock([BII)I @ 5
Event: 6.486 Thread 0x0000000059345800 Uncommon trap: reason=unstable_if action=reinterpret pc=0x00000000027b7440 method=java.lang.AbstractStringBuilder.append(Ljava/lang/String;)Ljava/lang/AbstractStringBuilder; @ 1
Event: 6.486 Thread 0x0000000059345800 Uncommon trap: reason=unstable_if action=reinterpret pc=0x000000000270ebc0 method=java.lang.AbstractStringBuilder.append(Ljava/lang/String;)Ljava/lang/AbstractStringBuilder; @ 1

Internal exceptions (10 events):
Event: 5.248 Thread 0x0000000059345800 Exception <a 'java/lang/NoSuchMethodError': <clinit>> (0x00000000e19fe610) thrown at [C:\src\android\AOSP-openjdk\external\jetbrains\jdk\hotspot\src\share\vm\prims\jni.cpp, line 1613]
Event: 5.249 Thread 0x0000000059345800 Exception <a 'java/lang/NoSuchMethodError': <clinit>> (0x00000000e1a0a8f0) thrown at [C:\src\android\AOSP-openjdk\external\jetbrains\jdk\hotspot\src\share\vm\prims\jni.cpp, line 1613]
Event: 5.250 Thread 0x0000000059345800 Exception <a 'java/lang/NoSuchMethodError': <clinit>> (0x00000000e1a14d60) thrown at [C:\src\android\AOSP-openjdk\external\jetbrains\jdk\hotspot\src\share\vm\prims\jni.cpp, line 1613]
Event: 6.202 Thread 0x0000000059345800 Exception <a 'java/lang/NoSuchMethodError': <clinit>> (0x00000000e1bdf148) thrown at [C:\src\android\AOSP-openjdk\external\jetbrains\jdk\hotspot\src\share\vm\prims\jni.cpp, line 1613]
Event: 6.408 Thread 0x0000000059345800 Exception <a 'java/lang/NoSuchMethodError': <clinit>> (0x00000000e1c22700) thrown at [C:\src\android\AOSP-openjdk\external\jetbrains\jdk\hotspot\src\share\vm\prims\jni.cpp, line 1613]
Event: 6.422 Thread 0x0000000059345800 Exception <a 'java/lang/NoSuchMethodError': <clinit>> (0x00000000e1c3e9b0) thrown at [C:\src\android\AOSP-openjdk\external\jetbrains\jdk\hotspot\src\share\vm\prims\jni.cpp, line 1613]
Event: 6.423 Thread 0x0000000059345800 Exception <a 'java/lang/NoSuchMethodError': <clinit>> (0x00000000e1c49c30) thrown at [C:\src\android\AOSP-openjdk\external\jetbrains\jdk\hotspot\src\share\vm\prims\jni.cpp, line 1613]
Event: 6.425 Thread 0x0000000059345800 Exception <a 'java/lang/NoSuchMethodError': <clinit>> (0x00000000e1c5a730) thrown at [C:\src\android\AOSP-openjdk\external\jetbrains\jdk\hotspot\src\share\vm\prims\jni.cpp, line 1613]
Event: 6.486 Thread 0x0000000059345800 Implicit null exception at 0x00000000027b7086 to 0x00000000027b7429
Event: 6.486 Thread 0x0000000059345800 Implicit null exception at 0x000000000270e806 to 0x000000000270eba9

Events (10 events):
Event: 6.794 loading class org/gradle/api/internal/DependencyInjectingInstantiator
Event: 6.794 loading class org/gradle/api/internal/DependencyInjectingInstantiator done
Event: 6.795 loading class net/jcip/annotations/NotThreadSafe
Event: 6.795 loading class net/jcip/annotations/NotThreadSafe done
Event: 6.798 loading class org/gradle/api/internal/plugins/PluginApplicationException
Event: 6.798 loading class org/gradle/api/internal/plugins/PluginApplicationException done
Event: 6.798 loading class org/gradle/api/plugins/PluginInstantiationException
Event: 6.798 loading class org/gradle/api/plugins/PluginInstantiationException done
Event: 6.799 loading class org/gradle/api/plugins/AppliedPlugin
Event: 6.799 loading class org/gradle/api/plugins/AppliedPlugin done


Dynamic libraries:
0x000000013f530000 - 0x000000013f561000 	C:\Program Files\Android\Android Studio\jre\bin\java.exe
0x0000000077630000 - 0x00000000777da000 	C:\Windows\SYSTEM32\ntdll.dll
0x0000000077410000 - 0x000000007752f000 	C:\Windows\system32\kernel32.dll
0x000007fefd5f0000 - 0x000007fefd65a000 	C:\Windows\system32\KERNELBASE.dll
0x000007fefdf40000 - 0x000007fefe01b000 	C:\Windows\system32\ADVAPI32.dll
0x000007fefd6e0000 - 0x000007fefd77f000 	C:\Windows\system32\msvcrt.dll
0x000007fefdd90000 - 0x000007fefddaf000 	C:\Windows\SYSTEM32\sechost.dll
0x000007fefe3f0000 - 0x000007fefe51d000 	C:\Windows\system32\RPCRT4.dll
0x0000000077530000 - 0x000000007762a000 	C:\Windows\system32\USER32.dll
0x000007fefdd20000 - 0x000007fefdd87000 	C:\Windows\system32\GDI32.dll
0x000007feff330000 - 0x000007feff33e000 	C:\Windows\system32\LPK.dll
0x000007feff380000 - 0x000007feff44b000 	C:\Windows\system32\USP10.dll
0x000007fef15a0000 - 0x000007fef1794000 	C:\Windows\WinSxS\amd64_microsoft.windows.common-controls_6595b64144ccf1df_6.0.7601.18837_none_fa3b1e3d17594757\COMCTL32.dll
0x000007feff860000 - 0x000007feff8d1000 	C:\Windows\system32\SHLWAPI.dll
0x000007feff340000 - 0x000007feff36e000 	C:\Windows\system32\IMM32.DLL
0x000007feff450000 - 0x000007feff559000 	C:\Windows\system32\MSCTF.dll
0x000000006c420000 - 0x000000006c4f2000 	C:\Program Files\Android\Android Studio\jre\jre\bin\msvcr100.dll
0x0000000065c70000 - 0x00000000664ac000 	C:\Program Files\Android\Android Studio\jre\jre\bin\server\jvm.dll
0x000007fef09f0000 - 0x000007fef09f9000 	C:\Windows\system32\WSOCK32.dll
0x000007fefd820000 - 0x000007fefd86d000 	C:\Windows\system32\WS2_32.dll
0x000007feff370000 - 0x000007feff378000 	C:\Windows\system32\NSI.dll
0x000007fef02f0000 - 0x000007fef032b000 	C:\Windows\system32\WINMM.dll
0x000007fefc070000 - 0x000007fefc07c000 	C:\Windows\system32\VERSION.dll
0x0000000077800000 - 0x0000000077807000 	C:\Windows\system32\PSAPI.DLL
0x000007fef8dd0000 - 0x000007fef8ddf000 	C:\Program Files\Android\Android Studio\jre\jre\bin\verify.dll
0x000007feefce0000 - 0x000007feefd09000 	C:\Program Files\Android\Android Studio\jre\jre\bin\java.dll
0x000007feefda0000 - 0x000007feefdb6000 	C:\Program Files\Android\Android Studio\jre\jre\bin\zip.dll
0x000007fefe5a0000 - 0x000007feff32a000 	C:\Windows\system32\SHELL32.dll
0x000007feff640000 - 0x000007feff83c000 	C:\Windows\system32\ole32.dll
0x000007fefd330000 - 0x000007fefd33f000 	C:\Windows\system32\profapi.dll
0x000007feefc50000 - 0x000007feefc6a000 	C:\Program Files\Android\Android Studio\jre\jre\bin\net.dll
0x000007fefcab0000 - 0x000007fefcb05000 	C:\Windows\system32\mswsock.dll
0x000007fefcaa0000 - 0x000007fefcaa7000 	C:\Windows\System32\wship6.dll
0x000007feefc30000 - 0x000007feefc41000 	C:\Program Files\Android\Android Studio\jre\jre\bin\nio.dll
0x000007fee9320000 - 0x000007fee933e000 	C:\Users\user\.gradle\native\23\windows-amd64\native-platform.dll
0x000007fefcb10000 - 0x000007fefcb28000 	C:\Windows\system32\CRYPTSP.dll
0x000007fefc810000 - 0x000007fefc857000 	C:\Windows\system32\rsaenh.dll
0x000007fefd340000 - 0x000007fefd35e000 	C:\Windows\system32\USERENV.dll
0x000007fefd1c0000 - 0x000007fefd1cf000 	C:\Windows\system32\CRYPTBASE.dll
0x000007fefb7a0000 - 0x000007fefb7c7000 	C:\Windows\system32\IPHLPAPI.DLL
0x000007fefb790000 - 0x000007fefb79b000 	C:\Windows\system32\WINNSI.DLL
0x000007feef610000 - 0x000007feef621000 	C:\Windows\system32\dhcpcsvc6.DLL
0x000007fef0170000 - 0x000007fef0188000 	C:\Windows\system32\dhcpcsvc.DLL
0x000007feefd70000 - 0x000007feefd7d000 	C:\Program Files\Android\Android Studio\jre\jre\bin\management.dll
0x000007feeddc0000 - 0x000007feedee5000 	C:\Windows\system32\dbghelp.dll

VM Arguments:
jvm_args: -Xmx1536m -Dfile.encoding=windows-1251 -Duser.country=RU -Duser.language=ru -Duser.variant 
java_command: org.gradle.launcher.daemon.bootstrap.GradleDaemon 3.3
java_class_path (initial): C:\Users\user\.gradle\wrapper\dists\gradle-3.3-all\55gk2rcmfc6p2dg9u9ohc3hw9\gradle-3.3\lib\gradle-launcher-3.3.jar
Launcher Type: SUN_STANDARD

Environment Variables:
PATH=C:\ProgramData\Oracle\Java\javapath;C:\Program Files (x86)\Embarcadero\Studio\17.0\bin;C:\Users\Public\Documents\Embarcadero\Studio\17.0\Bpl;C:\Program Files (x86)\Embarcadero\Studio\17.0\bin64;C:\Users\Public\Documents\Embarcadero\Studio\17.0\Bpl\Win64;C:\Program Files (x86)\Borland\Delphi7\Bin;C:\Program Files (x86)\Borland\Delphi7\Projects\Bpl\;C:\Windows\system32;C:\Windows;C:\Windows\System32\Wbem;C:\Windows\System32\WindowsPowerShell\v1.0\;C:\Program Files (x86)\NVIDIA Corporation\PhysX\Common;C:\Program Files (x86)\Windows Kits\8.1\Windows Performance Toolkit\;C:\Program Files\Microsoft SQL Server\110\Tools\Binn\;C:\Program Files (x86)\Microsoft SDKs\TypeScript\1.0\;C:\Program Files\Microsoft SQL Server\120\Tools\Binn\;C:\Users\user\.dnx\bin;C:\Program Files\Microsoft DNX\Dnvm\;C:\Program Files (x86)\Microsoft SQL Server\100\Tools\Binn\;C:\Program Files\Microsoft SQL Server\100\Tools\Binn\;C:\Program Files\Microsoft SQL Server\100\DTS\Binn\;C:\Program Files (x86)\Microsoft SQL Server\100\Tools\Binn\VSS
USERNAME=user
OS=Windows_NT
PROCESSOR_IDENTIFIER=Intel64 Family 6 Model 60 Stepping 3, GenuineIntel



---------------  S Y S T E M  ---------------

OS: Windows 7 , 64 bit Build 7601 (6.1.7601.23915)

CPU:total 4 (2 cores per cpu, 2 threads per core) family 6 model 60 stepping 3, cmov, cx8, fxsr, mmx, sse, sse2, sse3, ssse3, sse4.1, sse4.2, popcnt, avx, avx2, aes, clmul, erms, lzcnt, ht, tsc, tscinvbit, bmi1, bmi2

Memory: 4k page, physical 8325648k(2433924k free), swap 16649436k(9516276k free)

vm_info: OpenJDK 64-Bit Server VM (25.112-b06) for windows-amd64 JRE (1.8.0_112-release-b06), built on Dec  8 2016 00:54:26 by "builder" with MS VC++ 10.0 (VS2010)

time: Thu Dec 28 16:33:30 2017
elapsed time: 7 seconds (0d 0h 0m 7s)

