#
# A fatal error has been detected by the Java Runtime Environment:
#
#  EXCEPTION_ACCESS_VIOLATION (0xc0000005) at pc=0x0000000066590c1e, pid=3136, tid=0x00000000000012c0
#
# JRE version: OpenJDK Runtime Environment (8.0_112-b06) (build 1.8.0_112-release-b06)
# Java VM: OpenJDK 64-Bit Server VM (25.112-b06 mixed mode windows-amd64 compressed oops)
# Problematic frame:
# V  [jvm.dll+0x430c1e]
#
# Failed to write core dump. Minidumps are not enabled by default on client versions of Windows
#
# If you would like to submit a bug report, please visit:
#   http://bugreport.java.com/bugreport/crash.jsp
#

---------------  T H R E A D  ---------------

Current thread (0x00000000560ad000):  JavaThread "C2 CompilerThread1" daemon [_thread_in_native, id=4800, stack(0x0000000057130000,0x0000000057230000)]

siginfo: ExceptionCode=0xc0000005, reading address 0x000000006d5d0bd0

Registers:
RAX=0x0000000000000000, RBX=0x0000000065b5b4f0, RCX=0x000000005722c3c0, RDX=0x000000005d5d0bd0
RSP=0x000000005722bf40, RBP=0x000000005722bfa0, RSI=0x0000000000166fc0, RDI=0x0000000000000000
R8 =0x0000000000000000, R9 =0x0000000000000000, R10=0x0000000004000000, R11=0x0000000065b5b528
R12=0x0000000065b5b4f0, R13=0x000000000000752f, R14=0x0000000066160000, R15=0x0000000000000000
RIP=0x0000000066590c1e, EFLAGS=0x0000000000010202

Top of Stack: (sp=0x000000005722bf40)
0x000000005722bf40:   0000000065965290 00000000659676d0
0x000000005722bf50:   000000005722c3c0 000000005722c0d0
0x000000005722bf60:   0000172500000000 0000000000000008
0x000000005722bf70:   000000005e0ce100 0000000000000030
0x000000005722bf80:   000000005a23ce60 0000000000000030
0x000000005722bf90:   00000000659e7010 000000005c2ea1e0
0x000000005722bfa0:   0000000000000000 0000000000000000
0x000000005722bfb0:   000000005722c3c0 0000000066591157
0x000000005722bfc0:   0000000065b5b4f0 0000000065b5b4f0
0x000000005722bfd0:   0000000000166fc0 0000000000166fc0
0x000000005722bfe0:   0000172500000000 0000000000000008
0x000000005722bff0:   000000005e0ce100 0000000000000030
0x000000005722c000:   000000005a23ce60 0000000000000030
0x000000005722c010:   00000000659e7010 0000000000000000
0x000000005722c020:   00000000603edd58 0000000000000000
0x000000005722c030:   00000000000003d8 00000000603ed980 

Instructions: (pc=0x0000000066590c1e)
0x0000000066590bfe:   cc cc 48 89 74 24 18 55 57 41 54 48 8b ec 48 83
0x0000000066590c0e:   ec 60 4c 63 52 20 4c 8b e2 48 8b 91 08 01 00 00
0x0000000066590c1e:   46 8b 0c 92 41 8b f0 48 8b f9 45 3b ca 74 3d 0f
0x0000000066590c2e:   1f 00 41 8b c9 49 63 c1 44 8b 0c 82 44 3b c9 75 


Register to memory mapping:

RAX=0x0000000000000000 is an unknown value
RBX=0x0000000065b5b4f0 is an unknown value
RCX=0x000000005722c3c0 is pointing into the stack for thread: 0x00000000560ad000
RDX=0x000000005d5d0bd0 is an unknown value
RSP=0x000000005722bf40 is pointing into the stack for thread: 0x00000000560ad000
RBP=0x000000005722bfa0 is pointing into the stack for thread: 0x00000000560ad000
RSI=0x0000000000166fc0 is an unknown value
RDI=0x0000000000000000 is an unknown value
R8 =0x0000000000000000 is an unknown value
R9 =0x0000000000000000 is an unknown value
R10=0x0000000004000000 is at entry_point+352 in (nmethod*)0x0000000003fffd50
R11=0x0000000065b5b528 is an unknown value
R12=0x0000000065b5b4f0 is an unknown value
R13=0x000000000000752f is an unknown value
R14=0x0000000066160000 is an unknown value
R15=0x0000000000000000 is an unknown value


Stack: [0x0000000057130000,0x0000000057230000],  sp=0x000000005722bf40,  free space=1007k
Native frames: (J=compiled Java code, j=interpreted, Vv=VM code, C=native code)
V  [jvm.dll+0x430c1e]
V  [jvm.dll+0x431157]
V  [jvm.dll+0x432ce3]
V  [jvm.dll+0x43d6bb]
V  [jvm.dll+0x43ff8e]
V  [jvm.dll+0x423242]
V  [jvm.dll+0x80b29]
V  [jvm.dll+0x8145f]
V  [jvm.dll+0x21be7f]
V  [jvm.dll+0x26c13a]
C  [msvcr100.dll+0x21d9f]
C  [msvcr100.dll+0x21e3b]
C  [kernel32.dll+0x159cd]
C  [ntdll.dll+0x2a561]


Current CompileTask:
C2:5157122 26439       4       org.gradle.api.internal.artifacts.ivyservice.resolveengine.graph.CompositeDependencyArtifactsVisitor::visitArtifacts (47 bytes)


---------------  P R O C E S S  ---------------

Java Threads: ( => current thread )
  0x000000006030d000 JavaThread "Forward streams with process: command 'C:\Users\user\AppData\Local\Android\Sdk\build-tools\26.0.2\aapt.exe' Thread 3" [_thread_in_native, id=6168, stack(0x0000000066ba0000,0x0000000066ca0000)]
  0x000000005ef0a800 JavaThread "Forward streams with process: command 'C:\Users\user\AppData\Local\Android\Sdk\build-tools\26.0.2\aapt.exe' Thread 2" [_thread_in_native, id=6668, stack(0x0000000065e90000,0x0000000065f90000)]
  0x000000006030b800 JavaThread "Forward streams with process: command 'C:\Users\user\AppData\Local\Android\Sdk\build-tools\26.0.2\aapt.exe'" [_thread_blocked, id=7152, stack(0x0000000066a40000,0x0000000066b40000)]
  0x000000005ef09800 JavaThread "Run command 'C:\Users\user\AppData\Local\Android\Sdk\build-tools\26.0.2\aapt.exe'" [_thread_in_native, id=5780, stack(0x0000000065d30000,0x0000000065e30000)]
  0x000000005ef08800 JavaThread "Thread-468" [_thread_blocked, id=2140, stack(0x0000000065c10000,0x0000000065d10000)]
  0x000000005ef03800 JavaThread "pool-275-thread-1" [_thread_blocked, id=6924, stack(0x000000005eae0000,0x000000005ebe0000)]
  0x000000005ef07000 JavaThread "Cache update executor" [_thread_blocked, id=6464, stack(0x0000000061d90000,0x0000000061e90000)]
  0x000000005ef05000 JavaThread "Stdin handler" [_thread_blocked, id=5500, stack(0x000000005e360000,0x000000005e460000)]
  0x000000005d26c800 JavaThread "Asynchronous log dispatcher for DefaultDaemonConnection: socket connection from /127.0.0.1:2137 to /127.0.0.1:6257" [_thread_blocked, id=5536, stack(0x000000005b700000,0x000000005b800000)]
  0x000000005d270800 JavaThread "Daemon worker Thread 18" [_thread_blocked, id=6052, stack(0x000000005bb30000,0x000000005bc30000)]
  0x000000005d26d800 JavaThread "Cancel handler" [_thread_blocked, id=6940, stack(0x000000005b820000,0x000000005b920000)]
  0x000000005d26b000 JavaThread "Handler for socket connection from /127.0.0.1:2137 to /127.0.0.1:6257" [_thread_in_native, id=4500, stack(0x000000005b270000,0x000000005b370000)]
  0x000000005d26f800 JavaThread "Daemon Thread 18" [_thread_blocked, id=5308, stack(0x000000005b5a0000,0x000000005b6a0000)]
  0x000000005ef04000 JavaThread "pool-11-thread-4" [_thread_blocked, id=4484, stack(0x0000000066020000,0x0000000066120000)]
  0x0000000059307800 JavaThread "pool-11-thread-3" [_thread_blocked, id=5572, stack(0x0000000065180000,0x0000000065280000)]
  0x00000000594a0000 JavaThread "pool-11-thread-2" [_thread_blocked, id=1916, stack(0x0000000064530000,0x0000000064630000)]
  0x000000005949f000 JavaThread "pool-11-thread-1" [_thread_blocked, id=5208, stack(0x00000000648e0000,0x00000000649e0000)]
  0x000000005d26a800 JavaThread "File lock request listener" [_thread_in_native, id=1380, stack(0x000000005fed0000,0x000000005ffd0000)]
  0x000000005979f000 JavaThread "pool-1-thread-1" [_thread_blocked, id=5612, stack(0x000000005b3b0000,0x000000005b4b0000)]
  0x0000000058f6c800 JavaThread "Incoming local TCP Connector on port 2137" [_thread_in_native, id=1720, stack(0x000000005aee0000,0x000000005afe0000)]
  0x0000000057abd000 JavaThread "Service Thread" daemon [_thread_blocked, id=4940, stack(0x0000000057700000,0x0000000057800000)]
  0x0000000057a40800 JavaThread "C1 CompilerThread2" daemon [_thread_blocked, id=5964, stack(0x0000000057f40000,0x0000000058040000)]
=>0x00000000560ad000 JavaThread "C2 CompilerThread1" daemon [_thread_in_native, id=4800, stack(0x0000000057130000,0x0000000057230000)]
  0x00000000560a5800 JavaThread "C2 CompilerThread0" daemon [_thread_blocked, id=5204, stack(0x0000000057940000,0x0000000057a40000)]
  0x00000000560a2000 JavaThread "Attach Listener" daemon [_thread_blocked, id=2704, stack(0x0000000057810000,0x0000000057910000)]
  0x00000000560a0000 JavaThread "Signal Dispatcher" daemon [_thread_blocked, id=2748, stack(0x0000000057550000,0x0000000057650000)]
  0x0000000056087800 JavaThread "Finalizer" daemon [_thread_blocked, id=4928, stack(0x00000000573e0000,0x00000000574e0000)]
  0x0000000056040800 JavaThread "Reference Handler" daemon [_thread_blocked, id=4620, stack(0x0000000057230000,0x0000000057330000)]
  0x0000000001f4e000 JavaThread "main" [_thread_blocked, id=4976, stack(0x0000000001f60000,0x0000000002060000)]

Other Threads:
  0x0000000056039000 VMThread [stack: 0x0000000057020000,0x0000000057120000] [id=3496]
  0x0000000057abe000 WatcherThread [stack: 0x00000000580e0000,0x00000000581e0000] [id=2724]

VM state:not at safepoint (normal execution)

VM Mutex/Monitor currently owned by a thread: None

Heap:
 PSYoungGen      total 445952K, used 57617K [0x00000000e0000000, 0x00000000ff900000, 0x0000000100000000)
  eden space 382976K, 9% used [0x00000000e0000000,0x00000000e2411240,0x00000000f7600000)
  from space 62976K, 32% used [0x00000000fbb80000,0x00000000fcfb32d0,0x00000000ff900000)
  to   space 67072K, 0% used [0x00000000f7600000,0x00000000f7600000,0x00000000fb780000)
 ParOldGen       total 234496K, used 86423K [0x00000000a0000000, 0x00000000ae500000, 0x00000000e0000000)
  object space 234496K, 36% used [0x00000000a0000000,0x00000000a5465ef8,0x00000000ae500000)
 Metaspace       used 78496K, capacity 85450K, committed 85632K, reserved 1124352K
  class space    used 9941K, capacity 10833K, committed 10880K, reserved 1048576K

Card table byte_map: [0x0000000011840000,0x0000000011b50000] byte_map_base: 0x0000000011340000

Marking Bits: (ParMarkBitMap*) 0x00000000669218f0
 Begin Bits: [0x00000000123b0000, 0x0000000013bb0000)
 End Bits:   [0x0000000013bb0000, 0x00000000153b0000)

Polling page: 0x0000000000130000

CodeCache: size=245760Kb used=70466Kb max_used=71984Kb free=175293Kb
 bounds [0x0000000002480000, 0x0000000006b80000, 0x0000000011480000]
 total_blobs=19673 nmethods=18877 adapters=706
 compilation: enabled

Compilation events (10 events):
Event: 5156.734 Thread 0x0000000057a40800 nmethod 26466 0x0000000003d32c10 code [0x0000000003d32da0, 0x0000000003d330c8]
Event: 5156.827 Thread 0x0000000057a40800 26467       3       java.util.concurrent.SynchronousQueue::offer (31 bytes)
Event: 5156.828 Thread 0x0000000057a40800 nmethod 26467 0x0000000004a13510 code [0x0000000004a136a0, 0x0000000004a139f8]
Event: 5156.831 Thread 0x00000000560a5800 nmethod 26441 0x00000000061aedd0 code [0x00000000061af7c0, 0x00000000061b75c8]
Event: 5156.831 Thread 0x00000000560a5800 26447       4       org.gradle.api.internal.tasks.DefaultTaskDependency::visitDependencies (592 bytes)
Event: 5156.870 Thread 0x00000000560a5800 nmethod 26447 0x0000000005d22bd0 code [0x0000000005d22ea0, 0x0000000005d24b28]
Event: 5156.870 Thread 0x00000000560a5800 26445       4       org.apache.tools.ant.AntTypeDefinition::<init> (10 bytes)
Event: 5156.870 Thread 0x00000000560a5800 nmethod 26445 0x0000000002b675d0 code [0x0000000002b67700, 0x0000000002b67758]
Event: 5156.870 Thread 0x00000000560a5800 26446   !   4       org.gradle.api.internal.tasks.CachingTaskDependencyResolveContext::resolve (62 bytes)
Event: 5156.876 Thread 0x00000000560a5800 nmethod 26446 0x000000000260fed0 code [0x0000000002610060, 0x0000000002610378]

GC Heap History (10 events):
Event: 5020.976 GC heap before
{Heap before GC invocations=44 (full 4):
 PSYoungGen      total 381952K, used 337904K [0x00000000e0000000, 0x00000000fc500000, 0x0000000100000000)
  eden space 329216K, 100% used [0x00000000e0000000,0x00000000f4180000,0x00000000f4180000)
  from space 52736K, 16% used [0x00000000f4180000,0x00000000f49fc360,0x00000000f7500000)
  to   space 51712K, 0% used [0x00000000f9280000,0x00000000f9280000,0x00000000fc500000)
 ParOldGen       total 234496K, used 68406K [0x00000000a0000000, 0x00000000ae500000, 0x00000000e0000000)
  object space 234496K, 29% used [0x00000000a0000000,0x00000000a42cd968,0x00000000ae500000)
 Metaspace       used 78384K, capacity 85222K, committed 85376K, reserved 1124352K
  class space    used 9933K, capacity 10825K, committed 10880K, reserved 1048576K
Event: 5021.008 GC heap after
Heap after GC invocations=44 (full 4):
 PSYoungGen      total 400896K, used 22771K [0x00000000e0000000, 0x00000000fbd80000, 0x0000000100000000)
  eden space 356864K, 0% used [0x00000000e0000000,0x00000000e0000000,0x00000000f5c80000)
  from space 44032K, 51% used [0x00000000f9280000,0x00000000fa8bcc00,0x00000000fbd80000)
  to   space 49664K, 0% used [0x00000000f5c80000,0x00000000f5c80000,0x00000000f8d00000)
 ParOldGen       total 234496K, used 68446K [0x00000000a0000000, 0x00000000ae500000, 0x00000000e0000000)
  object space 234496K, 29% used [0x00000000a0000000,0x00000000a42d7968,0x00000000ae500000)
 Metaspace       used 78384K, capacity 85222K, committed 85376K, reserved 1124352K
  class space    used 9933K, capacity 10825K, committed 10880K, reserved 1048576K
}
Event: 5021.533 GC heap before
{Heap before GC invocations=45 (full 4):
 PSYoungGen      total 400896K, used 379635K [0x00000000e0000000, 0x00000000fbd80000, 0x0000000100000000)
  eden space 356864K, 100% used [0x00000000e0000000,0x00000000f5c80000,0x00000000f5c80000)
  from space 44032K, 51% used [0x00000000f9280000,0x00000000fa8bcc00,0x00000000fbd80000)
  to   space 49664K, 0% used [0x00000000f5c80000,0x00000000f5c80000,0x00000000f8d00000)
 ParOldGen       total 234496K, used 68446K [0x00000000a0000000, 0x00000000ae500000, 0x00000000e0000000)
  object space 234496K, 29% used [0x00000000a0000000,0x00000000a42d7968,0x00000000ae500000)
 Metaspace       used 78384K, capacity 85222K, committed 85376K, reserved 1124352K
  class space    used 9933K, capacity 10825K, committed 10880K, reserved 1048576K
Event: 5021.595 GC heap after
Heap after GC invocations=45 (full 4):
 PSYoungGen      total 406528K, used 49640K [0x00000000e0000000, 0x0000000100000000, 0x0000000100000000)
  eden space 356864K, 0% used [0x00000000e0000000,0x00000000e0000000,0x00000000f5c80000)
  from space 49664K, 99% used [0x00000000f5c80000,0x00000000f8cfa3e0,0x00000000f8d00000)
  to   space 63488K, 0% used [0x00000000fc200000,0x00000000fc200000,0x0000000100000000)
 ParOldGen       total 234496K, used 85095K [0x00000000a0000000, 0x00000000ae500000, 0x00000000e0000000)
  object space 234496K, 36% used [0x00000000a0000000,0x00000000a5319e68,0x00000000ae500000)
 Metaspace       used 78384K, capacity 85222K, committed 85376K, reserved 1124352K
  class space    used 9933K, capacity 10825K, committed 10880K, reserved 1048576K
}
Event: 5022.990 GC heap before
{Heap before GC invocations=46 (full 4):
 PSYoungGen      total 406528K, used 406504K [0x00000000e0000000, 0x0000000100000000, 0x0000000100000000)
  eden space 356864K, 100% used [0x00000000e0000000,0x00000000f5c80000,0x00000000f5c80000)
  from space 49664K, 99% used [0x00000000f5c80000,0x00000000f8cfa3e0,0x00000000f8d00000)
  to   space 63488K, 0% used [0x00000000fc200000,0x00000000fc200000,0x0000000100000000)
 ParOldGen       total 234496K, used 85095K [0x00000000a0000000, 0x00000000ae500000, 0x00000000e0000000)
  object space 234496K, 36% used [0x00000000a0000000,0x00000000a5319e68,0x00000000ae500000)
 Metaspace       used 78391K, capacity 85222K, committed 85376K, reserved 1124352K
  class space    used 9933K, capacity 10825K, committed 10880K, reserved 1048576K
Event: 5023.081 GC heap after
Heap after GC invocations=46 (full 4):
 PSYoungGen      total 445440K, used 55669K [0x00000000e0000000, 0x0000000100000000, 0x0000000100000000)
  eden space 381952K, 0% used [0x00000000e0000000,0x00000000e0000000,0x00000000f7500000)
  from space 63488K, 87% used [0x00000000fc200000,0x00000000ff85d640,0x0000000100000000)
  to   space 71168K, 0% used [0x00000000f7500000,0x00000000f7500000,0x00000000fba80000)
 ParOldGen       total 234496K, used 85303K [0x00000000a0000000, 0x00000000ae500000, 0x00000000e0000000)
  object space 234496K, 36% used [0x00000000a0000000,0x00000000a534de78,0x00000000ae500000)
 Metaspace       used 78391K, capacity 85222K, committed 85376K, reserved 1124352K
  class space    used 9933K, capacity 10825K, committed 10880K, reserved 1048576K
}
Event: 5025.177 GC heap before
{Heap before GC invocations=47 (full 4):
 PSYoungGen      total 445440K, used 437311K [0x00000000e0000000, 0x0000000100000000, 0x0000000100000000)
  eden space 381952K, 99% used [0x00000000e0000000,0x00000000f74b2870,0x00000000f7500000)
  from space 63488K, 87% used [0x00000000fc200000,0x00000000ff85d640,0x0000000100000000)
  to   space 71168K, 0% used [0x00000000f7500000,0x00000000f7500000,0x00000000fba80000)
 ParOldGen       total 234496K, used 85303K [0x00000000a0000000, 0x00000000ae500000, 0x00000000e0000000)
  object space 234496K, 36% used [0x00000000a0000000,0x00000000a534de78,0x00000000ae500000)
 Metaspace       used 78430K, capacity 85294K, committed 85376K, reserved 1124352K
  class space    used 9933K, capacity 10825K, committed 10880K, reserved 1048576K
Event: 5025.217 GC heap after
Heap after GC invocations=47 (full 4):
 PSYoungGen      total 453120K, used 35994K [0x00000000e0000000, 0x0000000100000000, 0x0000000100000000)
  eden space 381952K, 0% used [0x00000000e0000000,0x00000000e0000000,0x00000000f7500000)
  from space 71168K, 50% used [0x00000000f7500000,0x00000000f98268d0,0x00000000fba80000)
  to   space 70144K, 0% used [0x00000000fbb80000,0x00000000fbb80000,0x0000000100000000)
 ParOldGen       total 234496K, used 85703K [0x00000000a0000000, 0x00000000ae500000, 0x00000000e0000000)
  object space 234496K, 36% used [0x00000000a0000000,0x00000000a53b1e98,0x00000000ae500000)
 Metaspace       used 78430K, capacity 85294K, committed 85376K, reserved 1124352K
  class space    used 9933K, capacity 10825K, committed 10880K, reserved 1048576K
}
Event: 5156.218 GC heap before
{Heap before GC invocations=48 (full 4):
 PSYoungGen      total 453120K, used 417946K [0x00000000e0000000, 0x0000000100000000, 0x0000000100000000)
  eden space 381952K, 100% used [0x00000000e0000000,0x00000000f7500000,0x00000000f7500000)
  from space 71168K, 50% used [0x00000000f7500000,0x00000000f98268d0,0x00000000fba80000)
  to   space 70144K, 0% used [0x00000000fbb80000,0x00000000fbb80000,0x0000000100000000)
 ParOldGen       total 234496K, used 85703K [0x00000000a0000000, 0x00000000ae500000, 0x00000000e0000000)
  object space 234496K, 36% used [0x00000000a0000000,0x00000000a53b1e98,0x00000000ae500000)
 Metaspace       used 78494K, capacity 85450K, committed 85632K, reserved 1124352K
  class space    used 9941K, capacity 10833K, committed 10880K, reserved 1048576K
Event: 5156.252 GC heap after
Heap after GC invocations=48 (full 4):
 PSYoungGen      total 445952K, used 20684K [0x00000000e0000000, 0x00000000ff900000, 0x0000000100000000)
  eden space 382976K, 0% used [0x00000000e0000000,0x00000000e0000000,0x00000000f7600000)
  from space 62976K, 32% used [0x00000000fbb80000,0x00000000fcfb32d0,0x00000000ff900000)
  to   space 67072K, 0% used [0x00000000f7600000,0x00000000f7600000,0x00000000fb780000)
 ParOldGen       total 234496K, used 86423K [0x00000000a0000000, 0x00000000ae500000, 0x00000000e0000000)
  object space 234496K, 36% used [0x00000000a0000000,0x00000000a5465ef8,0x00000000ae500000)
 Metaspace       used 78494K, capacity 85450K, committed 85632K, reserved 1124352K
  class space    used 9941K, capacity 10833K, committed 10880K, reserved 1048576K
}

Deoptimization events (10 events):
Event: 5022.924 Thread 0x000000005ef04000 Uncommon trap: reason=unstable_if action=reinterpret pc=0x0000000006ada3dc method=com.android.dx.cf.code.Merger.mergeType(Lcom/android/dx/rop/type/TypeBearer;Lcom/android/dx/rop/type/TypeBearer;)Lcom/android/dx/rop/type/TypeBearer; @ 77
Event: 5023.194 Thread 0x000000006030c800 Uncommon trap: reason=bimorphic action=maybe_recompile pc=0x00000000062b8fb0 method=com.android.dx.ssa.back.FirstFitLocalCombiningAllocator.findNextUnreservedRopReg(IILcom/android/dx/ssa/back/FirstFitLocalCombiningAllocator$Alignment;)I @ 60
Event: 5023.203 Thread 0x00000000594a0000 Uncommon trap: reason=array_check action=maybe_recompile pc=0x00000000056f0510 method=java.util.TimSort.reverseRange([Ljava/lang/Object;II)V @ 20
Event: 5025.091 Thread 0x000000005d26f800 Uncommon trap: reason=bimorphic action=maybe_recompile pc=0x00000000049b6b98 method=com.google.common.collect.RegularImmutableMap.<init>([Ljava/util/Map$Entry;)V @ 57
Event: 5025.097 Thread 0x000000005d26f800 Uncommon trap: reason=bimorphic action=maybe_recompile pc=0x0000000005759358 method=com.google.common.collect.Maps$EntryFunction$2.apply(Ljava/util/Map$Entry;)Ljava/lang/Object; @ 1
Event: 5025.097 Thread 0x000000005d26f800 Uncommon trap: reason=bimorphic action=maybe_recompile pc=0x0000000005759358 method=com.google.common.collect.Maps$EntryFunction$2.apply(Ljava/util/Map$Entry;)Ljava/lang/Object; @ 1
Event: 5025.097 Thread 0x000000005d26f800 Uncommon trap: reason=bimorphic action=maybe_recompile pc=0x0000000005759358 method=com.google.common.collect.Maps$EntryFunction$2.apply(Ljava/util/Map$Entry;)Ljava/lang/Object; @ 1
Event: 5025.097 Thread 0x000000005d26f800 Uncommon trap: reason=bimorphic action=maybe_recompile pc=0x0000000005759358 method=com.google.common.collect.Maps$EntryFunction$2.apply(Ljava/util/Map$Entry;)Ljava/lang/Object; @ 1
Event: 5025.097 Thread 0x000000005d26f800 Uncommon trap: reason=bimorphic action=maybe_recompile pc=0x00000000040c51c0 method=com.google.common.collect.ForwardingMapEntry.getKey()Ljava/lang/Object; @ 4
Event: 5025.097 Thread 0x000000005d26f800 Uncommon trap: reason=bimorphic action=maybe_recompile pc=0x00000000040c51c0 method=com.google.common.collect.ForwardingMapEntry.getKey()Ljava/lang/Object; @ 4

Internal exceptions (10 events):
Event: 5021.893 Thread 0x000000005de22800 Exception <a 'sun/nio/fs/WindowsException'> (0x00000000e4d791b0) thrown at [C:\src\android\AOSP-openjdk\external\jetbrains\jdk\hotspot\src\share\vm\prims\jni.cpp, line 709]
Event: 5021.935 Thread 0x000000005de1b800 Exception <a 'sun/nio/fs/WindowsException'> (0x00000000e616d828) thrown at [C:\src\android\AOSP-openjdk\external\jetbrains\jdk\hotspot\src\share\vm\prims\jni.cpp, line 709]
Event: 5022.031 Thread 0x000000005de20000 Exception <a 'sun/nio/fs/WindowsException'> (0x00000000e7172140) thrown at [C:\src\android\AOSP-openjdk\external\jetbrains\jdk\hotspot\src\share\vm\prims\jni.cpp, line 709]
Event: 5022.130 Thread 0x000000005de22800 Exception <a 'sun/nio/fs/WindowsException'> (0x00000000e4d96718) thrown at [C:\src\android\AOSP-openjdk\external\jetbrains\jdk\hotspot\src\share\vm\prims\jni.cpp, line 709]
Event: 5022.138 Thread 0x000000005de1e000 Exception <a 'sun/nio/fs/WindowsException'> (0x00000000e71ac5f8) thrown at [C:\src\android\AOSP-openjdk\external\jetbrains\jdk\hotspot\src\share\vm\prims\jni.cpp, line 709]
Event: 5022.341 Thread 0x000000005de22800 Exception <a 'sun/nio/fs/WindowsException'> (0x00000000e7310428) thrown at [C:\src\android\AOSP-openjdk\external\jetbrains\jdk\hotspot\src\share\vm\prims\jni.cpp, line 709]
Event: 5022.630 Thread 0x000000005de1b800 Exception <a 'sun/nio/fs/WindowsException'> (0x00000000e618acf0) thrown at [C:\src\android\AOSP-openjdk\external\jetbrains\jdk\hotspot\src\share\vm\prims\jni.cpp, line 709]
Event: 5025.309 Thread 0x000000005d26f800 Exception <a 'sun/nio/fs/WindowsException'> (0x00000000f36a4628) thrown at [C:\src\android\AOSP-openjdk\external\jetbrains\jdk\hotspot\src\share\vm\prims\jni.cpp, line 709]
Event: 5155.839 Thread 0x000000005d270800 Exception <a 'java/lang/ClassNotFoundException': asLocalRepo3928_5bls0uck94zrr2aboc72d925qBeanInfo> (0x00000000f3e21818) thrown at [C:\src\android\AOSP-openjdk\external\jetbrains\jdk\hotspot\src\share\vm\classfile\systemDictionary.cpp, line 210]
Event: 5155.839 Thread 0x000000005d270800 Exception <a 'java/lang/ClassNotFoundException': asLocalRepo3928_5bls0uck94zrr2aboc72d925qCustomizer> (0x00000000f3e2ce20) thrown at [C:\src\android\AOSP-openjdk\external\jetbrains\jdk\hotspot\src\share\vm\classfile\systemDictionary.cpp, line 210]

Events (10 events):
Event: 5156.408 Thread 0x000000005ef03800 Thread added: 0x000000005ef03800
Event: 5156.825 Thread 0x000000005ef08800 Thread added: 0x000000005ef08800
Event: 5156.826 Thread 0x000000005ef09800 Thread added: 0x000000005ef09800
Event: 5156.827 Thread 0x000000005ef0a800 Thread added: 0x000000005ef0a800
Event: 5156.827 Thread 0x000000006030b800 Thread added: 0x000000006030b800
Event: 5156.827 Thread 0x000000005ef0a800 Thread exited: 0x000000005ef0a800
Event: 5156.827 Executing VM operation: RevokeBias
Event: 5156.827 Thread 0x000000005ef0a800 Thread added: 0x000000005ef0a800
Event: 5156.828 Executing VM operation: RevokeBias done
Event: 5156.828 Thread 0x000000006030d000 Thread added: 0x000000006030d000


Dynamic libraries:
0x000000013ff90000 - 0x000000013ffc1000 	C:\Program Files\Android\Android Studio\jre\bin\java.exe
0x00000000774d0000 - 0x000000007767a000 	C:\Windows\SYSTEM32\ntdll.dll
0x00000000773b0000 - 0x00000000774cf000 	C:\Windows\system32\kernel32.dll
0x000007fefd420000 - 0x000007fefd48a000 	C:\Windows\system32\KERNELBASE.dll
0x000007fefe110000 - 0x000007fefe1eb000 	C:\Windows\system32\ADVAPI32.dll
0x000007fefd9f0000 - 0x000007fefda8f000 	C:\Windows\system32\msvcrt.dll
0x000007fefe380000 - 0x000007fefe39f000 	C:\Windows\SYSTEM32\sechost.dll
0x000007fefd580000 - 0x000007fefd6ad000 	C:\Windows\system32\RPCRT4.dll
0x00000000772b0000 - 0x00000000773aa000 	C:\Windows\system32\USER32.dll
0x000007fefd8e0000 - 0x000007fefd947000 	C:\Windows\system32\GDI32.dll
0x000007fefea40000 - 0x000007fefea4e000 	C:\Windows\system32\LPK.dll
0x000007fefe040000 - 0x000007fefe10b000 	C:\Windows\system32\USP10.dll
0x000007fefc840000 - 0x000007fefca34000 	C:\Windows\WinSxS\amd64_microsoft.windows.common-controls_6595b64144ccf1df_6.0.7601.18837_none_fa3b1e3d17594757\COMCTL32.dll
0x000007fefdcf0000 - 0x000007fefdd61000 	C:\Windows\system32\SHLWAPI.dll
0x000007fefdf00000 - 0x000007fefdf2e000 	C:\Windows\system32\IMM32.DLL
0x000007fefdf30000 - 0x000007fefe039000 	C:\Windows\system32\MSCTF.dll
0x00000000730f0000 - 0x00000000731c2000 	C:\Program Files\Android\Android Studio\jre\jre\bin\msvcr100.dll
0x0000000066160000 - 0x000000006699c000 	C:\Program Files\Android\Android Studio\jre\jre\bin\server\jvm.dll
0x000007fef8660000 - 0x000007fef8669000 	C:\Windows\system32\WSOCK32.dll
0x000007fefd6b0000 - 0x000007fefd6fd000 	C:\Windows\system32\WS2_32.dll
0x000007fefde10000 - 0x000007fefde18000 	C:\Windows\system32\NSI.dll
0x000007feefc40000 - 0x000007feefc7b000 	C:\Windows\system32\WINMM.dll
0x000007fefb980000 - 0x000007fefb98c000 	C:\Windows\system32\VERSION.dll
0x00000000776a0000 - 0x00000000776a7000 	C:\Windows\system32\PSAPI.DLL
0x000007fef8670000 - 0x000007fef867f000 	C:\Program Files\Android\Android Studio\jre\jre\bin\verify.dll
0x000007feeef70000 - 0x000007feeef99000 	C:\Program Files\Android\Android Studio\jre\jre\bin\java.dll
0x000007feeeef0000 - 0x000007feeef06000 	C:\Program Files\Android\Android Studio\jre\jre\bin\zip.dll
0x000007fefea50000 - 0x000007feff7da000 	C:\Windows\system32\SHELL32.dll
0x000007fefdaf0000 - 0x000007fefdcec000 	C:\Windows\system32\ole32.dll
0x000007fefd1c0000 - 0x000007fefd1cf000 	C:\Windows\system32\profapi.dll
0x000007feedb10000 - 0x000007feedb2a000 	C:\Program Files\Android\Android Studio\jre\jre\bin\net.dll
0x000007fefc6d0000 - 0x000007fefc725000 	C:\Windows\system32\mswsock.dll
0x000007fefc6c0000 - 0x000007fefc6c7000 	C:\Windows\System32\wship6.dll
0x000007feedb30000 - 0x000007feedb41000 	C:\Program Files\Android\Android Studio\jre\jre\bin\nio.dll
0x000007fede420000 - 0x000007fede43e000 	C:\Users\user\.gradle\native\23\windows-amd64\native-platform.dll
0x000007fefc730000 - 0x000007fefc748000 	C:\Windows\system32\CRYPTSP.dll
0x000007fefc430000 - 0x000007fefc477000 	C:\Windows\system32\rsaenh.dll
0x000007fefd360000 - 0x000007fefd37e000 	C:\Windows\system32\USERENV.dll
0x000007fefd060000 - 0x000007fefd06f000 	C:\Windows\system32\CRYPTBASE.dll
0x000007fefaf90000 - 0x000007fefafb7000 	C:\Windows\system32\IPHLPAPI.DLL
0x000007fefaf80000 - 0x000007fefaf8b000 	C:\Windows\system32\WINNSI.DLL
0x000007fefbe20000 - 0x000007fefbe31000 	C:\Windows\system32\dhcpcsvc6.DLL
0x000007fefbda0000 - 0x000007fefbdb8000 	C:\Windows\system32\dhcpcsvc.DLL
0x000007feeeee0000 - 0x000007feeeeed000 	C:\Program Files\Android\Android Studio\jre\jre\bin\management.dll
0x000007fefd000000 - 0x000007fefd057000 	C:\Windows\system32\apphelp.dll
0x000007fede3e0000 - 0x000007fede404000 	C:\Program Files\Android\Android Studio\jre\jre\bin\sunec.dll
0x000007fee0820000 - 0x000007fee082b000 	C:\Program Files\Android\Android Studio\jre\jre\bin\sunmscapi.dll
0x000007fefd1f0000 - 0x000007fefd35d000 	C:\Windows\system32\CRYPT32.dll
0x000007fefd1d0000 - 0x000007fefd1df000 	C:\Windows\system32\MSASN1.dll
0x000007feef150000 - 0x000007feef275000 	C:\Windows\system32\dbghelp.dll

VM Arguments:
jvm_args: -Xmx1536m -Dfile.encoding=windows-1251 -Duser.country=RU -Duser.language=ru -Duser.variant 
java_command: org.gradle.launcher.daemon.bootstrap.GradleDaemon 3.3
java_class_path (initial): C:\Users\user\.gradle\wrapper\dists\gradle-3.3-all\55gk2rcmfc6p2dg9u9ohc3hw9\gradle-3.3\lib\gradle-launcher-3.3.jar
Launcher Type: SUN_STANDARD

Environment Variables:
PATH=C:\ProgramData\Oracle\Java\javapath;C:\Program Files (x86)\Embarcadero\Studio\17.0\bin;C:\Users\Public\Documents\Embarcadero\Studio\17.0\Bpl;C:\Program Files (x86)\Embarcadero\Studio\17.0\bin64;C:\Users\Public\Documents\Embarcadero\Studio\17.0\Bpl\Win64;C:\Program Files (x86)\Borland\Delphi7\Bin;C:\Program Files (x86)\Borland\Delphi7\Projects\Bpl\;C:\Windows\system32;C:\Windows;C:\Windows\System32\Wbem;C:\Windows\System32\WindowsPowerShell\v1.0\;C:\Program Files (x86)\NVIDIA Corporation\PhysX\Common;C:\Program Files (x86)\Windows Kits\8.1\Windows Performance Toolkit\;C:\Program Files\Microsoft SQL Server\110\Tools\Binn\;C:\Program Files (x86)\Microsoft SDKs\TypeScript\1.0\;C:\Program Files\Microsoft SQL Server\120\Tools\Binn\;C:\Users\user\.dnx\bin;C:\Program Files\Microsoft DNX\Dnvm\;C:\Program Files (x86)\Microsoft SQL Server\100\Tools\Binn\;C:\Program Files\Microsoft SQL Server\100\Tools\Binn\;C:\Program Files\Microsoft SQL Server\100\DTS\Binn\;C:\Program Files (x86)\Microsoft SQL Server\100\Tools\Binn\VSS
USERNAME=user
OS=Windows_NT
PROCESSOR_IDENTIFIER=Intel64 Family 6 Model 60 Stepping 3, GenuineIntel



---------------  S Y S T E M  ---------------

OS: Windows 7 , 64 bit Build 7601 (6.1.7601.23915)

CPU:total 4 (2 cores per cpu, 2 threads per core) family 6 model 60 stepping 3, cmov, cx8, fxsr, mmx, sse, sse2, sse3, ssse3, sse4.1, sse4.2, popcnt, avx, avx2, aes, clmul, erms, lzcnt, ht, tsc, tscinvbit, bmi1, bmi2

Memory: 4k page, physical 8325648k(1263756k free), swap 16649436k(8761572k free)

vm_info: OpenJDK 64-Bit Server VM (25.112-b06) for windows-amd64 JRE (1.8.0_112-release-b06), built on Dec  8 2016 00:54:26 by "builder" with MS VC++ 10.0 (VS2010)

time: Wed Jan 03 14:30:53 2018
elapsed time: 5156 seconds (0d 1h 25m 56s)

