#
# A fatal error has been detected by the Java Runtime Environment:
#
#  EXCEPTION_ACCESS_VIOLATION (0xc0000005) at pc=0x00000000661ea070, pid=3552, tid=0x0000000000000af0
#
# JRE version: OpenJDK Runtime Environment (8.0_112-b06) (build 1.8.0_112-release-b06)
# Java VM: OpenJDK 64-Bit Server VM (25.112-b06 mixed mode windows-amd64 compressed oops)
# Problematic frame:
# V  [jvm.dll+0x8a070]
#
# Failed to write core dump. Minidumps are not enabled by default on client versions of Windows
#
# If you would like to submit a bug report, please visit:
#   http://bugreport.java.com/bugreport/crash.jsp
#

---------------  T H R E A D  ---------------

Current thread (0x0000000001cfe000):  GCTaskThread [stack: 0x0000000011e80000,0x0000000011f80000] [id=2800]

siginfo: ExceptionCode=0xc0000005, reading address 0x0000000000000008

Registers:
RAX=0x0000000000000000, RBX=0x00000000e889a598, RCX=0x00000000e889a598, RDX=0x0000000000000000
RSP=0x0000000011f7f6c8, RBP=0x00000000118b2401, RSI=0x0000000055f35d40, RDI=0x00000000a0477a20
R8 =0x0000000055f35d40, R9 =0x0000000000000005, R10=0x0000000000000008, R11=0x00000000ed1efff0
R12=0x00000000118b23bb, R13=0x0000000000000000, R14=0x0000000000000000, R15=0x0000000001cf8700
RIP=0x00000000661ea070, EFLAGS=0x0000000000010246

Top of Stack: (sp=0x0000000011f7f6c8)
0x0000000011f7f6c8:   000000006652ac22 00000000ec89a560
0x0000000011f7f6d8:   0000000000000004 0000000055f35d40
0x0000000011f7f6e8:   0000000066527c95 00000000ed1e8000
0x0000000011f7f6f8:   0000000000001000 0000000001db0000
0x0000000011f7f708:   0000000066921970 0000000000000000
0x0000000011f7f718:   0000000055f35d00 00000000118b23bb
0x0000000011f7f728:   000000006652af90 00000000ed1eff30
0x0000000011f7f738:   00000000118b2401 0000000055f35d40
0x0000000011f7f748:   00000000a0477a20 00000000ed1eff30
0x0000000011f7f758:   000000006652bb35 00000000e3d26d50
0x0000000011f7f768:   00000000118bef82 0000000055f35d40
0x0000000011f7f778:   0000000009ef0000 0000000009ee2cd6
0x0000000011f7f788:   00000000665276d5 00000000a02bb58c
0x0000000011f7f798:   000000006624ed77 0000000055f35d40
0x0000000011f7f7a8:   000000006624cf83 00000000a043f41d
0x0000000011f7f7b8:   00000000a043f41d 0000000055f35d40 

Instructions: (pc=0x00000000661ea070)
0x00000000661ea050:   1c 42 1d 00 48 8b 9c 24 c0 00 00 00 48 81 c4 b0
0x00000000661ea060:   00 00 00 5d c3 cc cc cc cc cc cc cc cc cc cc cc
0x00000000661ea070:   44 8b 42 08 4c 8b ca 45 85 c0 7e 0e 41 f6 c0 01
0x00000000661ea080:   75 57 41 c1 f8 03 41 8b c0 c3 79 4d 80 3d de d7 


Register to memory mapping:

RAX=0x0000000000000000 is an unknown value
RBX=0x00000000e889a598 is an unknown value
RCX=0x00000000e889a598 is an unknown value
RDX=0x0000000000000000 is an unknown value
RSP=0x0000000011f7f6c8 is an unknown value
RBP=0x00000000118b2401 is an unknown value
RSI=0x0000000055f35d40 is an unknown value
RDI=0x00000000a0477a20 is an oop
[Lcom.google.common.cache.LocalCache$Segment; 
 - klass: 'com/google/common/cache/LocalCache$Segment'[]
 - length: 4
R8 =0x0000000055f35d40 is an unknown value
R9 =0x0000000000000005 is an unknown value
R10=0x0000000000000008 is an unknown value
R11=0x00000000ed1efff0 is an unknown value
R12=0x00000000118b23bb is an unknown value
R13=0x0000000000000000 is an unknown value
R14=0x0000000000000000 is an unknown value
R15=0x0000000001cf8700 is an unknown value


Stack: [0x0000000011e80000,0x0000000011f80000],  sp=0x0000000011f7f6c8,  free space=1021k
Native frames: (J=compiled Java code, j=interpreted, Vv=VM code, C=native code)
V  [jvm.dll+0x8a070]


---------------  P R O C E S S  ---------------

Java Threads: ( => current thread )
  0x000000005938d000 JavaThread "Stdin handler" [_thread_blocked, id=5700, stack(0x000000005aba0000,0x000000005aca0000)]
  0x0000000059390000 JavaThread "Asynchronous log dispatcher for DefaultDaemonConnection: socket connection from /127.0.0.1:1576 to /127.0.0.1:1825" [_thread_blocked, id=5696, stack(0x000000005a3f0000,0x000000005a4f0000)]
  0x000000005938e800 JavaThread "Daemon worker Thread 3" [_thread_blocked, id=5684, stack(0x000000005aa70000,0x000000005ab70000)]
  0x000000005938d800 JavaThread "Cancel handler" [_thread_blocked, id=5680, stack(0x000000005a8d0000,0x000000005a9d0000)]
  0x000000005938f000 JavaThread "Handler for socket connection from /127.0.0.1:1576 to /127.0.0.1:1825" [_thread_in_native, id=5676, stack(0x000000005a510000,0x000000005a610000)]
  0x000000005938b800 JavaThread "Daemon Thread 3" [_thread_blocked, id=5672, stack(0x0000000059fd0000,0x000000005a0d0000)]
  0x0000000059ce0800 JavaThread "File lock request listener" [_thread_in_native, id=1916, stack(0x000000005c0f0000,0x000000005c1f0000)]
  0x000000005921b000 JavaThread "pool-1-thread-1" [_thread_blocked, id=1780, stack(0x000000005a720000,0x000000005a820000)]
  0x0000000059929000 JavaThread "Incoming local TCP Connector on port 1576" [_thread_in_native, id=4808, stack(0x000000005a0f0000,0x000000005a1f0000)]
  0x00000000578b9000 JavaThread "Service Thread" daemon [_thread_blocked, id=3040, stack(0x00000000580f0000,0x00000000581f0000)]
  0x0000000055faf800 JavaThread "C1 CompilerThread2" daemon [_thread_blocked, id=1120, stack(0x0000000057e80000,0x0000000057f80000)]
  0x0000000057848800 JavaThread "C2 CompilerThread1" daemon [_thread_blocked, id=4128, stack(0x0000000057cd0000,0x0000000057dd0000)]
  0x0000000055fa5800 JavaThread "C2 CompilerThread0" daemon [_thread_blocked, id=4800, stack(0x0000000057740000,0x0000000057840000)]
  0x0000000055fa2000 JavaThread "Attach Listener" daemon [_thread_blocked, id=1632, stack(0x00000000571a0000,0x00000000572a0000)]
  0x0000000055fa0000 JavaThread "Signal Dispatcher" daemon [_thread_blocked, id=4432, stack(0x00000000575c0000,0x00000000576c0000)]
  0x0000000055f87800 JavaThread "Finalizer" daemon [_thread_blocked, id=3520, stack(0x0000000057410000,0x0000000057510000)]
  0x0000000055f40800 JavaThread "Reference Handler" daemon [_thread_blocked, id=3896, stack(0x00000000572e0000,0x00000000573e0000)]
  0x0000000001e9e000 JavaThread "main" [_thread_blocked, id=2380, stack(0x0000000002120000,0x0000000002220000)]

Other Threads:
  0x0000000055f39000 VMThread [stack: 0x0000000057060000,0x0000000057160000] [id=4968]
  0x00000000578ba800 WatcherThread [stack: 0x0000000058320000,0x0000000058420000] [id=3460]

=>0x0000000001cfe000 (exited) GCTaskThread [stack: 0x0000000011e80000,0x0000000011f80000] [id=2800]

VM state:at safepoint (normal execution)

VM Mutex/Monitor currently owned by a thread:  ([mutex/lock_event])
[0x0000000001e9c9a0] Threads_lock - owner thread: 0x0000000055f39000
[0x0000000001e9cea0] Heap_lock - owner thread: 0x000000005938e800

Heap:
 PSYoungGen      total 235008K, used 210432K [0x00000000e0000000, 0x00000000f0580000, 0x0000000100000000)
  eden space 210432K, 100% used [0x00000000e0000000,0x00000000ecd80000,0x00000000ecd80000)
  from space 24576K, 0% used [0x00000000eed80000,0x00000000eed80000,0x00000000f0580000)
  to   space 28672K, 20% used [0x00000000ecd80000,0x00000000ed360020,0x00000000ee980000)
 ParOldGen       total 170496K, used 43435K [0x00000000a0000000, 0x00000000aa680000, 0x00000000e0000000)
  object space 170496K, 25% used [0x00000000a0000000,0x00000000a2a6aff8,0x00000000aa680000)
 Metaspace       used 57863K, capacity 60766K, committed 60888K, reserved 1101824K
  class space    used 7801K, capacity 8339K, committed 8408K, reserved 1048576K

Card table byte_map: [0x00000000118b0000,0x0000000011bc0000] byte_map_base: 0x00000000113b0000

Marking Bits: (ParMarkBitMap*) 0x00000000669218f0
 Begin Bits: [0x00000000122b0000, 0x0000000013ab0000)
 End Bits:   [0x0000000013ab0000, 0x00000000152b0000)

Polling page: 0x0000000000340000

CodeCache: size=245760Kb used=27813Kb max_used=27871Kb free=217946Kb
 bounds [0x00000000024f0000, 0x0000000004060000, 0x00000000114f0000]
 total_blobs=9006 nmethods=8253 adapters=665
 compilation: enabled

Compilation events (10 events):
Event: 219.264 Thread 0x0000000055faf800 9690       3       org.gradle.internal.metaobject.SetPropertyResult::<init> (5 bytes)
Event: 219.264 Thread 0x0000000055faf800 nmethod 9690 0x0000000002f33bd0 code [0x0000000002f33d20, 0x0000000002f33ed0]
Event: 219.265 Thread 0x0000000055fa5800 nmethod 9697 0x0000000002e85050 code [0x0000000002e851a0, 0x0000000002e85278]
Event: 219.265 Thread 0x0000000055faf800 9695       1       com.android.build.gradle.internal.scope.VariantScopeImpl::getPrepareDependenciesTask (5 bytes)
Event: 219.265 Thread 0x0000000055faf800 nmethod 9695 0x0000000003d94450 code [0x0000000003d945a0, 0x0000000003d946b0]
Event: 219.266 Thread 0x0000000057848800 nmethod 9617 0x0000000004052590 code [0x0000000004052c00, 0x0000000004056540]
Event: 219.266 Thread 0x0000000055faf800 9698       3       com.android.build.gradle.internal.scope.VariantScopeImpl::getFullVariantName (8 bytes)
Event: 219.267 Thread 0x0000000055faf800 nmethod 9698 0x00000000033adc10 code [0x00000000033adda0, 0x00000000033ae2d8]
Event: 219.267 Thread 0x0000000055faf800 9691       1       org.gradle.api.internal.plugins.DefaultPluginManager::getPluginContainer (5 bytes)
Event: 219.267 Thread 0x0000000055faf800 nmethod 9691 0x0000000002930150 code [0x00000000029302a0, 0x00000000029303b0]

GC Heap History (10 events):
Event: 16.873 GC heap after
Heap after GC invocations=9 (full 2):
 PSYoungGen      total 138240K, used 11647K [0x00000000e0000000, 0x00000000ec680000, 0x0000000100000000)
  eden space 125440K, 0% used [0x00000000e0000000,0x00000000e0000000,0x00000000e7a80000)
  from space 12800K, 90% used [0x00000000e7a80000,0x00000000e85dffd8,0x00000000e8700000)
  to   space 13824K, 0% used [0x00000000eb900000,0x00000000eb900000,0x00000000ec680000)
 ParOldGen       total 110592K, used 15925K [0x00000000a0000000, 0x00000000a6c00000, 0x00000000e0000000)
  object space 110592K, 14% used [0x00000000a0000000,0x00000000a0f8d440,0x00000000a6c00000)
 Metaspace       used 42774K, capacity 43664K, committed 43992K, reserved 1087488K
  class space    used 5767K, capacity 6014K, committed 6104K, reserved 1048576K
}
Event: 18.991 GC heap before
{Heap before GC invocations=10 (full 2):
 PSYoungGen      total 138240K, used 137087K [0x00000000e0000000, 0x00000000ec680000, 0x0000000100000000)
  eden space 125440K, 100% used [0x00000000e0000000,0x00000000e7a80000,0x00000000e7a80000)
  from space 12800K, 90% used [0x00000000e7a80000,0x00000000e85dffd8,0x00000000e8700000)
  to   space 13824K, 0% used [0x00000000eb900000,0x00000000eb900000,0x00000000ec680000)
 ParOldGen       total 110592K, used 15925K [0x00000000a0000000, 0x00000000a6c00000, 0x00000000e0000000)
  object space 110592K, 14% used [0x00000000a0000000,0x00000000a0f8d440,0x00000000a6c00000)
 Metaspace       used 48473K, capacity 50054K, committed 50264K, reserved 1093632K
  class space    used 6613K, capacity 6962K, committed 7000K, reserved 1048576K
Event: 19.020 GC heap after
Heap after GC invocations=10 (full 2):
 PSYoungGen      total 185344K, used 13808K [0x00000000e0000000, 0x00000000ecc80000, 0x0000000100000000)
  eden space 171520K, 0% used [0x00000000e0000000,0x00000000e0000000,0x00000000ea780000)
  from space 13824K, 99% used [0x00000000eb900000,0x00000000ec67c008,0x00000000ec680000)
  to   space 17920K, 0% used [0x00000000ea780000,0x00000000ea780000,0x00000000eb900000)
 ParOldGen       total 110592K, used 22062K [0x00000000a0000000, 0x00000000a6c00000, 0x00000000e0000000)
  object space 110592K, 19% used [0x00000000a0000000,0x00000000a158b928,0x00000000a6c00000)
 Metaspace       used 48473K, capacity 50054K, committed 50264K, reserved 1093632K
  class space    used 6613K, capacity 6962K, committed 7000K, reserved 1048576K
}
Event: 23.945 GC heap before
{Heap before GC invocations=11 (full 2):
 PSYoungGen      total 185344K, used 185328K [0x00000000e0000000, 0x00000000ecc80000, 0x0000000100000000)
  eden space 171520K, 100% used [0x00000000e0000000,0x00000000ea780000,0x00000000ea780000)
  from space 13824K, 99% used [0x00000000eb900000,0x00000000ec67c008,0x00000000ec680000)
  to   space 17920K, 0% used [0x00000000ea780000,0x00000000ea780000,0x00000000eb900000)
 ParOldGen       total 110592K, used 22062K [0x00000000a0000000, 0x00000000a6c00000, 0x00000000e0000000)
  object space 110592K, 19% used [0x00000000a0000000,0x00000000a158b928,0x00000000a6c00000)
 Metaspace       used 53673K, capacity 55942K, committed 56280K, reserved 1097728K
  class space    used 7329K, capacity 7783K, committed 7896K, reserved 1048576K
Event: 24.120 GC heap after
Heap after GC invocations=11 (full 2):
 PSYoungGen      total 189440K, used 17888K [0x00000000e0000000, 0x00000000f0700000, 0x0000000100000000)
  eden space 171520K, 0% used [0x00000000e0000000,0x00000000e0000000,0x00000000ea780000)
  from space 17920K, 99% used [0x00000000ea780000,0x00000000eb8f8010,0x00000000eb900000)
  to   space 26112K, 0% used [0x00000000eed80000,0x00000000eed80000,0x00000000f0700000)
 ParOldGen       total 110592K, used 35555K [0x00000000a0000000, 0x00000000a6c00000, 0x00000000e0000000)
  object space 110592K, 32% used [0x00000000a0000000,0x00000000a22b8f40,0x00000000a6c00000)
 Metaspace       used 53673K, capacity 55942K, committed 56280K, reserved 1097728K
  class space    used 7329K, capacity 7783K, committed 7896K, reserved 1048576K
}
Event: 105.573 GC heap before
{Heap before GC invocations=12 (full 2):
 PSYoungGen      total 189440K, used 97541K [0x00000000e0000000, 0x00000000f0700000, 0x0000000100000000)
  eden space 171520K, 46% used [0x00000000e0000000,0x00000000e4dc93f8,0x00000000ea780000)
  from space 17920K, 99% used [0x00000000ea780000,0x00000000eb8f8010,0x00000000eb900000)
  to   space 26112K, 0% used [0x00000000eed80000,0x00000000eed80000,0x00000000f0700000)
 ParOldGen       total 110592K, used 35555K [0x00000000a0000000, 0x00000000a6c00000, 0x00000000e0000000)
  object space 110592K, 32% used [0x00000000a0000000,0x00000000a22b8f40,0x00000000a6c00000)
 Metaspace       used 56343K, capacity 58830K, committed 58968K, reserved 1099776K
  class space    used 7657K, capacity 8164K, committed 8280K, reserved 1048576K
Event: 105.630 GC heap after
Heap after GC invocations=12 (full 2):
 PSYoungGen      total 235008K, used 23856K [0x00000000e0000000, 0x00000000f0580000, 0x0000000100000000)
  eden space 210432K, 0% used [0x00000000e0000000,0x00000000e0000000,0x00000000ecd80000)
  from space 24576K, 97% used [0x00000000eed80000,0x00000000f04cc020,0x00000000f0580000)
  to   space 28672K, 0% used [0x00000000ecd80000,0x00000000ecd80000,0x00000000ee980000)
 ParOldGen       total 110592K, used 35563K [0x00000000a0000000, 0x00000000a6c00000, 0x00000000e0000000)
  object space 110592K, 32% used [0x00000000a0000000,0x00000000a22baf40,0x00000000a6c00000)
 Metaspace       used 56343K, capacity 58830K, committed 58968K, reserved 1099776K
  class space    used 7657K, capacity 8164K, committed 8280K, reserved 1048576K
}
Event: 105.630 GC heap before
{Heap before GC invocations=13 (full 3):
 PSYoungGen      total 235008K, used 23856K [0x00000000e0000000, 0x00000000f0580000, 0x0000000100000000)
  eden space 210432K, 0% used [0x00000000e0000000,0x00000000e0000000,0x00000000ecd80000)
  from space 24576K, 97% used [0x00000000eed80000,0x00000000f04cc020,0x00000000f0580000)
  to   space 28672K, 0% used [0x00000000ecd80000,0x00000000ecd80000,0x00000000ee980000)
 ParOldGen       total 110592K, used 35563K [0x00000000a0000000, 0x00000000a6c00000, 0x00000000e0000000)
  object space 110592K, 32% used [0x00000000a0000000,0x00000000a22baf40,0x00000000a6c00000)
 Metaspace       used 56343K, capacity 58830K, committed 58968K, reserved 1099776K
  class space    used 7657K, capacity 8164K, committed 8280K, reserved 1048576K
Event: 105.857 GC heap after
Heap after GC invocations=13 (full 3):
 PSYoungGen      total 235008K, used 0K [0x00000000e0000000, 0x00000000f0580000, 0x0000000100000000)
  eden space 210432K, 0% used [0x00000000e0000000,0x00000000e0000000,0x00000000ecd80000)
  from space 24576K, 0% used [0x00000000eed80000,0x00000000eed80000,0x00000000f0580000)
  to   space 28672K, 0% used [0x00000000ecd80000,0x00000000ecd80000,0x00000000ee980000)
 ParOldGen       total 170496K, used 43427K [0x00000000a0000000, 0x00000000aa680000, 0x00000000e0000000)
  object space 170496K, 25% used [0x00000000a0000000,0x00000000a2a68ff8,0x00000000aa680000)
 Metaspace       used 56343K, capacity 58830K, committed 58968K, reserved 1099776K
  class space    used 7657K, capacity 8164K, committed 8280K, reserved 1048576K
}
Event: 219.267 GC heap before
{Heap before GC invocations=14 (full 3):
 PSYoungGen      total 235008K, used 210432K [0x00000000e0000000, 0x00000000f0580000, 0x0000000100000000)
  eden space 210432K, 100% used [0x00000000e0000000,0x00000000ecd80000,0x00000000ecd80000)
  from space 24576K, 0% used [0x00000000eed80000,0x00000000eed80000,0x00000000f0580000)
  to   space 28672K, 0% used [0x00000000ecd80000,0x00000000ecd80000,0x00000000ee980000)
 ParOldGen       total 170496K, used 43427K [0x00000000a0000000, 0x00000000aa680000, 0x00000000e0000000)
  object space 170496K, 25% used [0x00000000a0000000,0x00000000a2a68ff8,0x00000000aa680000)
 Metaspace       used 57863K, capacity 60766K, committed 60888K, reserved 1101824K
  class space    used 7801K, capacity 8339K, committed 8408K, reserved 1048576K

Deoptimization events (10 events):
Event: 106.490 Thread 0x000000005938f000 Uncommon trap: reason=class_check action=maybe_recompile pc=0x0000000003019dec method=com.sun.org.apache.xerces.internal.impl.XMLDocumentFragmentScannerImpl.scanStartElement()Z @ 372
Event: 106.490 Thread 0x000000005938f000 Uncommon trap: reason=class_check action=maybe_recompile pc=0x0000000003019dec method=com.sun.org.apache.xerces.internal.impl.XMLDocumentFragmentScannerImpl.scanStartElement()Z @ 372
Event: 106.702 Thread 0x000000005938f000 Uncommon trap: reason=class_check action=maybe_recompile pc=0x00000000035dad30 method=com.sun.org.apache.xerces.internal.dom.NodeImpl.ownerDocument()Lcom/sun/org/apache/xerces/internal/dom/CoreDocumentImpl; @ 19
Event: 106.702 Thread 0x000000005938f000 Uncommon trap: reason=class_check action=maybe_recompile pc=0x00000000035dad30 method=com.sun.org.apache.xerces.internal.dom.NodeImpl.ownerDocument()Lcom/sun/org/apache/xerces/internal/dom/CoreDocumentImpl; @ 19
Event: 106.717 Thread 0x000000005938d000 Uncommon trap: reason=class_check action=maybe_recompile pc=0x0000000003baf6ac method=java.util.concurrent.locks.ReentrantLock.lock()V @ 4
Event: 106.723 Thread 0x000000005938f000 Uncommon trap: reason=class_check action=maybe_recompile pc=0x0000000003ae5954 method=java.util.HashMap.removeNode(ILjava/lang/Object;Ljava/lang/Object;ZZ)Ljava/util/HashMap$Node; @ 143
Event: 128.132 Thread 0x000000005938f000 Uncommon trap: reason=speculate_class_check action=maybe_recompile pc=0x000000000393e714 method=com.sun.org.apache.xerces.internal.dom.ParentNode.getChildNodes()Lorg/w3c/dom/NodeList; @ 8
Event: 128.138 Thread 0x000000005938f000 Uncommon trap: reason=class_check action=maybe_recompile pc=0x0000000002cc1e50 method=java.util.concurrent.ConcurrentHashMap.putVal(Ljava/lang/Object;Ljava/lang/Object;Z)Ljava/lang/Object; @ 192
Event: 128.449 Thread 0x000000006144f800 Uncommon trap: reason=class_check action=maybe_recompile pc=0x0000000003baf6ac method=java.util.concurrent.locks.ReentrantLock.lock()V @ 4
Event: 219.258 Thread 0x000000005938e800 Uncommon trap: reason=class_check action=maybe_recompile pc=0x000000000402949c method=org.gradle.api.internal.project.taskfactory.DefaultTaskClassValidatorExtractor$DefaultTaskPropertyActionContext.getAnnotation(Ljava/lang/Class;)Ljava/lang/annotation/Annod»ËqXŸZ@

Internal exceptions (10 events):
Event: 219.095 Thread 0x000000005938e800 Exception <a 'sun/nio/fs/WindowsException'> (0x00000000ec2469e0) thrown at [C:\src\android\AOSP-openjdk\external\jetbrains\jdk\hotspot\src\share\vm\prims\jni.cpp, line 709]
Event: 219.095 Thread 0x000000005938e800 Exception <a 'sun/nio/fs/WindowsException'> (0x00000000ec2476d0) thrown at [C:\src\android\AOSP-openjdk\external\jetbrains\jdk\hotspot\src\share\vm\prims\jni.cpp, line 709]
Event: 219.095 Thread 0x000000005938e800 Exception <a 'sun/nio/fs/WindowsException'> (0x00000000ec24a500) thrown at [C:\src\android\AOSP-openjdk\external\jetbrains\jdk\hotspot\src\share\vm\prims\jni.cpp, line 709]
Event: 219.095 Thread 0x000000005938e800 Exception <a 'sun/nio/fs/WindowsException'> (0x00000000ec24b1d8) thrown at [C:\src\android\AOSP-openjdk\external\jetbrains\jdk\hotspot\src\share\vm\prims\jni.cpp, line 709]
Event: 219.096 Thread 0x000000005938e800 Exception <a 'sun/nio/fs/WindowsException'> (0x00000000ec24cee0) thrown at [C:\src\android\AOSP-openjdk\external\jetbrains\jdk\hotspot\src\share\vm\prims\jni.cpp, line 709]
Event: 219.096 Thread 0x000000005938e800 Exception <a 'sun/nio/fs/WindowsException'> (0x00000000ec24dbf8) thrown at [C:\src\android\AOSP-openjdk\external\jetbrains\jdk\hotspot\src\share\vm\prims\jni.cpp, line 709]
Event: 219.096 Thread 0x000000005938e800 Exception <a 'sun/nio/fs/WindowsException'> (0x00000000ec250b68) thrown at [C:\src\android\AOSP-openjdk\external\jetbrains\jdk\hotspot\src\share\vm\prims\jni.cpp, line 709]
Event: 219.096 Thread 0x000000005938e800 Exception <a 'sun/nio/fs/WindowsException'> (0x00000000ec2518b0) thrown at [C:\src\android\AOSP-openjdk\external\jetbrains\jdk\hotspot\src\share\vm\prims\jni.cpp, line 709]
Event: 219.096 Thread 0x000000005938e800 Exception <a 'sun/nio/fs/WindowsException'> (0x00000000ec253630) thrown at [C:\src\android\AOSP-openjdk\external\jetbrains\jdk\hotspot\src\share\vm\prims\jni.cpp, line 709]
Event: 219.096 Thread 0x000000005938e800 Exception <a 'sun/nio/fs/WindowsException'> (0x00000000ec2543b8) thrown at [C:\src\android\AOSP-openjdk\external\jetbrains\jdk\hotspot\src\share\vm\prims\jni.cpp, line 709]

Events (10 events):
Event: 219.264 Thread 0x0000000055faf800 flushing nmethod 0x0000000003c4fe90
Event: 219.264 Thread 0x0000000055faf800 flushing nmethod 0x0000000003c5b890
Event: 219.264 Thread 0x0000000055faf800 flushing nmethod 0x0000000003c5d6d0
Event: 219.264 Thread 0x0000000055faf800 flushing nmethod 0x0000000003c90850
Event: 219.265 Thread 0x0000000055faf800 flushing nmethod 0x0000000003cb6b10
Event: 219.265 Thread 0x0000000055faf800 flushing nmethod 0x0000000003d06590
Event: 219.265 Thread 0x0000000055faf800 flushing nmethod 0x0000000003d23710
Event: 219.265 Thread 0x0000000055faf800 flushing nmethod 0x0000000003d26dd0
Event: 219.265 Thread 0x0000000055faf800 flushing nmethod 0x0000000003d27110
Event: 219.267 Executing VM operation: ParallelGCFailedAllocation


Dynamic libraries:
0x000000013fc90000 - 0x000000013fcc1000 	C:\Program Files\Android\Android Studio\jre\bin\java.exe
0x00000000774d0000 - 0x000000007767a000 	C:\Windows\SYSTEM32\ntdll.dll
0x00000000773b0000 - 0x00000000774cf000 	C:\Windows\system32\kernel32.dll
0x000007fefd420000 - 0x000007fefd48a000 	C:\Windows\system32\KERNELBASE.dll
0x000007fefe110000 - 0x000007fefe1eb000 	C:\Windows\system32\ADVAPI32.dll
0x000007fefd9f0000 - 0x000007fefda8f000 	C:\Windows\system32\msvcrt.dll
0x000007fefe380000 - 0x000007fefe39f000 	C:\Windows\SYSTEM32\sechost.dll
0x000007fefd580000 - 0x000007fefd6ad000 	C:\Windows\system32\RPCRT4.dll
0x00000000772b0000 - 0x00000000773aa000 	C:\Windows\system32\USER32.dll
0x000007fefd8e0000 - 0x000007fefd947000 	C:\Windows\system32\GDI32.dll
0x000007fefea40000 - 0x000007fefea4e000 	C:\Windows\system32\LPK.dll
0x000007fefe040000 - 0x000007fefe10b000 	C:\Windows\system32\USP10.dll
0x000007fefc840000 - 0x000007fefca34000 	C:\Windows\WinSxS\amd64_microsoft.windows.common-controls_6595b64144ccf1df_6.0.7601.18837_none_fa3b1e3d17594757\COMCTL32.dll
0x000007fefdcf0000 - 0x000007fefdd61000 	C:\Windows\system32\SHLWAPI.dll
0x000007fefdf00000 - 0x000007fefdf2e000 	C:\Windows\system32\IMM32.DLL
0x000007fefdf30000 - 0x000007fefe039000 	C:\Windows\system32\MSCTF.dll
0x00000000730f0000 - 0x00000000731c2000 	C:\Program Files\Android\Android Studio\jre\jre\bin\msvcr100.dll
0x0000000066160000 - 0x000000006699c000 	C:\Program Files\Android\Android Studio\jre\jre\bin\server\jvm.dll
0x000007fef8660000 - 0x000007fef8669000 	C:\Windows\system32\WSOCK32.dll
0x000007fefd6b0000 - 0x000007fefd6fd000 	C:\Windows\system32\WS2_32.dll
0x000007fefde10000 - 0x000007fefde18000 	C:\Windows\system32\NSI.dll
0x000007feefc40000 - 0x000007feefc7b000 	C:\Windows\system32\WINMM.dll
0x000007fefb980000 - 0x000007fefb98c000 	C:\Windows\system32\VERSION.dll
0x00000000776a0000 - 0x00000000776a7000 	C:\Windows\system32\PSAPI.DLL
0x000007fef8670000 - 0x000007fef867f000 	C:\Program Files\Android\Android Studio\jre\jre\bin\verify.dll
0x000007feeef70000 - 0x000007feeef99000 	C:\Program Files\Android\Android Studio\jre\jre\bin\java.dll
0x000007feeeef0000 - 0x000007feeef06000 	C:\Program Files\Android\Android Studio\jre\jre\bin\zip.dll
0x000007fefea50000 - 0x000007feff7da000 	C:\Windows\system32\SHELL32.dll
0x000007fefdaf0000 - 0x000007fefdcec000 	C:\Windows\system32\ole32.dll
0x000007fefd1c0000 - 0x000007fefd1cf000 	C:\Windows\system32\profapi.dll
0x000007feedb10000 - 0x000007feedb2a000 	C:\Program Files\Android\Android Studio\jre\jre\bin\net.dll
0x000007fefc6d0000 - 0x000007fefc725000 	C:\Windows\system32\mswsock.dll
0x000007fefc6c0000 - 0x000007fefc6c7000 	C:\Windows\System32\wship6.dll
0x000007feedb30000 - 0x000007feedb41000 	C:\Program Files\Android\Android Studio\jre\jre\bin\nio.dll
0x000007fede420000 - 0x000007fede43e000 	C:\Users\user\.gradle\native\23\windows-amd64\native-platform.dll
0x000007fefc730000 - 0x000007fefc748000 	C:\Windows\system32\CRYPTSP.dll
0x000007fefc430000 - 0x000007fefc477000 	C:\Windows\system32\rsaenh.dll
0x000007fefd360000 - 0x000007fefd37e000 	C:\Windows\system32\USERENV.dll
0x000007fefd060000 - 0x000007fefd06f000 	C:\Windows\system32\CRYPTBASE.dll
0x000007fefaf90000 - 0x000007fefafb7000 	C:\Windows\system32\IPHLPAPI.DLL
0x000007fefaf80000 - 0x000007fefaf8b000 	C:\Windows\system32\WINNSI.DLL
0x000007fefbe20000 - 0x000007fefbe31000 	C:\Windows\system32\dhcpcsvc6.DLL
0x000007fefbda0000 - 0x000007fefbdb8000 	C:\Windows\system32\dhcpcsvc.DLL
0x000007feeeee0000 - 0x000007feeeeed000 	C:\Program Files\Android\Android Studio\jre\jre\bin\management.dll
0x000007fefd000000 - 0x000007fefd057000 	C:\Windows\system32\apphelp.dll
0x000007feef150000 - 0x000007feef275000 	C:\Windows\system32\dbghelp.dll

VM Arguments:
jvm_args: -Xmx1536m -Dfile.encoding=windows-1251 -Duser.country=RU -Duser.language=ru -Duser.variant 
java_command: org.gradle.launcher.daemon.bootstrap.GradleDaemon 3.3
java_class_path (initial): C:\Users\user\.gradle\wrapper\dists\gradle-3.3-all\55gk2rcmfc6p2dg9u9ohc3hw9\gradle-3.3\lib\gradle-launcher-3.3.jar
Launcher Type: SUN_STANDARD

Environment Variables:
PATH=C:\ProgramData\Oracle\Java\javapath;C:\Program Files (x86)\Embarcadero\Studio\17.0\bin;C:\Users\Public\Documents\Embarcadero\Studio\17.0\Bpl;C:\Program Files (x86)\Embarcadero\Studio\17.0\bin64;C:\Users\Public\Documents\Embarcadero\Studio\17.0\Bpl\Win64;C:\Program Files (x86)\Borland\Delphi7\Bin;C:\Program Files (x86)\Borland\Delphi7\Projects\Bpl\;C:\Windows\system32;C:\Windows;C:\Windows\System32\Wbem;C:\Windows\System32\WindowsPowerShell\v1.0\;C:\Program Files (x86)\NVIDIA Corporation\PhysX\Common;C:\Program Files (x86)\Windows Kits\8.1\Windows Performance Toolkit\;C:\Program Files\Microsoft SQL Server\110\Tools\Binn\;C:\Program Files (x86)\Microsoft SDKs\TypeScript\1.0\;C:\Program Files\Microsoft SQL Server\120\Tools\Binn\;C:\Users\user\.dnx\bin;C:\Program Files\Microsoft DNX\Dnvm\;C:\Program Files (x86)\Microsoft SQL Server\100\Tools\Binn\;C:\Program Files\Microsoft SQL Server\100\Tools\Binn\;C:\Program Files\Microsoft SQL Server\100\DTS\Binn\;C:\Program Files (x86)\Microsoft SQL Server\100\Tools\Binn\VSS
USERNAME=user
OS=Windows_NT
PROCESSOR_IDENTIFIER=Intel64 Family 6 Model 60 Stepping 3, GenuineIntel



---------------  S Y S T E M  ---------------

OS: Windows 7 , 64 bit Build 7601 (6.1.7601.23915)

CPU:total 4 (2 cores per cpu, 2 threads per core) family 6 model 60 stepping 3, cmov, cx8, fxsr, mmx, sse, sse2, sse3, ssse3, sse4.1, sse4.2, popcnt, avx, avx2, aes, clmul, erms, lzcnt, ht, tsc, tscinvbit, bmi1, bmi2

Memory: 4k page, physical 8325648k(4189652k free), swap 16649436k(12110900k free)

vm_info: OpenJDK 64-Bit Server VM (25.112-b06) for windows-amd64 JRE (1.8.0_112-release-b06), built on Dec  8 2016 00:54:26 by "builder" with MS VC++ 10.0 (VS2010)

time: Wed Jan 03 12:59:56 2018
elapsed time: 219 seconds (0d 0h 3m 39s)

