#
# A fatal error has been detected by the Java Runtime Environment:
#
#  EXCEPTION_ACCESS_VIOLATION (0xc0000005) at pc=0x000000000268b8f8, pid=6924, tid=0x0000000000001960
#
# JRE version: OpenJDK Runtime Environment (8.0_112-b06) (build 1.8.0_112-release-b06)
# Java VM: OpenJDK 64-Bit Server VM (25.112-b06 mixed mode windows-amd64 compressed oops)
# Problematic frame:
# J 12329 C1 com.android.dx.dex.code.OutputFinisher.getAllConstants()Ljava/util/HashSet; (47 bytes) @ 0x000000000268b8f8 [0x000000000268b200+0x6f8]
#
# Failed to write core dump. Minidumps are not enabled by default on client versions of Windows
#
# If you would like to submit a bug report, please visit:
#   http://bugreport.java.com/bugreport/crash.jsp
#

---------------  T H R E A D  ---------------

Current thread (0x000000005b565000):  JavaThread "pool-15-thread-1" [_thread_in_Java, id=6496, stack(0x0000000064810000,0x0000000064910000)]

siginfo: ExceptionCode=0xc0000005, reading address 0x0000000011f20b78

Registers:
RAX=0x00000000a3e990b8, RBX=0x000000000003dee7, RCX=0x0000000000010029, RDX=0x00000000e45ecbb8
RSP=0x000000006490e960, RBP=0x000000006490eb28, RSI=0x0000000011f20b48, RDI=0x0000000015f20470
R8 =0x0000000000000014, R9 =0x00000000a3e94af0, R10=0x00000000a3e990b8, R11=0x0000000000000015
R12=0x0000000000000000, R13=0x00000000e06ed800, R14=0x0000000000000706, R15=0x000000005b565000
RIP=0x000000000268b8f8, EFLAGS=0x0000000000010206

Top of Stack: (sp=0x000000006490e960)
0x000000006490e960:   000000000000002a 00000000659c9cf0
0x000000006490e970:   0000000015f27460 00000000659daa50
0x000000006490e980:   000000006490eb28 000000000445c3ec
0x000000006490e990:   000000005b565000 0000000000000706
0x000000006490e9a0:   00000000e447b6a8 0000000000000000
0x000000006490e9b0:   000000006490eb28 0000000004453d84
0x000000006490e9c0:   0000000000000012 000000000000003b
0x000000006490e9d0:   0000000000000000 0000000062d421c8
0x000000006490e9e0:   00000000e45ecb88 00000000e45ecb78
0x000000006490e9f0:   00000000a3e94ab0 00000000e45ecbb8
0x000000006490ea00:   0000000000000011 00000000e447b690
0x000000006490ea10:   000000006490eb28 0000000004458414
0x000000006490ea20:   00000000000000aa 0000000062d421c8
0x000000006490ea30:   0000000000000000 000000006490ea60
0x000000006490ea40:   000000006490eab0 0000000002388071
0x000000006490ea50:   000000006490eab0 0000000002387895 

Instructions: (pc=0x000000000268b8f8)
0x000000000268b8d8:   00 00 00 00 81 8e c0 01 00 00 00 01 00 00 e9 b9
0x000000000268b8e8:   00 00 00 48 bf 70 04 f2 15 00 00 00 00 8b 70 08
0x000000000268b8f8:   48 3b 7e 30 0f 85 86 00 00 00 48 be 38 4e a8 65
0x000000000268b908:   00 00 00 00 8b 78 08 48 3b be d0 01 00 00 75 0d 


Register to memory mapping:

RAX=
[error occurred during error reporting (printing register info), id 0xc0000005]

Stack: [0x0000000064810000,0x0000000064910000],  sp=0x000000006490e960,  free space=1018k
Native frames: (J=compiled Java code, j=interpreted, Vv=VM code, C=native code)
C  0x000000000268b8f8


---------------  P R O C E S S  ---------------

Java Threads: ( => current thread )
=>0x000000005b565000 JavaThread "pool-15-thread-1" [_thread_in_Java, id=6496, stack(0x0000000064810000,0x0000000064910000)]
  0x000000005b56b000 JavaThread "pool-28-thread-4" [_thread_blocked, id=6524, stack(0x0000000065020000,0x0000000065120000)]
  0x000000005b569800 JavaThread "pool-28-thread-3" [_thread_blocked, id=6368, stack(0x0000000064560000,0x0000000064660000)]
  0x000000005b566000 JavaThread "pool-28-thread-2" [_thread_blocked, id=3192, stack(0x0000000064ec0000,0x0000000064fc0000)]
  0x000000005b567800 JavaThread "pool-29-thread-1" [_thread_blocked, id=5824, stack(0x0000000064c30000,0x0000000064d30000)]
  0x000000005d0af800 JavaThread "pool-8-thread-4" [_thread_blocked, id=5508, stack(0x00000000646c0000,0x00000000647c0000)]
  0x000000005d0ad000 JavaThread "pool-8-thread-3" [_thread_blocked, id=6064, stack(0x0000000064290000,0x0000000064390000)]
  0x000000005d0ac800 JavaThread "pool-8-thread-2" [_thread_blocked, id=2448, stack(0x0000000064160000,0x0000000064260000)]
  0x000000005d0ab800 JavaThread "pool-8-thread-1" [_thread_blocked, id=6808, stack(0x0000000063050000,0x0000000063150000)]
  0x000000005d0aa000 JavaThread "pool-6-thread-4" [_thread_blocked, id=6316, stack(0x00000000622b0000,0x00000000623b0000)]
  0x000000005d0a9800 JavaThread "pool-6-thread-3" [_thread_blocked, id=6856, stack(0x000000005ab10000,0x000000005ac10000)]
  0x000000005d0ab000 JavaThread "pool-6-thread-2" [_thread_blocked, id=5996, stack(0x0000000062eb0000,0x0000000062fb0000)]
  0x000000005d0a8000 JavaThread "pool-6-thread-1" [_thread_blocked, id=7052, stack(0x0000000062db0000,0x0000000062eb0000)]
  0x000000005d0a8800 JavaThread "Cache update executor" [_thread_blocked, id=3900, stack(0x0000000062100000,0x0000000062200000)]
  0x000000005d0a6800 JavaThread "Stdin handler" [_thread_blocked, id=6852, stack(0x000000005f650000,0x000000005f750000)]
  0x000000005d0a7000 JavaThread "Asynchronous log dispatcher for DefaultDaemonConnection: socket connection from /127.0.0.1:6841 to /127.0.0.1:6867" [_thread_blocked, id=4716, stack(0x000000005a9e0000,0x000000005aae0000)]
  0x000000005d0a5000 JavaThread "Cancel handler" [_thread_blocked, id=6468, stack(0x000000005a560000,0x000000005a660000)]
  0x000000005d0a2800 JavaThread "Handler for socket connection from /127.0.0.1:6841 to /127.0.0.1:6867" [_thread_in_native, id=5216, stack(0x0000000059d50000,0x0000000059e50000)]
  0x000000005c8f5800 JavaThread "File lock request listener" [_thread_in_native, id=7104, stack(0x000000005f7a0000,0x000000005f8a0000)]
  0x000000005951c000 JavaThread "Daemon worker" [_thread_blocked, id=5816, stack(0x000000005a7d0000,0x000000005a8d0000)]
  0x00000000594ca000 JavaThread "pool-1-thread-1" [_thread_blocked, id=5088, stack(0x000000005a6a0000,0x000000005a7a0000)]
  0x00000000597e2800 JavaThread "Daemon" [_thread_blocked, id=4900, stack(0x000000005a380000,0x000000005a480000)]
  0x00000000594e4000 JavaThread "Incoming local TCP Connector on port 6841" [_thread_in_native, id=1728, stack(0x0000000056f90000,0x0000000057090000)]
  0x00000000560af800 JavaThread "Service Thread" daemon [_thread_blocked, id=4184, stack(0x00000000580a0000,0x00000000581a0000)]
  0x00000000574b9800 JavaThread "C1 CompilerThread2" daemon [_thread_blocked, id=6748, stack(0x0000000057f70000,0x0000000058070000)]
  0x00000000574b7000 JavaThread "C2 CompilerThread1" daemon [_thread_blocked, id=7012, stack(0x0000000057c40000,0x0000000057d40000)]
  0x00000000574b2800 JavaThread "C2 CompilerThread0" daemon [_thread_blocked, id=6736, stack(0x0000000057dc0000,0x0000000057ec0000)]
  0x00000000560a5800 JavaThread "Attach Listener" daemon [_thread_blocked, id=5992, stack(0x0000000057b10000,0x0000000057c10000)]
  0x00000000560a4800 JavaThread "Signal Dispatcher" daemon [_thread_blocked, id=6592, stack(0x0000000057920000,0x0000000057a20000)]
  0x000000005608c800 JavaThread "Finalizer" daemon [_thread_blocked, id=7148, stack(0x00000000573b0000,0x00000000574b0000)]
  0x0000000056045800 JavaThread "Reference Handler" daemon [_thread_blocked, id=4424, stack(0x0000000057290000,0x0000000057390000)]
  0x0000000001c5e000 JavaThread "main" [_thread_blocked, id=6812, stack(0x0000000001fb0000,0x00000000020b0000)]

Other Threads:
  0x000000005603a000 VMThread [stack: 0x00000000570b0000,0x00000000571b0000] [id=6580]
  0x000000005752e000 WatcherThread [stack: 0x00000000582c0000,0x00000000583c0000] [id=6728]

VM state:synchronizing (normal execution)

VM Mutex/Monitor currently owned by a thread:  ([mutex/lock_event])
[0x0000000001c5c920] Safepoint_lock - owner thread: 0x000000005603a000
[0x0000000001c5c9a0] Threads_lock - owner thread: 0x000000005603a000

Heap:
 PSYoungGen      total 295424K, used 110721K [0x00000000e0000000, 0x00000000fae00000, 0x0000000100000000)
  eden space 257024K, 28% used [0x00000000e0000000,0x00000000e46a3400,0x00000000efb00000)
  from space 38400K, 99% used [0x00000000efb00000,0x00000000f207d3b0,0x00000000f2080000)
  to   space 50688K, 0% used [0x00000000f7c80000,0x00000000f7c80000,0x00000000fae00000)
 ParOldGen       total 139776K, used 66621K [0x00000000a0000000, 0x00000000a8880000, 0x00000000e0000000)
  object space 139776K, 47% used [0x00000000a0000000,0x00000000a410f778,0x00000000a8880000)
 Metaspace       used 65180K, capacity 67234K, committed 67456K, reserved 1107968K
  class space    used 8319K, capacity 8709K, committed 8832K, reserved 1048576K

Card table byte_map: [0x0000000011740000,0x0000000011a50000] byte_map_base: 0x0000000011240000

Marking Bits: (ParMarkBitMap*) 0x00000000669218f0
 Begin Bits: [0x00000000123b0000, 0x0000000013bb0000)
 End Bits:   [0x0000000013bb0000, 0x00000000153b0000)

Polling page: 0x0000000000230000

CodeCache: size=245760Kb used=34630Kb max_used=34630Kb free=211129Kb
 bounds [0x0000000002380000, 0x0000000004570000, 0x0000000011380000]
 total_blobs=11513 nmethods=10727 adapters=698
 compilation: enabled

Compilation events (10 events):
Event: 30.912 Thread 0x00000000574b9800 nmethod 12789 0x000000000456a990 code [0x000000000456ab00, 0x000000000456aca8]
Event: 30.933 Thread 0x00000000574b9800 12791       2       com.google.common.collect.ImmutableCollection::toArray (44 bytes)
Event: 30.934 Thread 0x00000000574b9800 nmethod 12791 0x000000000456add0 code [0x000000000456af80, 0x000000000456b2c8]
Event: 30.936 Thread 0x00000000574b9800 12792       2       com.android.dx.dex.code.StdCatchBuilder::getCatchTypes (97 bytes)
Event: 30.937 Thread 0x00000000574b9800 nmethod 12792 0x000000000456b590 code [0x000000000456b7a0, 0x000000000456bca8]
Event: 30.940 Thread 0x00000000574b9800 12793       2       com.android.dx.cf.code.BytecodeArray$ConstantParserVisitor::visitConstant (18 bytes)
Event: 30.940 Thread 0x00000000574b9800 nmethod 12793 0x000000000456c250 code [0x000000000456c3a0, 0x000000000456c510]
Event: 30.940 Thread 0x00000000574b9800 12795       2       com.android.dx.cf.code.SwitchList::<init> (37 bytes)
Event: 30.940 Thread 0x00000000574b9800 nmethod 12795 0x000000000456c590 code [0x000000000456c700, 0x000000000456c9b8]
Event: 30.940 Thread 0x00000000574b9800 12797       2       com.android.dx.cf.code.SwitchList::removeSuperfluousDefaults (149 bytes)

GC Heap History (10 events):
Event: 9.256 GC heap before
{Heap before GC invocations=14 (full 3):
 PSYoungGen      total 197120K, used 19186K [0x00000000e0000000, 0x00000000f0c00000, 0x0000000100000000)
  eden space 173056K, 0% used [0x00000000e0000000,0x00000000e0000000,0x00000000ea900000)
  from space 24064K, 79% used [0x00000000ea900000,0x00000000ebbbca60,0x00000000ec080000)
  to   space 25600K, 0% used [0x00000000ef300000,0x00000000ef300000,0x00000000f0c00000)
 ParOldGen       total 95232K, used 37646K [0x00000000a0000000, 0x00000000a5d00000, 0x00000000e0000000)
  object space 95232K, 39% used [0x00000000a0000000,0x00000000a24c38a8,0x00000000a5d00000)
 Metaspace       used 57355K, capacity 59054K, committed 59160K, reserved 1099776K
  class space    used 7648K, capacity 8015K, committed 8064K, reserved 1048576K
Event: 9.435 GC heap after
Heap after GC invocations=14 (full 3):
 PSYoungGen      total 197120K, used 0K [0x00000000e0000000, 0x00000000f0c00000, 0x0000000100000000)
  eden space 173056K, 0% used [0x00000000e0000000,0x00000000e0000000,0x00000000ea900000)
  from space 24064K, 0% used [0x00000000ea900000,0x00000000ea900000,0x00000000ec080000)
  to   space 25600K, 0% used [0x00000000ef300000,0x00000000ef300000,0x00000000f0c00000)
 ParOldGen       total 139776K, used 34144K [0x00000000a0000000, 0x00000000a8880000, 0x00000000e0000000)
  object space 139776K, 24% used [0x00000000a0000000,0x00000000a2158000,0x00000000a8880000)
 Metaspace       used 57354K, capacity 59048K, committed 59160K, reserved 1099776K
  class space    used 7647K, capacity 8014K, committed 8064K, reserved 1048576K
}
Event: 26.777 GC heap before
{Heap before GC invocations=15 (full 3):
 PSYoungGen      total 197120K, used 173056K [0x00000000e0000000, 0x00000000f0c00000, 0x0000000100000000)
  eden space 173056K, 100% used [0x00000000e0000000,0x00000000ea900000,0x00000000ea900000)
  from space 24064K, 0% used [0x00000000ea900000,0x00000000ea900000,0x00000000ec080000)
  to   space 25600K, 0% used [0x00000000ef300000,0x00000000ef300000,0x00000000f0c00000)
 ParOldGen       total 139776K, used 34144K [0x00000000a0000000, 0x00000000a8880000, 0x00000000e0000000)
  object space 139776K, 24% used [0x00000000a0000000,0x00000000a2158000,0x00000000a8880000)
 Metaspace       used 60579K, capacity 62424K, committed 62592K, reserved 1103872K
  class space    used 7883K, capacity 8236K, committed 8320K, reserved 1048576K
Event: 26.786 GC heap after
Heap after GC invocations=15 (full 3):
 PSYoungGen      total 234496K, used 7537K [0x00000000e0000000, 0x00000000f0480000, 0x0000000100000000)
  eden space 216576K, 0% used [0x00000000e0000000,0x00000000e0000000,0x00000000ed380000)
  from space 17920K, 42% used [0x00000000ef300000,0x00000000efa5c4b8,0x00000000f0480000)
  to   space 25088K, 0% used [0x00000000ed380000,0x00000000ed380000,0x00000000eec00000)
 ParOldGen       total 139776K, used 34152K [0x00000000a0000000, 0x00000000a8880000, 0x00000000e0000000)
  object space 139776K, 24% used [0x00000000a0000000,0x00000000a215a000,0x00000000a8880000)
 Metaspace       used 60579K, capacity 62424K, committed 62592K, reserved 1103872K
  class space    used 7883K, capacity 8236K, committed 8320K, reserved 1048576K
}
Event: 28.606 GC heap before
{Heap before GC invocations=16 (full 3):
 PSYoungGen      total 234496K, used 224113K [0x00000000e0000000, 0x00000000f0480000, 0x0000000100000000)
  eden space 216576K, 100% used [0x00000000e0000000,0x00000000ed380000,0x00000000ed380000)
  from space 17920K, 42% used [0x00000000ef300000,0x00000000efa5c4b8,0x00000000f0480000)
  to   space 25088K, 0% used [0x00000000ed380000,0x00000000ed380000,0x00000000eec00000)
 ParOldGen       total 139776K, used 34152K [0x00000000a0000000, 0x00000000a8880000, 0x00000000e0000000)
  object space 139776K, 24% used [0x00000000a0000000,0x00000000a215a000,0x00000000a8880000)
 Metaspace       used 64599K, capacity 66722K, committed 66944K, reserved 1107968K
  class space    used 8311K, capacity 8709K, committed 8832K, reserved 1048576K
Event: 28.629 GC heap after
Heap after GC invocations=16 (full 3):
 PSYoungGen      total 241664K, used 24704K [0x00000000e0000000, 0x00000000f3c80000, 0x0000000100000000)
  eden space 216576K, 0% used [0x00000000e0000000,0x00000000e0000000,0x00000000ed380000)
  from space 25088K, 98% used [0x00000000ed380000,0x00000000eeba02f0,0x00000000eec00000)
  to   space 28672K, 0% used [0x00000000f2080000,0x00000000f2080000,0x00000000f3c80000)
 ParOldGen       total 139776K, used 34160K [0x00000000a0000000, 0x00000000a8880000, 0x00000000e0000000)
  object space 139776K, 24% used [0x00000000a0000000,0x00000000a215c000,0x00000000a8880000)
 Metaspace       used 64599K, capacity 66722K, committed 66944K, reserved 1107968K
  class space    used 8311K, capacity 8709K, committed 8832K, reserved 1048576K
}
Event: 29.519 GC heap before
{Heap before GC invocations=17 (full 3):
 PSYoungGen      total 241664K, used 241280K [0x00000000e0000000, 0x00000000f3c80000, 0x0000000100000000)
  eden space 216576K, 100% used [0x00000000e0000000,0x00000000ed380000,0x00000000ed380000)
  from space 25088K, 98% used [0x00000000ed380000,0x00000000eeba02f0,0x00000000eec00000)
  to   space 28672K, 0% used [0x00000000f2080000,0x00000000f2080000,0x00000000f3c80000)
 ParOldGen       total 139776K, used 34160K [0x00000000a0000000, 0x00000000a8880000, 0x00000000e0000000)
  object space 139776K, 24% used [0x00000000a0000000,0x00000000a215c000,0x00000000a8880000)
 Metaspace       used 64687K, capacity 66786K, committed 67200K, reserved 1107968K
  class space    used 8312K, capacity 8709K, committed 8832K, reserved 1048576K
Event: 29.567 GC heap after
Heap after GC invocations=17 (full 3):
 PSYoungGen      total 285696K, used 28649K [0x00000000e0000000, 0x00000000f5700000, 0x0000000100000000)
  eden space 257024K, 0% used [0x00000000e0000000,0x00000000e0000000,0x00000000efb00000)
  from space 28672K, 99% used [0x00000000f2080000,0x00000000f3c7a740,0x00000000f3c80000)
  to   space 38400K, 0% used [0x00000000efb00000,0x00000000efb00000,0x00000000f2080000)
 ParOldGen       total 139776K, used 49501K [0x00000000a0000000, 0x00000000a8880000, 0x00000000e0000000)
  object space 139776K, 35% used [0x00000000a0000000,0x00000000a3057440,0x00000000a8880000)
 Metaspace       used 64687K, capacity 66786K, committed 67200K, reserved 1107968K
  class space    used 8312K, capacity 8709K, committed 8832K, reserved 1048576K
}
Event: 30.442 GC heap before
{Heap before GC invocations=18 (full 3):
 PSYoungGen      total 285696K, used 285673K [0x00000000e0000000, 0x00000000f5700000, 0x0000000100000000)
  eden space 257024K, 100% used [0x00000000e0000000,0x00000000efb00000,0x00000000efb00000)
  from space 28672K, 99% used [0x00000000f2080000,0x00000000f3c7a740,0x00000000f3c80000)
  to   space 38400K, 0% used [0x00000000efb00000,0x00000000efb00000,0x00000000f2080000)
 ParOldGen       total 139776K, used 49501K [0x00000000a0000000, 0x00000000a8880000, 0x00000000e0000000)
  object space 139776K, 35% used [0x00000000a0000000,0x00000000a3057440,0x00000000a8880000)
 Metaspace       used 64927K, capacity 66978K, committed 67200K, reserved 1107968K
  class space    used 8319K, capacity 8709K, committed 8832K, reserved 1048576K
Event: 30.518 GC heap after
Heap after GC invocations=18 (full 3):
 PSYoungGen      total 295424K, used 38388K [0x00000000e0000000, 0x00000000fae00000, 0x0000000100000000)
  eden space 257024K, 0% used [0x00000000e0000000,0x00000000e0000000,0x00000000efb00000)
  from space 38400K, 99% used [0x00000000efb00000,0x00000000f207d3b0,0x00000000f2080000)
  to   space 50688K, 0% used [0x00000000f7c80000,0x00000000f7c80000,0x00000000fae00000)
 ParOldGen       total 139776K, used 66621K [0x00000000a0000000, 0x00000000a8880000, 0x00000000e0000000)
  object space 139776K, 47% used [0x00000000a0000000,0x00000000a410f778,0x00000000a8880000)
 Metaspace       used 64927K, capacity 66978K, committed 67200K, reserved 1107968K
  class space    used 8319K, capacity 8709K, committed 8832K, reserved 1048576K
}

Deoptimization events (10 events):
Event: 29.700 Thread 0x000000005d38a800 Uncommon trap: reason=unstable_if action=reinterpret pc=0x00000000040ea270 method=java.util.concurrent.ConcurrentHashMap.putVal(Ljava/lang/Object;Ljava/lang/Object;Z)Ljava/lang/Object; @ 331
Event: 29.703 Thread 0x000000005d389000 Uncommon trap: reason=bimorphic action=maybe_recompile pc=0x000000000428a5e8 method=com.android.dx.cf.code.RopperMachine.run(Lcom/android/dx/cf/code/Frame;II)V @ 988
Event: 30.301 Thread 0x000000005b567800 Uncommon trap: reason=speculate_class_check action=maybe_recompile pc=0x00000000041d5970 method=com.android.dx.util.FixedSizeList.equals(Ljava/lang/Object;)Z @ 25
Event: 30.301 Thread 0x000000005b567800 Uncommon trap: reason=speculate_class_check action=maybe_recompile pc=0x00000000041d5970 method=com.android.dx.util.FixedSizeList.equals(Ljava/lang/Object;)Z @ 25
Event: 30.302 Thread 0x000000005b567800 Uncommon trap: reason=speculate_class_check action=maybe_recompile pc=0x00000000041d5970 method=com.android.dx.util.FixedSizeList.equals(Ljava/lang/Object;)Z @ 25
Event: 30.302 Thread 0x000000005b567800 Uncommon trap: reason=speculate_class_check action=maybe_recompile pc=0x00000000041d5970 method=com.android.dx.util.FixedSizeList.equals(Ljava/lang/Object;)Z @ 25
Event: 30.788 Thread 0x000000005b566800 Uncommon trap: reason=bimorphic action=maybe_recompile pc=0x00000000044b0b84 method=com.android.dx.rop.code.RegisterSpec.withSimpleType()Lcom/android/dx/rop/code/RegisterSpec; @ 21
Event: 30.860 Thread 0x000000005d0ae000 Uncommon trap: reason=bimorphic action=maybe_recompile pc=0x00000000044b0b84 method=com.android.dx.rop.code.RegisterSpec.withSimpleType()Lcom/android/dx/rop/code/RegisterSpec; @ 21
Event: 30.860 Thread 0x000000005d0ae000 Uncommon trap: reason=bimorphic action=maybe_recompile pc=0x00000000044b0b84 method=com.android.dx.rop.code.RegisterSpec.withSimpleType()Lcom/android/dx/rop/code/RegisterSpec; @ 21
Event: 30.872 Thread 0x000000005b568000 Uncommon trap: reason=bimorphic action=maybe_recompile pc=0x00000000044b0b84 method=com.android.dx.rop.code.RegisterSpec.withSimpleType()Lcom/android/dx/rop/code/RegisterSpec; @ 21

Internal exceptions (10 events):
Event: 28.065 Thread 0x000000005d0a9800 Exception <a 'sun/nio/fs/WindowsException'> (0x00000000e8411b38) thrown at [C:\src\android\AOSP-openjdk\external\jetbrains\jdk\hotspot\src\share\vm\prims\jni.cpp, line 709]
Event: 28.069 Thread 0x000000005d0ab000 Exception <a 'sun/nio/fs/WindowsException'> (0x00000000e8375dd0) thrown at [C:\src\android\AOSP-openjdk\external\jetbrains\jdk\hotspot\src\share\vm\prims\jni.cpp, line 709]
Event: 28.497 Thread 0x000000005d389000 Implicit null exception at 0x00000000040ef40c to 0x00000000040f28bd
Event: 30.729 Thread 0x000000005d0ab000 Exception <a 'sun/nio/fs/WindowsException'> (0x00000000e19529d0) thrown at [C:\src\android\AOSP-openjdk\external\jetbrains\jdk\hotspot\src\share\vm\prims\jni.cpp, line 709]
Event: 30.776 Thread 0x000000005d0aa000 Exception <a 'sun/nio/fs/WindowsException'> (0x00000000e1fbb2d0) thrown at [C:\src\android\AOSP-openjdk\external\jetbrains\jdk\hotspot\src\share\vm\prims\jni.cpp, line 709]
Event: 30.784 Thread 0x000000005d0ab000 Exception <a 'sun/nio/fs/WindowsException'> (0x00000000e1971388) thrown at [C:\src\android\AOSP-openjdk\external\jetbrains\jdk\hotspot\src\share\vm\prims\jni.cpp, line 709]
Event: 30.825 Thread 0x000000005d0aa000 Exception <a 'sun/nio/fs/WindowsException'> (0x00000000e1fd8f58) thrown at [C:\src\android\AOSP-openjdk\external\jetbrains\jdk\hotspot\src\share\vm\prims\jni.cpp, line 709]
Event: 30.900 Thread 0x000000005d0aa000 Exception <a 'sun/nio/fs/WindowsException'> (0x00000000e44bf050) thrown at [C:\src\android\AOSP-openjdk\external\jetbrains\jdk\hotspot\src\share\vm\prims\jni.cpp, line 709]
Event: 30.916 Thread 0x000000005d0ab000 Exception <a 'sun/nio/fs/WindowsException'> (0x00000000e198f460) thrown at [C:\src\android\AOSP-openjdk\external\jetbrains\jdk\hotspot\src\share\vm\prims\jni.cpp, line 709]
Event: 30.939 Thread 0x000000005d0aa000 Exception <a 'sun/nio/fs/WindowsException'> (0x00000000e44dc9f0) thrown at [C:\src\android\AOSP-openjdk\external\jetbrains\jdk\hotspot\src\share\vm\prims\jni.cpp, line 709]

Events (10 events):
Event: 30.872 Thread 0x000000005b568000 DEOPT UNPACKING pc=0x00000000023c556a sp=0x000000005a9ce768 mode 2
Event: 30.884 Thread 0x000000005d388800 Thread exited: 0x000000005d388800
Event: 30.887 Thread 0x000000005b568000 Thread exited: 0x000000005b568000
Event: 30.887 Thread 0x000000005b56c000 Thread exited: 0x000000005b56c000
Event: 30.887 Thread 0x000000005b565000 Thread exited: 0x000000005b565000
Event: 30.888 Thread 0x000000005b565000 Thread added: 0x000000005b565000
Event: 30.889 Executing VM operation: RevokeBias
Event: 30.889 Executing VM operation: RevokeBias done
Event: 30.928 Executing VM operation: RevokeBias
Event: 30.928 Executing VM operation: RevokeBias done


Dynamic libraries:
0x000000013f7b0000 - 0x000000013f7e1000 	C:\Program Files\Android\Android Studio\jre\bin\java.exe
0x00000000774d0000 - 0x000000007767a000 	C:\Windows\SYSTEM32\ntdll.dll
0x00000000773b0000 - 0x00000000774cf000 	C:\Windows\system32\kernel32.dll
0x000007fefd420000 - 0x000007fefd48a000 	C:\Windows\system32\KERNELBASE.dll
0x000007fefe110000 - 0x000007fefe1eb000 	C:\Windows\system32\ADVAPI32.dll
0x000007fefd9f0000 - 0x000007fefda8f000 	C:\Windows\system32\msvcrt.dll
0x000007fefe380000 - 0x000007fefe39f000 	C:\Windows\SYSTEM32\sechost.dll
0x000007fefd580000 - 0x000007fefd6ad000 	C:\Windows\system32\RPCRT4.dll
0x00000000772b0000 - 0x00000000773aa000 	C:\Windows\system32\USER32.dll
0x000007fefd8e0000 - 0x000007fefd947000 	C:\Windows\system32\GDI32.dll
0x000007fefea40000 - 0x000007fefea4e000 	C:\Windows\system32\LPK.dll
0x000007fefe040000 - 0x000007fefe10b000 	C:\Windows\system32\USP10.dll
0x000007fefc840000 - 0x000007fefca34000 	C:\Windows\WinSxS\amd64_microsoft.windows.common-controls_6595b64144ccf1df_6.0.7601.18837_none_fa3b1e3d17594757\COMCTL32.dll
0x000007fefdcf0000 - 0x000007fefdd61000 	C:\Windows\system32\SHLWAPI.dll
0x000007fefdf00000 - 0x000007fefdf2e000 	C:\Windows\system32\IMM32.DLL
0x000007fefdf30000 - 0x000007fefe039000 	C:\Windows\system32\MSCTF.dll
0x00000000731d0000 - 0x00000000732a2000 	C:\Program Files\Android\Android Studio\jre\jre\bin\msvcr100.dll
0x0000000066160000 - 0x000000006699c000 	C:\Program Files\Android\Android Studio\jre\jre\bin\server\jvm.dll
0x000007fef8660000 - 0x000007fef8669000 	C:\Windows\system32\WSOCK32.dll
0x000007fefd6b0000 - 0x000007fefd6fd000 	C:\Windows\system32\WS2_32.dll
0x000007fefde10000 - 0x000007fefde18000 	C:\Windows\system32\NSI.dll
0x000007feefc40000 - 0x000007feefc7b000 	C:\Windows\system32\WINMM.dll
0x000007fefb980000 - 0x000007fefb98c000 	C:\Windows\system32\VERSION.dll
0x00000000776a0000 - 0x00000000776a7000 	C:\Windows\system32\PSAPI.DLL
0x000007fef8670000 - 0x000007fef867f000 	C:\Program Files\Android\Android Studio\jre\jre\bin\verify.dll
0x000007feeef70000 - 0x000007feeef99000 	C:\Program Files\Android\Android Studio\jre\jre\bin\java.dll
0x000007feeeef0000 - 0x000007feeef06000 	C:\Program Files\Android\Android Studio\jre\jre\bin\zip.dll
0x000007fefea50000 - 0x000007feff7da000 	C:\Windows\system32\SHELL32.dll
0x000007fefdaf0000 - 0x000007fefdcec000 	C:\Windows\system32\ole32.dll
0x000007fefd1c0000 - 0x000007fefd1cf000 	C:\Windows\system32\profapi.dll
0x000007feedb10000 - 0x000007feedb2a000 	C:\Program Files\Android\Android Studio\jre\jre\bin\net.dll
0x000007fefc6d0000 - 0x000007fefc725000 	C:\Windows\system32\mswsock.dll
0x000007fefc6c0000 - 0x000007fefc6c7000 	C:\Windows\System32\wship6.dll
0x000007feedb30000 - 0x000007feedb41000 	C:\Program Files\Android\Android Studio\jre\jre\bin\nio.dll
0x000007fede420000 - 0x000007fede43e000 	C:\Users\user\.gradle\native\23\windows-amd64\native-platform.dll
0x000007fefc730000 - 0x000007fefc748000 	C:\Windows\system32\CRYPTSP.dll
0x000007fefc430000 - 0x000007fefc477000 	C:\Windows\system32\rsaenh.dll
0x000007fefd360000 - 0x000007fefd37e000 	C:\Windows\system32\USERENV.dll
0x000007fefd060000 - 0x000007fefd06f000 	C:\Windows\system32\CRYPTBASE.dll
0x000007fefaf90000 - 0x000007fefafb7000 	C:\Windows\system32\IPHLPAPI.DLL
0x000007fefaf80000 - 0x000007fefaf8b000 	C:\Windows\system32\WINNSI.DLL
0x000007fefbe20000 - 0x000007fefbe31000 	C:\Windows\system32\dhcpcsvc6.DLL
0x000007fefbda0000 - 0x000007fefbdb8000 	C:\Windows\system32\dhcpcsvc.DLL
0x000007feeeee0000 - 0x000007feeeeed000 	C:\Program Files\Android\Android Studio\jre\jre\bin\management.dll
0x000007fefd000000 - 0x000007fefd057000 	C:\Windows\system32\apphelp.dll
0x000007feef150000 - 0x000007feef275000 	C:\Windows\system32\dbghelp.dll

VM Arguments:
jvm_args: -Xmx1536m -Dfile.encoding=windows-1251 -Duser.country=RU -Duser.language=ru -Duser.variant 
java_command: org.gradle.launcher.daemon.bootstrap.GradleDaemon 3.3
java_class_path (initial): C:\Users\user\.gradle\wrapper\dists\gradle-3.3-all\55gk2rcmfc6p2dg9u9ohc3hw9\gradle-3.3\lib\gradle-launcher-3.3.jar
Launcher Type: SUN_STANDARD

Environment Variables:
PATH=C:\ProgramData\Oracle\Java\javapath;C:\Program Files (x86)\Embarcadero\Studio\17.0\bin;C:\Users\Public\Documents\Embarcadero\Studio\17.0\Bpl;C:\Program Files (x86)\Embarcadero\Studio\17.0\bin64;C:\Users\Public\Documents\Embarcadero\Studio\17.0\Bpl\Win64;C:\Program Files (x86)\Borland\Delphi7\Bin;C:\Program Files (x86)\Borland\Delphi7\Projects\Bpl\;C:\Windows\system32;C:\Windows;C:\Windows\System32\Wbem;C:\Windows\System32\WindowsPowerShell\v1.0\;C:\Program Files (x86)\NVIDIA Corporation\PhysX\Common;C:\Program Files (x86)\Windows Kits\8.1\Windows Performance Toolkit\;C:\Program Files\Microsoft SQL Server\110\Tools\Binn\;C:\Program Files (x86)\Microsoft SDKs\TypeScript\1.0\;C:\Program Files\Microsoft SQL Server\120\Tools\Binn\;C:\Users\user\.dnx\bin;C:\Program Files\Microsoft DNX\Dnvm\;C:\Program Files (x86)\Microsoft SQL Server\100\Tools\Binn\;C:\Program Files\Microsoft SQL Server\100\Tools\Binn\;C:\Program Files\Microsoft SQL Server\100\DTS\Binn\;C:\Program Files (x86)\Microsoft SQL Server\100\Tools\Binn\VSS
USERNAME=user
OS=Windows_NT
PROCESSOR_IDENTIFIER=Intel64 Family 6 Model 60 Stepping 3, GenuineIntel



---------------  S Y S T E M  ---------------

OS: Windows 7 , 64 bit Build 7601 (6.1.7601.23915)

CPU:total 4 (2 cores per cpu, 2 threads per core) family 6 model 60 stepping 3, cmov, cx8, fxsr, mmx, sse, sse2, sse3, ssse3, sse4.1, sse4.2, popcnt, avx, avx2, aes, clmul, erms, lzcnt, ht, tsc, tscinvbit, bmi1, bmi2

Memory: 4k page, physical 8325648k(1640676k free), swap 16649436k(8993932k free)

vm_info: OpenJDK 64-Bit Server VM (25.112-b06) for windows-amd64 JRE (1.8.0_112-release-b06), built on Dec  8 2016 00:54:26 by "builder" with MS VC++ 10.0 (VS2010)

time: Wed Jan 03 14:40:03 2018
elapsed time: 30 seconds (0d 0h 0m 30s)

