#
# A fatal error has been detected by the Java Runtime Environment:
#
#  EXCEPTION_ACCESS_VIOLATION (0xc0000005) at pc=0x00000000661ea070, pid=6336, tid=0x0000000000001148
#
# JRE version: OpenJDK Runtime Environment (8.0_112-b06) (build 1.8.0_112-release-b06)
# Java VM: OpenJDK 64-Bit Server VM (25.112-b06 mixed mode windows-amd64 compressed oops)
# Problematic frame:
# V  [jvm.dll+0x8a070]
#
# Failed to write core dump. Minidumps are not enabled by default on client versions of Windows
#
# If you would like to submit a bug report, please visit:
#   http://bugreport.java.com/bugreport/crash.jsp
#

---------------  T H R E A D  ---------------

Current thread (0x0000000001eae000):  GCTaskThread [stack: 0x0000000002070000,0x0000000002170000] [id=4424]

siginfo: ExceptionCode=0xc0000005, reading address 0x000000001174ae38

Registers:
RAX=0x0000000000000001, RBX=0x00000000e3b3e138, RCX=0x00000000e3b3e138, RDX=0x000000001174ae30
RSP=0x000000000216f9d8, RBP=0x00000000119a4981, RSI=0x00000000560baa00, RDI=0x00000000a0927c00
R8 =0x00000000560baa00, R9 =0x0000000000000005, R10=0x0000000000000008, R11=0x00000000e89ee558
R12=0x00000000119a4927, R13=0x0000000000000001, R14=0x0000000000000000, R15=0x0000000001ea8700
RIP=0x00000000661ea070, EFLAGS=0x0000000000010206

Top of Stack: (sp=0x000000000216f9d8)
0x000000000216f9d8:   000000006652ac22 00000000e3b3e058
0x000000000216f9e8:   0000000000000005 00000000560baa00
0x000000000216f9f8:   0000000066527c95 00000000e89e6568
0x000000000216fa08:   0000000000001000 0000000000360000
0x000000000216fa18:   000000006625adba 0000000000000000
0x000000000216fa28:   00000000560baa00 00000000119a4927
0x000000000216fa38:   000000006652af90 00000000e89e8c74
0x000000000216fa48:   00000000119a4981 00000000560baa00
0x000000000216fa58:   00000000a0927c00 00000000e89e8c74
0x000000000216fa68:   000000006652bb35 00000000e0359b68
0x000000000216fa78:   00000000119a4981 00000000560baa00
0x000000000216fa88:   0000000008be0000 0000000008bdda63
0x000000000216fa98:   00000000665276d5 00000000a0927adc
0x000000000216faa8:   000000006624ee60 00000000a0927ae5
0x000000000216fab8:   00000000a0927ae5 00000000a09277a5
0x000000000216fac8:   00000000a09277a5 00000000a0927b70 

Instructions: (pc=0x00000000661ea070)
0x00000000661ea050:   1c 42 1d 00 48 8b 9c 24 c0 00 00 00 48 81 c4 b0
0x00000000661ea060:   00 00 00 5d c3 cc cc cc cc cc cc cc cc cc cc cc
0x00000000661ea070:   44 8b 42 08 4c 8b ca 45 85 c0 7e 0e 41 f6 c0 01
0x00000000661ea080:   75 57 41 c1 f8 03 41 8b c0 c3 79 4d 80 3d de d7 


Register to memory mapping:

RAX=0x0000000000000001 is an unknown value
RBX=0x00000000e3b3e138 is an oop

[error occurred during error reporting (printing register info), id 0xc0000005]

Stack: [0x0000000002070000,0x0000000002170000],  sp=0x000000000216f9d8,  free space=1022k
Native frames: (J=compiled Java code, j=interpreted, Vv=VM code, C=native code)
V  [jvm.dll+0x8a070]


---------------  P R O C E S S  ---------------

Java Threads: ( => current thread )
  0x000000005d48f000 JavaThread "File lock request listener" [_thread_in_native, id=5508, stack(0x000000005e4d0000,0x000000005e5d0000)]
  0x000000005972c000 JavaThread "Stdin handler" [_thread_blocked, id=6316, stack(0x000000005bc30000,0x000000005bd30000)]
  0x000000005972b000 JavaThread "Asynchronous log dispatcher for DefaultDaemonConnection: socket connection from /127.0.0.1:7009 to /127.0.0.1:7010" [_thread_blocked, id=5996, stack(0x000000005ba70000,0x000000005bb70000)]
  0x000000005972d000 JavaThread "Daemon worker" [_thread_blocked, id=4716, stack(0x000000005b290000,0x000000005b390000)]
  0x00000000597e8000 JavaThread "Cancel handler" [_thread_blocked, id=7104, stack(0x000000005b7f0000,0x000000005b8f0000)]
  0x00000000597f6800 JavaThread "pool-1-thread-1" [_thread_blocked, id=6420, stack(0x000000005b6c0000,0x000000005b7c0000)]
  0x00000000593c2000 JavaThread "Handler for socket connection from /127.0.0.1:7009 to /127.0.0.1:7010" [_thread_in_native, id=6852, stack(0x000000005b5c0000,0x000000005b6c0000)]
  0x00000000593ec800 JavaThread "Daemon" [_thread_blocked, id=4900, stack(0x000000005b3d0000,0x000000005b4d0000)]
  0x0000000059254800 JavaThread "Incoming local TCP Connector on port 7009" [_thread_in_native, id=5816, stack(0x0000000058b00000,0x0000000058c00000)]
  0x000000005612c800 JavaThread "Service Thread" daemon [_thread_blocked, id=5216, stack(0x00000000581f0000,0x00000000582f0000)]
  0x00000000574ec800 JavaThread "C1 CompilerThread2" daemon [_thread_blocked, id=6812, stack(0x0000000058030000,0x0000000058130000)]
  0x00000000574ea800 JavaThread "C2 CompilerThread1" daemon [_thread_in_native, id=6816, stack(0x0000000057ef0000,0x0000000057ff0000)]
  0x00000000574e3800 JavaThread "C2 CompilerThread0" daemon [_thread_blocked, id=6728, stack(0x0000000057d80000,0x0000000057e80000)]
  0x00000000574e0800 JavaThread "Attach Listener" daemon [_thread_blocked, id=4184, stack(0x0000000057900000,0x0000000057a00000)]
  0x0000000056123800 JavaThread "Signal Dispatcher" daemon [_thread_blocked, id=6748, stack(0x0000000057aa0000,0x0000000057ba0000)]
  0x000000005610c000 JavaThread "Finalizer" daemon [_thread_blocked, id=7012, stack(0x0000000057250000,0x0000000057350000)]
  0x00000000560c5000 JavaThread "Reference Handler" daemon [_thread_blocked, id=6736, stack(0x00000000573e0000,0x00000000574e0000)]
  0x0000000001e5e000 JavaThread "main" [_thread_blocked, id=7000, stack(0x0000000002210000,0x0000000002310000)]

Other Threads:
  0x00000000560bd800 VMThread [stack: 0x0000000057140000,0x0000000057240000] [id=5992]
  0x000000005612d800 WatcherThread [stack: 0x0000000057c40000,0x0000000057d40000] [id=1728]

=>0x0000000001eae000 (exited) GCTaskThread [stack: 0x0000000002070000,0x0000000002170000] [id=4424]

VM state:at safepoint (normal execution)

VM Mutex/Monitor currently owned by a thread:  ([mutex/lock_event])
[0x0000000001e5c9a0] Threads_lock - owner thread: 0x00000000560bd800
[0x0000000001e5cea0] Heap_lock - owner thread: 0x000000005972d000

Heap:
 PSYoungGen      total 102400K, used 92160K [0x00000000e0000000, 0x00000000e9380000, 0x0000000100000000)
  eden space 92160K, 100% used [0x00000000e0000000,0x00000000e5a00000,0x00000000e5a00000)
  from space 10240K, 0% used [0x00000000e5a00000,0x00000000e5a00000,0x00000000e6400000)
  to   space 12288K, 49% used [0x00000000e8780000,0x00000000e8d6a360,0x00000000e9380000)
 ParOldGen       total 103936K, used 17772K [0x00000000a0000000, 0x00000000a6580000, 0x00000000e0000000)
  object space 103936K, 17% used [0x00000000a0000000,0x00000000a115b2e0,0x00000000a6580000)
 Metaspace       used 42112K, capacity 42880K, committed 43264K, reserved 1087488K
  class space    used 5641K, capacity 5849K, committed 5888K, reserved 1048576K

Card table byte_map: [0x00000000119a0000,0x0000000011cb0000] byte_map_base: 0x00000000114a0000

Marking Bits: (ParMarkBitMap*) 0x00000000669218f0
 Begin Bits: [0x0000000012430000, 0x0000000013c30000)
 End Bits:   [0x0000000013c30000, 0x0000000015430000)

Polling page: 0x0000000000330000

CodeCache: size=245760Kb used=14062Kb max_used=14062Kb free=231697Kb
 bounds [0x00000000025e0000, 0x00000000033b0000, 0x00000000115e0000]
 total_blobs=5094 nmethods=4367 adapters=639
 compilation: enabled

Compilation events (10 events):
Event: 5.210 Thread 0x00000000574ec800 4444       2       com.sun.org.apache.xerces.internal.parsers.AbstractSAXParser::startNamespaceMapping (77 bytes)
Event: 5.210 Thread 0x00000000574ec800 nmethod 4444 0x000000000339f990 code [0x000000000339fb20, 0x000000000339feb8]
Event: 5.210 Thread 0x00000000574ec800 4446       2       com.sun.xml.internal.bind.v2.runtime.unmarshaller.UnmarshallingContext::access$000 (4 bytes)
Event: 5.210 Thread 0x00000000574ec800 nmethod 4446 0x00000000033a02d0 code [0x00000000033a0420, 0x00000000033a0550]
Event: 5.210 Thread 0x00000000574ec800 4447       2       com.sun.xml.internal.bind.v2.runtime.unmarshaller.UnmarshallingContext::access$102 (7 bytes)
Event: 5.210 Thread 0x00000000574ec800 nmethod 4447 0x00000000033a05d0 code [0x00000000033a0720, 0x00000000033a0870]
Event: 5.210 Thread 0x00000000574ec800 4445       2       com.android.repository.impl.meta.SchemaModuleUtil$NamespaceFallbackFilter::startElement (59 bytes)
Event: 5.211 Thread 0x00000000574ec800 nmethod 4445 0x00000000033a0910 code [0x00000000033a0aa0, 0x00000000033a0d78]
Event: 5.211 Thread 0x00000000574ec800 4448       2       java.net.URLClassLoader$3::hasMoreElements (5 bytes)
Event: 5.211 Thread 0x00000000574ec800 nmethod 4448 0x00000000033a0f10 code [0x00000000033a1080, 0x00000000033a11e8]

GC Heap History (10 events):
Event: 1.752 GC heap after
Heap after GC invocations=5 (full 1):
 PSYoungGen      total 71680K, used 0K [0x00000000e0000000, 0x00000000e4b00000, 0x0000000100000000)
  eden space 66560K, 0% used [0x00000000e0000000,0x00000000e0000000,0x00000000e4100000)
  from space 5120K, 0% used [0x00000000e4600000,0x00000000e4600000,0x00000000e4b00000)
  to   space 5120K, 0% used [0x00000000e4100000,0x00000000e4100000,0x00000000e4600000)
 ParOldGen       total 65536K, used 8952K [0x00000000a0000000, 0x00000000a4000000, 0x00000000e0000000)
  object space 65536K, 13% used [0x00000000a0000000,0x00000000a08be080,0x00000000a4000000)
 Metaspace       used 20791K, capacity 21112K, committed 21296K, reserved 1067008K
  class space    used 2757K, capacity 2869K, committed 2944K, reserved 1048576K
}
Event: 2.433 GC heap before
{Heap before GC invocations=6 (full 1):
 PSYoungGen      total 71680K, used 66560K [0x00000000e0000000, 0x00000000e4b00000, 0x0000000100000000)
  eden space 66560K, 100% used [0x00000000e0000000,0x00000000e4100000,0x00000000e4100000)
  from space 5120K, 0% used [0x00000000e4600000,0x00000000e4600000,0x00000000e4b00000)
  to   space 5120K, 0% used [0x00000000e4100000,0x00000000e4100000,0x00000000e4600000)
 ParOldGen       total 65536K, used 8952K [0x00000000a0000000, 0x00000000a4000000, 0x00000000e0000000)
  object space 65536K, 13% used [0x00000000a0000000,0x00000000a08be080,0x00000000a4000000)
 Metaspace       used 25963K, capacity 26380K, committed 26496K, reserved 1073152K
  class space    used 3584K, capacity 3697K, committed 3712K, reserved 1048576K
Event: 2.439 GC heap after
Heap after GC invocations=6 (full 1):
 PSYoungGen      total 71680K, used 5100K [0x00000000e0000000, 0x00000000e7180000, 0x0000000100000000)
  eden space 66560K, 0% used [0x00000000e0000000,0x00000000e0000000,0x00000000e4100000)
  from space 5120K, 99% used [0x00000000e4100000,0x00000000e45fb2d0,0x00000000e4600000)
  to   space 10752K, 0% used [0x00000000e6700000,0x00000000e6700000,0x00000000e7180000)
 ParOldGen       total 65536K, used 11976K [0x00000000a0000000, 0x00000000a4000000, 0x00000000e0000000)
  object space 65536K, 18% used [0x00000000a0000000,0x00000000a0bb2328,0x00000000a4000000)
 Metaspace       used 25963K, capacity 26380K, committed 26496K, reserved 1073152K
  class space    used 3584K, capacity 3697K, committed 3712K, reserved 1048576K
}
Event: 3.542 GC heap before
{Heap before GC invocations=7 (full 1):
 PSYoungGen      total 71680K, used 71660K [0x00000000e0000000, 0x00000000e7180000, 0x0000000100000000)
  eden space 66560K, 100% used [0x00000000e0000000,0x00000000e4100000,0x00000000e4100000)
  from space 5120K, 99% used [0x00000000e4100000,0x00000000e45fb2d0,0x00000000e4600000)
  to   space 10752K, 0% used [0x00000000e6700000,0x00000000e6700000,0x00000000e7180000)
 ParOldGen       total 65536K, used 11976K [0x00000000a0000000, 0x00000000a4000000, 0x00000000e0000000)
  object space 65536K, 18% used [0x00000000a0000000,0x00000000a0bb2328,0x00000000a4000000)
 Metaspace       used 29419K, capacity 29870K, committed 30080K, reserved 1075200K
  class space    used 4001K, capacity 4153K, committed 4224K, reserved 1048576K
Event: 3.550 GC heap after
Heap after GC invocations=7 (full 1):
 PSYoungGen      total 98304K, used 6769K [0x00000000e0000000, 0x00000000e6e00000, 0x0000000100000000)
  eden space 91136K, 0% used [0x00000000e0000000,0x00000000e0000000,0x00000000e5900000)
  from space 7168K, 94% used [0x00000000e6700000,0x00000000e6d9c678,0x00000000e6e00000)
  to   space 10240K, 0% used [0x00000000e5a00000,0x00000000e5a00000,0x00000000e6400000)
 ParOldGen       total 65536K, used 12056K [0x00000000a0000000, 0x00000000a4000000, 0x00000000e0000000)
  object space 65536K, 18% used [0x00000000a0000000,0x00000000a0bc6338,0x00000000a4000000)
 Metaspace       used 29419K, capacity 29870K, committed 30080K, reserved 1075200K
  class space    used 4001K, capacity 4153K, committed 4224K, reserved 1048576K
}
Event: 4.160 GC heap before
{Heap before GC invocations=8 (full 1):
 PSYoungGen      total 98304K, used 77701K [0x00000000e0000000, 0x00000000e6e00000, 0x0000000100000000)
  eden space 91136K, 77% used [0x00000000e0000000,0x00000000e4544de0,0x00000000e5900000)
  from space 7168K, 94% used [0x00000000e6700000,0x00000000e6d9c678,0x00000000e6e00000)
  to   space 10240K, 0% used [0x00000000e5a00000,0x00000000e5a00000,0x00000000e6400000)
 ParOldGen       total 65536K, used 12056K [0x00000000a0000000, 0x00000000a4000000, 0x00000000e0000000)
  object space 65536K, 18% used [0x00000000a0000000,0x00000000a0bc6338,0x00000000a4000000)
 Metaspace       used 34816K, capacity 35334K, committed 35496K, reserved 1079296K
  class space    used 4657K, capacity 4849K, committed 4864K, reserved 1048576K
Event: 4.186 GC heap after
Heap after GC invocations=8 (full 1):
 PSYoungGen      total 102400K, used 10239K [0x00000000e0000000, 0x00000000e9380000, 0x0000000100000000)
  eden space 92160K, 0% used [0x00000000e0000000,0x00000000e0000000,0x00000000e5a00000)
  from space 10240K, 99% used [0x00000000e5a00000,0x00000000e63fff58,0x00000000e6400000)
  to   space 12288K, 0% used [0x00000000e8780000,0x00000000e8780000,0x00000000e9380000)
 ParOldGen       total 65536K, used 13497K [0x00000000a0000000, 0x00000000a4000000, 0x00000000e0000000)
  object space 65536K, 20% used [0x00000000a0000000,0x00000000a0d2e470,0x00000000a4000000)
 Metaspace       used 34816K, capacity 35334K, committed 35496K, reserved 1079296K
  class space    used 4657K, capacity 4849K, committed 4864K, reserved 1048576K
}
Event: 4.186 GC heap before
{Heap before GC invocations=9 (full 2):
 PSYoungGen      total 102400K, used 10239K [0x00000000e0000000, 0x00000000e9380000, 0x0000000100000000)
  eden space 92160K, 0% used [0x00000000e0000000,0x00000000e0000000,0x00000000e5a00000)
  from space 10240K, 99% used [0x00000000e5a00000,0x00000000e63fff58,0x00000000e6400000)
  to   space 12288K, 0% used [0x00000000e8780000,0x00000000e8780000,0x00000000e9380000)
 ParOldGen       total 65536K, used 13497K [0x00000000a0000000, 0x00000000a4000000, 0x00000000e0000000)
  object space 65536K, 20% used [0x00000000a0000000,0x00000000a0d2e470,0x00000000a4000000)
 Metaspace       used 34816K, capacity 35334K, committed 35496K, reserved 1079296K
  class space    used 4657K, capacity 4849K, committed 4864K, reserved 1048576K
Event: 4.288 GC heap after
Heap after GC invocations=9 (full 2):
 PSYoungGen      total 102400K, used 0K [0x00000000e0000000, 0x00000000e9380000, 0x0000000100000000)
  eden space 92160K, 0% used [0x00000000e0000000,0x00000000e0000000,0x00000000e5a00000)
  from space 10240K, 0% used [0x00000000e5a00000,0x00000000e5a00000,0x00000000e6400000)
  to   space 12288K, 0% used [0x00000000e8780000,0x00000000e8780000,0x00000000e9380000)
 ParOldGen       total 103936K, used 17764K [0x00000000a0000000, 0x00000000a6580000, 0x00000000e0000000)
  object space 103936K, 17% used [0x00000000a0000000,0x00000000a11592e0,0x00000000a6580000)
 Metaspace       used 34816K, capacity 35334K, committed 35496K, reserved 1079296K
  class space    used 4657K, capacity 4849K, committed 4864K, reserved 1048576K
}
Event: 5.211 GC heap before
{Heap before GC invocations=10 (full 2):
 PSYoungGen      total 102400K, used 92160K [0x00000000e0000000, 0x00000000e9380000, 0x0000000100000000)
  eden space 92160K, 100% used [0x00000000e0000000,0x00000000e5a00000,0x00000000e5a00000)
  from space 10240K, 0% used [0x00000000e5a00000,0x00000000e5a00000,0x00000000e6400000)
  to   space 12288K, 0% used [0x00000000e8780000,0x00000000e8780000,0x00000000e9380000)
 ParOldGen       total 103936K, used 17764K [0x00000000a0000000, 0x00000000a6580000, 0x00000000e0000000)
  object space 103936K, 17% used [0x00000000a0000000,0x00000000a11592e0,0x00000000a6580000)
 Metaspace       used 42112K, capacity 42880K, committed 43264K, reserved 1087488K
  class space    used 5641K, capacity 5849K, committed 5888K, reserved 1048576K

Deoptimization events (10 events):
Event: 4.564 Thread 0x000000005972d000 Uncommon trap: reason=class_check action=maybe_recompile pc=0x000000000319cdb0 method=groovy.lang.MetaMethod.getMopName()Ljava/lang/String; @ 8
Event: 4.564 Thread 0x000000005972d000 Uncommon trap: reason=class_check action=maybe_recompile pc=0x000000000319cdb0 method=groovy.lang.MetaMethod.getMopName()Ljava/lang/String; @ 8
Event: 4.930 Thread 0x000000005972d000 Uncommon trap: reason=class_check action=maybe_recompile pc=0x0000000002f9c088 method=com.sun.org.apache.xerces.internal.impl.XMLDocumentFragmentScannerImpl$FragmentContentDriver.next()I @ 2200
Event: 4.931 Thread 0x000000005972d000 Uncommon trap: reason=class_check action=maybe_recompile pc=0x0000000002f9c07c method=com.sun.org.apache.xerces.internal.impl.XMLDocumentFragmentScannerImpl$FragmentContentDriver.next()I @ 435
Event: 4.931 Thread 0x000000005972d000 Uncommon trap: reason=class_check action=maybe_recompile pc=0x0000000002f9c07c method=com.sun.org.apache.xerces.internal.impl.XMLDocumentFragmentScannerImpl$FragmentContentDriver.next()I @ 435
Event: 4.931 Thread 0x000000005972d000 Uncommon trap: reason=class_check action=maybe_recompile pc=0x0000000002f9c07c method=com.sun.org.apache.xerces.internal.impl.XMLDocumentFragmentScannerImpl$FragmentContentDriver.next()I @ 435
Event: 4.965 Thread 0x000000005972d000 Uncommon trap: reason=unstable_if action=reinterpret pc=0x0000000002a1077c method=org.gradle.internal.logging.text.AbstractLineChoppingStyledTextOutput.doAppend(Ljava/lang/String;)V @ 98
Event: 5.014 Thread 0x000000005972d000 Uncommon trap: reason=unstable_if action=reinterpret pc=0x00000000030062ec method=java.lang.Integer.parseInt(Ljava/lang/String;I)I @ 197
Event: 5.079 Thread 0x000000005972d000 Uncommon trap: reason=class_check action=maybe_recompile pc=0x00000000033475f4 method=com.sun.org.apache.xerces.internal.impl.XMLDocumentFragmentScannerImpl$FragmentContentDriver.next()I @ 1392
Event: 5.109 Thread 0x000000005972d000 Uncommon trap: reason=class_check action=maybe_recompile pc=0x00000000033475f4 method=com.sun.org.apache.xerces.internal.impl.XMLDocumentFragmentScannerImpl$FragmentContentDriver.next()I @ 1392

Internal exceptions (10 events):
Event: 4.749 Thread 0x000000005972d000 Exception <a 'sun/nio/fs/WindowsException'> (0x00000000e38e25a0) thrown at [C:\src\android\AOSP-openjdk\external\jetbrains\jdk\hotspot\src\share\vm\prims\jni.cpp, line 709]
Event: 4.749 Thread 0x000000005972d000 Exception <a 'sun/nio/fs/WindowsException'> (0x00000000e38e3278) thrown at [C:\src\android\AOSP-openjdk\external\jetbrains\jdk\hotspot\src\share\vm\prims\jni.cpp, line 709]
Event: 4.749 Thread 0x000000005972d000 Exception <a 'sun/nio/fs/WindowsException'> (0x00000000e38e4f80) thrown at [C:\src\android\AOSP-openjdk\external\jetbrains\jdk\hotspot\src\share\vm\prims\jni.cpp, line 709]
Event: 4.749 Thread 0x000000005972d000 Exception <a 'sun/nio/fs/WindowsException'> (0x00000000e38e5c98) thrown at [C:\src\android\AOSP-openjdk\external\jetbrains\jdk\hotspot\src\share\vm\prims\jni.cpp, line 709]
Event: 4.750 Thread 0x000000005972d000 Exception <a 'sun/nio/fs/WindowsException'> (0x00000000e38e8e98) thrown at [C:\src\android\AOSP-openjdk\external\jetbrains\jdk\hotspot\src\share\vm\prims\jni.cpp, line 709]
Event: 4.750 Thread 0x000000005972d000 Exception <a 'sun/nio/fs/WindowsException'> (0x00000000e38e9be0) thrown at [C:\src\android\AOSP-openjdk\external\jetbrains\jdk\hotspot\src\share\vm\prims\jni.cpp, line 709]
Event: 4.750 Thread 0x000000005972d000 Exception <a 'sun/nio/fs/WindowsException'> (0x00000000e38eb960) thrown at [C:\src\android\AOSP-openjdk\external\jetbrains\jdk\hotspot\src\share\vm\prims\jni.cpp, line 709]
Event: 4.750 Thread 0x000000005972d000 Exception <a 'sun/nio/fs/WindowsException'> (0x00000000e38ec6e8) thrown at [C:\src\android\AOSP-openjdk\external\jetbrains\jdk\hotspot\src\share\vm\prims\jni.cpp, line 709]
Event: 4.756 Thread 0x000000005972d000 Exception <a 'java/lang/ClassNotFoundException': com/sun/org/glassfish/hk2/osgiresourcelocator/ServiceLoader> (0x00000000e3942e48) thrown at [C:\src\android\AOSP-openjdk\external\jetbrains\jdk\hotspot\src\share\vm\classfile\systemDictionary.cpp, line 210]
Event: 4.762 Thread 0x000000005972d000 Exception <a 'java/lang/NullPointerException'> (0x00000000e39781e0) thrown at [C:\src\android\AOSP-openjdk\external\jetbrains\jdk\hotspot\src\share\vm\interpreter\linkResolver.cpp, line 1280]

Events (10 events):
Event: 5.145 Thread 0x000000005972d000 DEOPT UNPACKING pc=0x00000000026275bf sp=0x000000005b38b908 mode 0
Event: 5.157 Thread 0x000000005972d000 DEOPT PACKING pc=0x000000000291840c sp=0x000000005b38ba30
Event: 5.157 Thread 0x000000005972d000 DEOPT UNPACKING pc=0x00000000026275bf sp=0x000000005b38b8a8 mode 0
Event: 5.185 Thread 0x000000005972d000 DEOPT PACKING pc=0x000000000291840c sp=0x000000005b38ba50
Event: 5.185 Thread 0x000000005972d000 DEOPT UNPACKING pc=0x00000000026275bf sp=0x000000005b38b8c8 mode 0
Event: 5.209 loading class com/sun/org/apache/xerces/internal/impl/xpath/regex/Op$UnionOp
Event: 5.210 loading class com/sun/org/apache/xerces/internal/impl/xpath/regex/Op$UnionOp done
Event: 5.210 loading class com/sun/org/apache/xerces/internal/impl/xpath/regex/Op$StringOp
Event: 5.210 loading class com/sun/org/apache/xerces/internal/impl/xpath/regex/Op$StringOp done
Event: 5.211 Executing VM operation: ParallelGCFailedAllocation


Dynamic libraries:
0x000000013f690000 - 0x000000013f6c1000 	C:\Program Files\Android\Android Studio\jre\bin\java.exe
0x00000000774d0000 - 0x000000007767a000 	C:\Windows\SYSTEM32\ntdll.dll
0x00000000773b0000 - 0x00000000774cf000 	C:\Windows\system32\kernel32.dll
0x000007fefd420000 - 0x000007fefd48a000 	C:\Windows\system32\KERNELBASE.dll
0x000007fefe110000 - 0x000007fefe1eb000 	C:\Windows\system32\ADVAPI32.dll
0x000007fefd9f0000 - 0x000007fefda8f000 	C:\Windows\system32\msvcrt.dll
0x000007fefe380000 - 0x000007fefe39f000 	C:\Windows\SYSTEM32\sechost.dll
0x000007fefd580000 - 0x000007fefd6ad000 	C:\Windows\system32\RPCRT4.dll
0x00000000772b0000 - 0x00000000773aa000 	C:\Windows\system32\USER32.dll
0x000007fefd8e0000 - 0x000007fefd947000 	C:\Windows\system32\GDI32.dll
0x000007fefea40000 - 0x000007fefea4e000 	C:\Windows\system32\LPK.dll
0x000007fefe040000 - 0x000007fefe10b000 	C:\Windows\system32\USP10.dll
0x000007fefc840000 - 0x000007fefca34000 	C:\Windows\WinSxS\amd64_microsoft.windows.common-controls_6595b64144ccf1df_6.0.7601.18837_none_fa3b1e3d17594757\COMCTL32.dll
0x000007fefdcf0000 - 0x000007fefdd61000 	C:\Windows\system32\SHLWAPI.dll
0x000007fefdf00000 - 0x000007fefdf2e000 	C:\Windows\system32\IMM32.DLL
0x000007fefdf30000 - 0x000007fefe039000 	C:\Windows\system32\MSCTF.dll
0x00000000731d0000 - 0x00000000732a2000 	C:\Program Files\Android\Android Studio\jre\jre\bin\msvcr100.dll
0x0000000066160000 - 0x000000006699c000 	C:\Program Files\Android\Android Studio\jre\jre\bin\server\jvm.dll
0x000007fef8660000 - 0x000007fef8669000 	C:\Windows\system32\WSOCK32.dll
0x000007fefd6b0000 - 0x000007fefd6fd000 	C:\Windows\system32\WS2_32.dll
0x000007fefde10000 - 0x000007fefde18000 	C:\Windows\system32\NSI.dll
0x000007feefc40000 - 0x000007feefc7b000 	C:\Windows\system32\WINMM.dll
0x000007fefb980000 - 0x000007fefb98c000 	C:\Windows\system32\VERSION.dll
0x00000000776a0000 - 0x00000000776a7000 	C:\Windows\system32\PSAPI.DLL
0x000007fef8670000 - 0x000007fef867f000 	C:\Program Files\Android\Android Studio\jre\jre\bin\verify.dll
0x000007feeef70000 - 0x000007feeef99000 	C:\Program Files\Android\Android Studio\jre\jre\bin\java.dll
0x000007feeeef0000 - 0x000007feeef06000 	C:\Program Files\Android\Android Studio\jre\jre\bin\zip.dll
0x000007fefea50000 - 0x000007feff7da000 	C:\Windows\system32\SHELL32.dll
0x000007fefdaf0000 - 0x000007fefdcec000 	C:\Windows\system32\ole32.dll
0x000007fefd1c0000 - 0x000007fefd1cf000 	C:\Windows\system32\profapi.dll
0x000007feedb10000 - 0x000007feedb2a000 	C:\Program Files\Android\Android Studio\jre\jre\bin\net.dll
0x000007fefc6d0000 - 0x000007fefc725000 	C:\Windows\system32\mswsock.dll
0x000007fefc6c0000 - 0x000007fefc6c7000 	C:\Windows\System32\wship6.dll
0x000007feedb30000 - 0x000007feedb41000 	C:\Program Files\Android\Android Studio\jre\jre\bin\nio.dll
0x000007fede420000 - 0x000007fede43e000 	C:\Users\user\.gradle\native\23\windows-amd64\native-platform.dll
0x000007fefc730000 - 0x000007fefc748000 	C:\Windows\system32\CRYPTSP.dll
0x000007fefc430000 - 0x000007fefc477000 	C:\Windows\system32\rsaenh.dll
0x000007fefd360000 - 0x000007fefd37e000 	C:\Windows\system32\USERENV.dll
0x000007fefd060000 - 0x000007fefd06f000 	C:\Windows\system32\CRYPTBASE.dll
0x000007fefaf90000 - 0x000007fefafb7000 	C:\Windows\system32\IPHLPAPI.DLL
0x000007fefaf80000 - 0x000007fefaf8b000 	C:\Windows\system32\WINNSI.DLL
0x000007fefbe20000 - 0x000007fefbe31000 	C:\Windows\system32\dhcpcsvc6.DLL
0x000007fefbda0000 - 0x000007fefbdb8000 	C:\Windows\system32\dhcpcsvc.DLL
0x000007feeeee0000 - 0x000007feeeeed000 	C:\Program Files\Android\Android Studio\jre\jre\bin\management.dll
0x000007fefd000000 - 0x000007fefd057000 	C:\Windows\system32\apphelp.dll
0x000007feef150000 - 0x000007feef275000 	C:\Windows\system32\dbghelp.dll

VM Arguments:
jvm_args: -Xmx1536m -Dfile.encoding=windows-1251 -Duser.country=RU -Duser.language=ru -Duser.variant 
java_command: org.gradle.launcher.daemon.bootstrap.GradleDaemon 3.3
java_class_path (initial): C:\Users\user\.gradle\wrapper\dists\gradle-3.3-all\55gk2rcmfc6p2dg9u9ohc3hw9\gradle-3.3\lib\gradle-launcher-3.3.jar
Launcher Type: SUN_STANDARD

Environment Variables:
PATH=C:\ProgramData\Oracle\Java\javapath;C:\Program Files (x86)\Embarcadero\Studio\17.0\bin;C:\Users\Public\Documents\Embarcadero\Studio\17.0\Bpl;C:\Program Files (x86)\Embarcadero\Studio\17.0\bin64;C:\Users\Public\Documents\Embarcadero\Studio\17.0\Bpl\Win64;C:\Program Files (x86)\Borland\Delphi7\Bin;C:\Program Files (x86)\Borland\Delphi7\Projects\Bpl\;C:\Windows\system32;C:\Windows;C:\Windows\System32\Wbem;C:\Windows\System32\WindowsPowerShell\v1.0\;C:\Program Files (x86)\NVIDIA Corporation\PhysX\Common;C:\Program Files (x86)\Windows Kits\8.1\Windows Performance Toolkit\;C:\Program Files\Microsoft SQL Server\110\Tools\Binn\;C:\Program Files (x86)\Microsoft SDKs\TypeScript\1.0\;C:\Program Files\Microsoft SQL Server\120\Tools\Binn\;C:\Users\user\.dnx\bin;C:\Program Files\Microsoft DNX\Dnvm\;C:\Program Files (x86)\Microsoft SQL Server\100\Tools\Binn\;C:\Program Files\Microsoft SQL Server\100\Tools\Binn\;C:\Program Files\Microsoft SQL Server\100\DTS\Binn\;C:\Program Files (x86)\Microsoft SQL Server\100\Tools\Binn\VSS
USERNAME=user
OS=Windows_NT
PROCESSOR_IDENTIFIER=Intel64 Family 6 Model 60 Stepping 3, GenuineIntel



---------------  S Y S T E M  ---------------

OS: Windows 7 , 64 bit Build 7601 (6.1.7601.23915)

CPU:total 4 (2 cores per cpu, 2 threads per core) family 6 model 60 stepping 3, cmov, cx8, fxsr, mmx, sse, sse2, sse3, ssse3, sse4.1, sse4.2, popcnt, avx, avx2, aes, clmul, erms, lzcnt, ht, tsc, tscinvbit, bmi1, bmi2

Memory: 4k page, physical 8325648k(1972040k free), swap 16649436k(9391044k free)

vm_info: OpenJDK 64-Bit Server VM (25.112-b06) for windows-amd64 JRE (1.8.0_112-release-b06), built on Dec  8 2016 00:54:26 by "builder" with MS VC++ 10.0 (VS2010)

time: Wed Jan 03 14:41:50 2018
elapsed time: 5 seconds (0d 0h 0m 5s)

